<?xml version="1.0" encoding="UTF-8"?>
<coverage generated="1633614125541" clover="3.2.0">
  <project timestamp="1633614125541" name="All files">
    <metrics statements="448" coveredstatements="386" conditionals="376" coveredconditionals="281" methods="171" coveredmethods="139" elements="995" coveredelements="806" complexity="0" loc="448" ncloc="448" packages="39" files="57" classes="57"/>
    <package name="src">
      <metrics statements="3" coveredstatements="1" conditionals="0" coveredconditionals="0" methods="1" coveredmethods="1"/>
      <file name="App.tsx" path="/Users/dheerajagrawal/Work/Womply/react-shared-components/src/App.tsx">
        <metrics statements="1" coveredstatements="1" conditionals="0" coveredconditionals="0" methods="1" coveredmethods="1"/>
        <line num="10" count="1" type="stmt"/>
      </file>
      <file name="index.tsx" path="/Users/dheerajagrawal/Work/Womply/react-shared-components/src/index.tsx">
        <metrics statements="2" coveredstatements="0" conditionals="0" coveredconditionals="0" methods="0" coveredmethods="0"/>
        <line num="7" count="0" type="stmt"/>
        <line num="12" count="0" type="stmt"/>
      </file>
    </package>
    <package name="src.lib.components.accordian">
      <metrics statements="5" coveredstatements="5" conditionals="1" coveredconditionals="1" methods="1" coveredmethods="1"/>
      <file name="index.tsx" path="/Users/dheerajagrawal/Work/Womply/react-shared-components/src/lib/components/accordian/index.tsx">
        <metrics statements="2" coveredstatements="2" conditionals="1" coveredconditionals="1" methods="1" coveredmethods="1"/>
        <line num="6" count="1" type="cond" truecount="1" falsecount="0"/>
        <line num="7" count="2" type="stmt"/>
      </file>
      <file name="ui-elements.tsx" path="/Users/dheerajagrawal/Work/Womply/react-shared-components/src/lib/components/accordian/ui-elements.tsx">
        <metrics statements="3" coveredstatements="3" conditionals="0" coveredconditionals="0" methods="0" coveredmethods="0"/>
        <line num="5" count="1" type="stmt"/>
        <line num="12" count="1" type="stmt"/>
        <line num="16" count="1" type="stmt"/>
      </file>
    </package>
    <package name="src.lib.components.brand">
      <metrics statements="3" coveredstatements="3" conditionals="3" coveredconditionals="3" methods="1" coveredmethods="1"/>
      <file name="index.tsx" path="/Users/dheerajagrawal/Work/Womply/react-shared-components/src/lib/components/brand/index.tsx">
        <metrics statements="0" coveredstatements="0" conditionals="0" coveredconditionals="0" methods="0" coveredmethods="0"/>
      </file>
      <file name="ui-elements.tsx" path="/Users/dheerajagrawal/Work/Womply/react-shared-components/src/lib/components/brand/ui-elements.tsx">
        <metrics statements="3" coveredstatements="3" conditionals="3" coveredconditionals="3" methods="1" coveredmethods="1"/>
        <line num="5" count="3" type="stmt"/>
        <line num="17" count="3" type="cond" truecount="1" falsecount="0"/>
        <line num="18" count="3" type="stmt"/>
      </file>
    </package>
    <package name="src.lib.components.business-dropdown">
      <metrics statements="0" coveredstatements="0" conditionals="0" coveredconditionals="0" methods="0" coveredmethods="0"/>
      <file name="interfaces.tsx" path="/Users/dheerajagrawal/Work/Womply/react-shared-components/src/lib/components/business-dropdown/interfaces.tsx">
        <metrics statements="0" coveredstatements="0" conditionals="0" coveredconditionals="0" methods="0" coveredmethods="0"/>
      </file>
    </package>
    <package name="src.lib.components.business-dropdown.business-dropdown-main">
      <metrics statements="12" coveredstatements="12" conditionals="2" coveredconditionals="1" methods="7" coveredmethods="7"/>
      <file name="business-dropdown.tsx" path="/Users/dheerajagrawal/Work/Womply/react-shared-components/src/lib/components/business-dropdown/business-dropdown-main/business-dropdown.tsx">
        <metrics statements="1" coveredstatements="1" conditionals="0" coveredconditionals="0" methods="0" coveredmethods="0"/>
        <line num="3" count="1" type="stmt"/>
      </file>
      <file name="index.tsx" path="/Users/dheerajagrawal/Work/Womply/react-shared-components/src/lib/components/business-dropdown/business-dropdown-main/index.tsx">
        <metrics statements="11" coveredstatements="11" conditionals="2" coveredconditionals="1" methods="7" coveredmethods="7"/>
        <line num="9" count="1" type="stmt"/>
        <line num="10" count="1" type="stmt"/>
        <line num="18" count="1" type="stmt"/>
        <line num="19" count="1" type="stmt"/>
        <line num="21" count="1" type="stmt"/>
        <line num="22" count="9" type="stmt"/>
        <line num="23" count="6" type="stmt"/>
        <line num="24" count="6" type="stmt"/>
        <line num="25" count="3" type="stmt"/>
        <line num="28" count="1" type="stmt"/>
        <line num="47" count="3" type="stmt"/>
      </file>
    </package>
    <package name="src.lib.components.business-hours-of-operation">
      <metrics statements="69" coveredstatements="57" conditionals="39" coveredconditionals="23" methods="30" coveredmethods="23"/>
      <file name="index.tsx" path="/Users/dheerajagrawal/Work/Womply/react-shared-components/src/lib/components/business-hours-of-operation/index.tsx">
        <metrics statements="55" coveredstatements="43" conditionals="39" coveredconditionals="23" methods="25" coveredmethods="18"/>
        <line num="23" count="1" type="cond" truecount="4" falsecount="0"/>
        <line num="24" count="13" type="stmt"/>
        <line num="25" count="13" type="stmt"/>
        <line num="27" count="13" type="stmt"/>
        <line num="29" count="13" type="stmt"/>
        <line num="33" count="13" type="stmt"/>
        <line num="43" count="13" type="stmt"/>
        <line num="44" count="4" type="stmt"/>
        <line num="45" count="4" type="stmt"/>
        <line num="48" count="13" type="stmt"/>
        <line num="49" count="0" type="cond" truecount="0" falsecount="2"/>
        <line num="50" count="0" type="cond" truecount="0" falsecount="2"/>
        <line num="51" count="0" type="stmt"/>
        <line num="53" count="0" type="stmt"/>
        <line num="55" count="0" type="stmt"/>
        <line num="58" count="13" type="stmt"/>
        <line num="59" count="1" type="stmt"/>
        <line num="60" count="1" type="stmt"/>
        <line num="61" count="1" type="stmt"/>
        <line num="64" count="13" type="stmt"/>
        <line num="65" count="2" type="stmt"/>
        <line num="66" count="2" type="stmt"/>
        <line num="69" count="13" type="stmt"/>
        <line num="70" count="1" type="stmt"/>
        <line num="71" count="1" type="cond" truecount="2" falsecount="0"/>
        <line num="72" count="1" type="cond" truecount="1" falsecount="1"/>
        <line num="73" count="1" type="cond" truecount="1" falsecount="1"/>
        <line num="74" count="0" type="stmt"/>
        <line num="76" count="1" type="stmt"/>
        <line num="78" count="7" type="stmt"/>
        <line num="80" count="0" type="stmt"/>
        <line num="82" count="1" type="cond" truecount="1" falsecount="1"/>
        <line num="83" count="1" type="cond" truecount="1" falsecount="1"/>
        <line num="86" count="13" type="stmt"/>
        <line num="87" count="2" type="stmt"/>
        <line num="88" count="2" type="cond" truecount="2" falsecount="0"/>
        <line num="91" count="13" type="cond" truecount="0" falsecount="1"/>
        <line num="92" count="0" type="cond" truecount="0" falsecount="2"/>
        <line num="93" count="0" type="stmt"/>
        <line num="96" count="13" type="stmt"/>
        <line num="97" count="91" type="stmt"/>
        <line num="98" count="13" type="stmt"/>
        <line num="99" count="13" type="stmt"/>
        <line num="102" count="16" type="cond" truecount="7" falsecount="1"/>
        <line num="104" count="13" type="stmt"/>
        <line num="105" count="13" type="stmt"/>
        <line num="107" count="13" type="stmt"/>
        <line num="108" count="16" type="stmt"/>
        <line num="129" count="0" type="cond" truecount="0" falsecount="2"/>
        <line num="135" count="0" type="cond" truecount="0" falsecount="2"/>
        <line num="146" count="13" type="stmt"/>
        <line num="151" count="0" type="stmt"/>
        <line num="164" count="1" type="stmt"/>
        <line num="175" count="1" type="stmt"/>
        <line num="179" count="1" type="stmt"/>
      </file>
      <file name="interfaces.tsx" path="/Users/dheerajagrawal/Work/Womply/react-shared-components/src/lib/components/business-hours-of-operation/interfaces.tsx">
        <metrics statements="0" coveredstatements="0" conditionals="0" coveredconditionals="0" methods="0" coveredmethods="0"/>
      </file>
      <file name="ui-elements.tsx" path="/Users/dheerajagrawal/Work/Womply/react-shared-components/src/lib/components/business-hours-of-operation/ui-elements.tsx">
        <metrics statements="14" coveredstatements="14" conditionals="0" coveredconditionals="0" methods="5" coveredmethods="5"/>
        <line num="6" count="2" type="stmt"/>
        <line num="11" count="2" type="stmt"/>
        <line num="16" count="2" type="stmt"/>
        <line num="19" count="96" type="stmt"/>
        <line num="20" count="96" type="stmt"/>
        <line num="23" count="2" type="stmt"/>
        <line num="24" count="199" type="stmt"/>
        <line num="25" count="199" type="stmt"/>
        <line num="28" count="2" type="stmt"/>
        <line num="33" count="2" type="stmt"/>
        <line num="35" count="8" type="stmt"/>
        <line num="38" count="2" type="stmt"/>
        <line num="43" count="2" type="stmt"/>
        <line num="47" count="2" type="stmt"/>
      </file>
    </package>
    <package name="src.lib.components.business-hours-of-operation.antd-timepicker">
      <metrics statements="8" coveredstatements="5" conditionals="9" coveredconditionals="5" methods="5" coveredmethods="2"/>
      <file name="index.tsx" path="/Users/dheerajagrawal/Work/Womply/react-shared-components/src/lib/components/business-hours-of-operation/antd-timepicker/index.tsx">
        <metrics statements="8" coveredstatements="5" conditionals="9" coveredconditionals="5" methods="5" coveredmethods="2"/>
        <line num="8" count="2" type="stmt"/>
        <line num="10" count="2" type="cond" truecount="1" falsecount="0"/>
        <line num="11" count="18" type="stmt"/>
        <line num="19" count="0" type="stmt"/>
        <line num="20" count="1" type="stmt"/>
        <line num="21" count="0" type="cond" truecount="0" falsecount="2"/>
        <line num="22" count="0" type="cond" truecount="0" falsecount="2"/>
        <line num="28" count="2" type="stmt"/>
      </file>
    </package>
    <package name="src.lib.components.business-hours-of-operation.daily-business-hours">
      <metrics statements="8" coveredstatements="8" conditionals="18" coveredconditionals="17" methods="4" coveredmethods="4"/>
      <file name="index.tsx" path="/Users/dheerajagrawal/Work/Womply/react-shared-components/src/lib/components/business-hours-of-operation/daily-business-hours/index.tsx">
        <metrics statements="8" coveredstatements="8" conditionals="18" coveredconditionals="17" methods="4" coveredmethods="4"/>
        <line num="15" count="2" type="stmt"/>
        <line num="17" count="96" type="cond" truecount="2" falsecount="0"/>
        <line num="18" count="96" type="cond" truecount="1" falsecount="1"/>
        <line num="20" count="96" type="stmt"/>
        <line num="21" count="96" type="cond" truecount="2" falsecount="0"/>
        <line num="29" count="93" type="stmt"/>
        <line num="39" count="96" type="stmt"/>
        <line num="47" count="4" type="cond" truecount="4" falsecount="0"/>
      </file>
    </package>
    <package name="src.lib.components.business-hours-of-operation.material-popover">
      <metrics statements="8" coveredstatements="8" conditionals="2" coveredconditionals="2" methods="3" coveredmethods="2"/>
      <file name="index.tsx" path="/Users/dheerajagrawal/Work/Womply/react-shared-components/src/lib/components/business-hours-of-operation/material-popover/index.tsx">
        <metrics statements="8" coveredstatements="8" conditionals="2" coveredconditionals="2" methods="3" coveredmethods="2"/>
        <line num="4" count="2" type="stmt"/>
        <line num="5" count="18" type="stmt"/>
        <line num="7" count="18" type="stmt"/>
        <line num="8" count="8" type="stmt"/>
        <line num="12" count="18" type="stmt"/>
        <line num="14" count="18" type="stmt"/>
        <line num="15" count="18" type="cond" truecount="2" falsecount="0"/>
        <line num="17" count="18" type="stmt"/>
      </file>
    </package>
    <package name="src.lib.components.button">
      <metrics statements="5" coveredstatements="5" conditionals="5" coveredconditionals="5" methods="1" coveredmethods="1"/>
      <file name="index.tsx" path="/Users/dheerajagrawal/Work/Womply/react-shared-components/src/lib/components/button/index.tsx">
        <metrics statements="0" coveredstatements="0" conditionals="0" coveredconditionals="0" methods="0" coveredmethods="0"/>
      </file>
      <file name="ui-elements.tsx" path="/Users/dheerajagrawal/Work/Womply/react-shared-components/src/lib/components/button/ui-elements.tsx">
        <metrics statements="5" coveredstatements="5" conditionals="5" coveredconditionals="5" methods="1" coveredmethods="1"/>
        <line num="7" count="3" type="stmt"/>
        <line num="15" count="3" type="stmt"/>
        <line num="22" count="3" type="stmt"/>
        <line num="25" count="3" type="cond" truecount="2" falsecount="0"/>
        <line num="27" count="3" type="stmt"/>
      </file>
    </package>
    <package name="src.lib.components.circular-percentage-progress">
      <metrics statements="15" coveredstatements="13" conditionals="11" coveredconditionals="8" methods="4" coveredmethods="4"/>
      <file name="ui-elements.tsx" path="/Users/dheerajagrawal/Work/Womply/react-shared-components/src/lib/components/circular-percentage-progress/ui-elements.tsx">
        <metrics statements="15" coveredstatements="13" conditionals="11" coveredconditionals="8" methods="4" coveredmethods="4"/>
        <line num="6" count="1" type="stmt"/>
        <line num="7" count="1" type="stmt"/>
        <line num="22" count="1" type="stmt"/>
        <line num="27" count="1" type="stmt"/>
        <line num="28" count="2" type="cond" truecount="1" falsecount="1"/>
        <line num="29" count="2" type="stmt"/>
        <line num="30" count="2" type="cond" truecount="3" falsecount="0"/>
        <line num="32" count="0" type="stmt"/>
        <line num="35" count="1" type="stmt"/>
        <line num="36" count="4" type="cond" truecount="1" falsecount="1"/>
        <line num="37" count="4" type="stmt"/>
        <line num="39" count="0" type="stmt"/>
        <line num="47" count="1" type="stmt"/>
        <line num="48" count="2" type="stmt"/>
        <line num="50" count="2" type="stmt"/>
      </file>
    </package>
    <package name="src.lib.components.confirmation-modal">
      <metrics statements="3" coveredstatements="3" conditionals="2" coveredconditionals="0" methods="1" coveredmethods="1"/>
      <file name="index.tsx" path="/Users/dheerajagrawal/Work/Womply/react-shared-components/src/lib/components/confirmation-modal/index.tsx">
        <metrics statements="0" coveredstatements="0" conditionals="0" coveredconditionals="0" methods="0" coveredmethods="0"/>
      </file>
      <file name="ui-elements.tsx" path="/Users/dheerajagrawal/Work/Womply/react-shared-components/src/lib/components/confirmation-modal/ui-elements.tsx">
        <metrics statements="3" coveredstatements="3" conditionals="2" coveredconditionals="0" methods="1" coveredmethods="1"/>
        <line num="7" count="1" type="stmt"/>
        <line num="17" count="1" type="stmt"/>
        <line num="19" count="1" type="stmt"/>
      </file>
    </package>
    <package name="src.lib.components.connection-tile">
      <metrics statements="17" coveredstatements="15" conditionals="10" coveredconditionals="7" methods="3" coveredmethods="2"/>
      <file name="index.tsx" path="/Users/dheerajagrawal/Work/Womply/react-shared-components/src/lib/components/connection-tile/index.tsx">
        <metrics statements="0" coveredstatements="0" conditionals="0" coveredconditionals="0" methods="0" coveredmethods="0"/>
      </file>
      <file name="ui-elements.tsx" path="/Users/dheerajagrawal/Work/Womply/react-shared-components/src/lib/components/connection-tile/ui-elements.tsx">
        <metrics statements="17" coveredstatements="15" conditionals="10" coveredconditionals="7" methods="3" coveredmethods="2"/>
        <line num="10" count="1" type="stmt"/>
        <line num="38" count="1" type="stmt"/>
        <line num="48" count="1" type="stmt"/>
        <line num="53" count="1" type="stmt"/>
        <line num="61" count="1" type="stmt"/>
        <line num="71" count="1" type="stmt"/>
        <line num="83" count="1" type="stmt"/>
        <line num="88" count="1" type="stmt"/>
        <line num="108" count="1" type="stmt"/>
        <line num="109" count="4" type="stmt"/>
        <line num="110" count="4" type="cond" truecount="3" falsecount="1"/>
        <line num="112" count="1" type="stmt"/>
        <line num="114" count="1" type="stmt"/>
        <line num="116" count="0" type="stmt"/>
        <line num="118" count="2" type="stmt"/>
        <line num="122" count="4" type="stmt"/>
        <line num="124" count="0" type="cond" truecount="0" falsecount="2"/>
      </file>
    </package>
    <package name="src.lib.components.content-card">
      <metrics statements="4" coveredstatements="4" conditionals="2" coveredconditionals="2" methods="1" coveredmethods="1"/>
      <file name="index.tsx" path="/Users/dheerajagrawal/Work/Womply/react-shared-components/src/lib/components/content-card/index.tsx">
        <metrics statements="0" coveredstatements="0" conditionals="0" coveredconditionals="0" methods="0" coveredmethods="0"/>
      </file>
      <file name="ui-elements.tsx" path="/Users/dheerajagrawal/Work/Womply/react-shared-components/src/lib/components/content-card/ui-elements.tsx">
        <metrics statements="4" coveredstatements="4" conditionals="2" coveredconditionals="2" methods="1" coveredmethods="1"/>
        <line num="5" count="1" type="stmt"/>
        <line num="10" count="1" type="stmt"/>
        <line num="18" count="1" type="stmt"/>
        <line num="19" count="2" type="stmt"/>
      </file>
    </package>
    <package name="src.lib.components.content-panel">
      <metrics statements="5" coveredstatements="5" conditionals="0" coveredconditionals="0" methods="1" coveredmethods="1"/>
      <file name="index.tsx" path="/Users/dheerajagrawal/Work/Womply/react-shared-components/src/lib/components/content-panel/index.tsx">
        <metrics statements="0" coveredstatements="0" conditionals="0" coveredconditionals="0" methods="0" coveredmethods="0"/>
      </file>
      <file name="ui-elements.tsx" path="/Users/dheerajagrawal/Work/Womply/react-shared-components/src/lib/components/content-panel/ui-elements.tsx">
        <metrics statements="5" coveredstatements="5" conditionals="0" coveredconditionals="0" methods="1" coveredmethods="1"/>
        <line num="4" count="1" type="stmt"/>
        <line num="8" count="1" type="stmt"/>
        <line num="29" count="1" type="stmt"/>
        <line num="34" count="1" type="stmt"/>
        <line num="35" count="1" type="stmt"/>
      </file>
    </package>
    <package name="src.lib.components.dropdown">
      <metrics statements="3" coveredstatements="3" conditionals="2" coveredconditionals="2" methods="2" coveredmethods="2"/>
      <file name="index.tsx" path="/Users/dheerajagrawal/Work/Womply/react-shared-components/src/lib/components/dropdown/index.tsx">
        <metrics statements="3" coveredstatements="3" conditionals="2" coveredconditionals="2" methods="2" coveredmethods="2"/>
        <line num="15" count="1" type="stmt"/>
        <line num="21" count="2" type="stmt"/>
        <line num="44" count="2" type="stmt"/>
      </file>
    </package>
    <package name="src.lib.components.form-error-message">
      <metrics statements="4" coveredstatements="4" conditionals="0" coveredconditionals="0" methods="1" coveredmethods="1"/>
      <file name="index.tsx" path="/Users/dheerajagrawal/Work/Womply/react-shared-components/src/lib/components/form-error-message/index.tsx">
        <metrics statements="4" coveredstatements="4" conditionals="0" coveredconditionals="0" methods="1" coveredmethods="1"/>
        <line num="5" count="1" type="stmt"/>
        <line num="10" count="1" type="stmt"/>
        <line num="16" count="1" type="stmt"/>
        <line num="17" count="1" type="stmt"/>
      </file>
    </package>
    <package name="src.lib.components.milestones">
      <metrics statements="0" coveredstatements="0" conditionals="0" coveredconditionals="0" methods="0" coveredmethods="0"/>
      <file name="interfaces.tsx" path="/Users/dheerajagrawal/Work/Womply/react-shared-components/src/lib/components/milestones/interfaces.tsx">
        <metrics statements="0" coveredstatements="0" conditionals="0" coveredconditionals="0" methods="0" coveredmethods="0"/>
      </file>
    </package>
    <package name="src.lib.components.milestones.milestones-bubble">
      <metrics statements="22" coveredstatements="19" conditionals="8" coveredconditionals="3" methods="7" coveredmethods="5"/>
      <file name="index.tsx" path="/Users/dheerajagrawal/Work/Womply/react-shared-components/src/lib/components/milestones/milestones-bubble/index.tsx">
        <metrics statements="16" coveredstatements="13" conditionals="8" coveredconditionals="3" methods="7" coveredmethods="5"/>
        <line num="16" count="2" type="stmt"/>
        <line num="17" count="5" type="stmt"/>
        <line num="18" count="5" type="stmt"/>
        <line num="19" count="5" type="stmt"/>
        <line num="20" count="5" type="stmt"/>
        <line num="22" count="5" type="stmt"/>
        <line num="23" count="1" type="cond" truecount="1" falsecount="1"/>
        <line num="24" count="0" type="cond" truecount="0" falsecount="2"/>
        <line num="25" count="0" type="stmt"/>
        <line num="28" count="1" type="cond" truecount="1" falsecount="1"/>
        <line num="29" count="1" type="cond" truecount="1" falsecount="1"/>
        <line num="30" count="1" type="stmt"/>
        <line num="36" count="5" type="stmt"/>
        <line num="41" count="0" type="stmt"/>
        <line num="56" count="45" type="stmt"/>
        <line num="66" count="1" type="stmt"/>
      </file>
      <file name="ui-elements.tsx" path="/Users/dheerajagrawal/Work/Womply/react-shared-components/src/lib/components/milestones/milestones-bubble/ui-elements.tsx">
        <metrics statements="6" coveredstatements="6" conditionals="0" coveredconditionals="0" methods="0" coveredmethods="0"/>
        <line num="4" count="2" type="stmt"/>
        <line num="30" count="2" type="stmt"/>
        <line num="51" count="2" type="stmt"/>
        <line num="71" count="2" type="stmt"/>
        <line num="81" count="2" type="stmt"/>
        <line num="90" count="2" type="stmt"/>
      </file>
    </package>
    <package name="src.lib.components.milestones.milestones-main">
      <metrics statements="4" coveredstatements="3" conditionals="0" coveredconditionals="0" methods="2" coveredmethods="1"/>
      <file name="index.tsx" path="/Users/dheerajagrawal/Work/Womply/react-shared-components/src/lib/components/milestones/milestones-main/index.tsx">
        <metrics statements="3" coveredstatements="2" conditionals="0" coveredconditionals="0" methods="2" coveredmethods="1"/>
        <line num="7" count="1" type="stmt"/>
        <line num="8" count="1" type="stmt"/>
        <line num="9" count="0" type="stmt"/>
      </file>
      <file name="milestones.tsx" path="/Users/dheerajagrawal/Work/Womply/react-shared-components/src/lib/components/milestones/milestones-main/milestones.tsx">
        <metrics statements="1" coveredstatements="1" conditionals="0" coveredconditionals="0" methods="0" coveredmethods="0"/>
        <line num="3" count="1" type="stmt"/>
      </file>
    </package>
    <package name="src.lib.components.milestones.milestones-progress-circle">
      <metrics statements="10" coveredstatements="9" conditionals="4" coveredconditionals="2" methods="1" coveredmethods="1"/>
      <file name="index.tsx" path="/Users/dheerajagrawal/Work/Womply/react-shared-components/src/lib/components/milestones/milestones-progress-circle/index.tsx">
        <metrics statements="8" coveredstatements="7" conditionals="4" coveredconditionals="2" methods="1" coveredmethods="1"/>
        <line num="6" count="2" type="stmt"/>
        <line num="7" count="2" type="stmt"/>
        <line num="8" count="2" type="stmt"/>
        <line num="9" count="2" type="cond" truecount="1" falsecount="1"/>
        <line num="11" count="2" type="cond" truecount="1" falsecount="1"/>
        <line num="12" count="0" type="stmt"/>
        <line num="14" count="2" type="stmt"/>
        <line num="17" count="2" type="stmt"/>
      </file>
      <file name="milestones-progress-circle.tsx" path="/Users/dheerajagrawal/Work/Womply/react-shared-components/src/lib/components/milestones/milestones-progress-circle/milestones-progress-circle.tsx">
        <metrics statements="2" coveredstatements="2" conditionals="0" coveredconditionals="0" methods="0" coveredmethods="0"/>
        <line num="4" count="2" type="stmt"/>
        <line num="15" count="2" type="stmt"/>
      </file>
    </package>
    <package name="src.lib.components.navigation.side-navigation">
      <metrics statements="15" coveredstatements="0" conditionals="3" coveredconditionals="0" methods="7" coveredmethods="0"/>
      <file name="index.tsx" path="/Users/dheerajagrawal/Work/Womply/react-shared-components/src/lib/components/navigation/side-navigation/index.tsx">
        <metrics statements="15" coveredstatements="0" conditionals="3" coveredconditionals="0" methods="7" coveredmethods="0"/>
        <line num="19" count="0" type="stmt"/>
        <line num="21" count="0" type="stmt"/>
        <line num="105" count="0" type="stmt"/>
        <line num="168" count="0" type="stmt"/>
        <line num="176" count="0" type="stmt"/>
        <line num="199" count="0" type="stmt"/>
        <line num="206" count="0" type="stmt"/>
        <line num="226" count="0" type="stmt"/>
        <line num="232" count="0" type="stmt"/>
        <line num="250" count="0" type="stmt"/>
        <line num="259" count="0" type="stmt"/>
        <line num="265" count="0" type="stmt"/>
        <line num="267" count="0" type="stmt"/>
        <line num="281" count="0" type="stmt"/>
        <line num="303" count="0" type="stmt"/>
      </file>
    </package>
    <package name="src.lib.components.overlay">
      <metrics statements="6" coveredstatements="0" conditionals="10" coveredconditionals="0" methods="2" coveredmethods="0"/>
      <file name="ui-elements.tsx" path="/Users/dheerajagrawal/Work/Womply/react-shared-components/src/lib/components/overlay/ui-elements.tsx">
        <metrics statements="6" coveredstatements="0" conditionals="10" coveredconditionals="0" methods="2" coveredmethods="0"/>
        <line num="7" count="0" type="stmt"/>
        <line num="32" count="0" type="stmt"/>
        <line num="40" count="0" type="stmt"/>
        <line num="41" count="0" type="stmt"/>
        <line num="43" count="0" type="stmt"/>
        <line num="46" count="0" type="cond" truecount="0" falsecount="2"/>
      </file>
    </package>
    <package name="src.lib.components.page-layout">
      <metrics statements="11" coveredstatements="11" conditionals="14" coveredconditionals="12" methods="2" coveredmethods="2"/>
      <file name="index.tsx" path="/Users/dheerajagrawal/Work/Womply/react-shared-components/src/lib/components/page-layout/index.tsx">
        <metrics statements="11" coveredstatements="11" conditionals="14" coveredconditionals="12" methods="2" coveredmethods="2"/>
        <line num="5" count="1" type="cond" truecount="1" falsecount="1"/>
        <line num="6" count="1" type="cond" truecount="1" falsecount="1"/>
        <line num="8" count="1" type="stmt"/>
        <line num="9" count="1" type="stmt"/>
        <line num="22" count="1" type="stmt"/>
        <line num="27" count="1" type="stmt"/>
        <line num="34" count="1" type="stmt"/>
        <line num="39" count="1" type="stmt"/>
        <line num="52" count="1" type="stmt"/>
        <line num="60" count="1" type="stmt"/>
        <line num="61" count="1" type="stmt"/>
      </file>
    </package>
    <package name="src.lib.components.pagination">
      <metrics statements="17" coveredstatements="17" conditionals="25" coveredconditionals="17" methods="3" coveredmethods="3"/>
      <file name="index.tsx" path="/Users/dheerajagrawal/Work/Womply/react-shared-components/src/lib/components/pagination/index.tsx">
        <metrics statements="17" coveredstatements="17" conditionals="25" coveredconditionals="17" methods="3" coveredmethods="3"/>
        <line num="7" count="1" type="stmt"/>
        <line num="66" count="1" type="stmt"/>
        <line num="77" count="3" type="stmt"/>
        <line num="88" count="3" type="stmt"/>
        <line num="90" count="3" type="stmt"/>
        <line num="103" count="27" type="cond" truecount="2" falsecount="0"/>
        <line num="104" count="1" type="stmt"/>
        <line num="107" count="26" type="cond" truecount="2" falsecount="0"/>
        <line num="108" count="1" type="stmt"/>
        <line num="111" count="25" type="cond" truecount="4" falsecount="0"/>
        <line num="112" count="4" type="stmt"/>
        <line num="115" count="21" type="cond" truecount="4" falsecount="0"/>
        <line num="116" count="3" type="cond" truecount="1" falsecount="1"/>
        <line num="117" count="3" type="stmt"/>
        <line num="120" count="18" type="cond" truecount="4" falsecount="0"/>
        <line num="121" count="3" type="stmt"/>
        <line num="124" count="15" type="stmt"/>
      </file>
    </package>
    <package name="src.lib.components.phone-input">
      <metrics statements="7" coveredstatements="0" conditionals="7" coveredconditionals="0" methods="3" coveredmethods="0"/>
      <file name="index.tsx" path="/Users/dheerajagrawal/Work/Womply/react-shared-components/src/lib/components/phone-input/index.tsx">
        <metrics statements="7" coveredstatements="0" conditionals="7" coveredconditionals="0" methods="3" coveredmethods="0"/>
        <line num="11" count="0" type="stmt"/>
        <line num="13" count="0" type="stmt"/>
        <line num="14" count="0" type="stmt"/>
        <line num="16" count="0" type="stmt"/>
        <line num="20" count="0" type="cond" truecount="0" falsecount="2"/>
        <line num="30" count="0" type="stmt"/>
        <line num="40" count="0" type="stmt"/>
      </file>
    </package>
    <package name="src.lib.components.preview-banner">
      <metrics statements="18" coveredstatements="17" conditionals="17" coveredconditionals="12" methods="11" coveredmethods="10"/>
      <file name="index.tsx" path="/Users/dheerajagrawal/Work/Womply/react-shared-components/src/lib/components/preview-banner/index.tsx">
        <metrics statements="13" coveredstatements="12" conditionals="17" coveredconditionals="12" methods="7" coveredmethods="6"/>
        <line num="13" count="1" type="stmt"/>
        <line num="21" count="3" type="stmt"/>
        <line num="23" count="3" type="cond" truecount="0" falsecount="1"/>
        <line num="25" count="8" type="cond" truecount="2" falsecount="2"/>
        <line num="27" count="6" type="cond" truecount="2" falsecount="0"/>
        <line num="28" count="2" type="cond" truecount="2" falsecount="0"/>
        <line num="29" count="1" type="cond" truecount="1" falsecount="1"/>
        <line num="30" count="1" type="stmt"/>
        <line num="31" count="1" type="stmt"/>
        <line num="32" count="1" type="stmt"/>
        <line num="33" count="1" type="stmt"/>
        <line num="38" count="0" type="stmt"/>
        <line num="43" count="3" type="stmt"/>
      </file>
      <file name="interfaces.tsx" path="/Users/dheerajagrawal/Work/Womply/react-shared-components/src/lib/components/preview-banner/interfaces.tsx">
        <metrics statements="0" coveredstatements="0" conditionals="0" coveredconditionals="0" methods="0" coveredmethods="0"/>
      </file>
      <file name="ui-elements.tsx" path="/Users/dheerajagrawal/Work/Womply/react-shared-components/src/lib/components/preview-banner/ui-elements.tsx">
        <metrics statements="5" coveredstatements="5" conditionals="0" coveredconditionals="0" methods="4" coveredmethods="4"/>
        <line num="7" count="1" type="stmt"/>
        <line num="8" count="11" type="stmt"/>
        <line num="9" count="11" type="stmt"/>
        <line num="10" count="11" type="stmt"/>
        <line num="11" count="11" type="stmt"/>
      </file>
    </package>
    <package name="src.lib.components.progress-loader">
      <metrics statements="3" coveredstatements="3" conditionals="0" coveredconditionals="0" methods="1" coveredmethods="1"/>
      <file name="index.tsx" path="/Users/dheerajagrawal/Work/Womply/react-shared-components/src/lib/components/progress-loader/index.tsx">
        <metrics statements="3" coveredstatements="3" conditionals="0" coveredconditionals="0" methods="1" coveredmethods="1"/>
        <line num="5" count="1" type="stmt"/>
        <line num="11" count="1" type="stmt"/>
        <line num="12" count="1" type="stmt"/>
      </file>
    </package>
    <package name="src.lib.components.rating">
      <metrics statements="12" coveredstatements="12" conditionals="15" coveredconditionals="12" methods="3" coveredmethods="3"/>
      <file name="index.tsx" path="/Users/dheerajagrawal/Work/Womply/react-shared-components/src/lib/components/rating/index.tsx">
        <metrics statements="12" coveredstatements="12" conditionals="15" coveredconditionals="12" methods="3" coveredmethods="3"/>
        <line num="14" count="1" type="stmt"/>
        <line num="22" count="10" type="stmt"/>
        <line num="24" count="10" type="stmt"/>
        <line num="60" count="1" type="stmt"/>
        <line num="70" count="2" type="cond" truecount="1" falsecount="1"/>
        <line num="72" count="2" type="stmt"/>
        <line num="79" count="10" type="stmt"/>
        <line num="81" count="10" type="cond" truecount="2" falsecount="0"/>
        <line num="82" count="8" type="stmt"/>
        <line num="83" count="2" type="cond" truecount="1" falsecount="1"/>
        <line num="84" count="2" type="stmt"/>
        <line num="87" count="10" type="stmt"/>
      </file>
    </package>
    <package name="src.lib.components.rating-stars">
      <metrics statements="6" coveredstatements="6" conditionals="2" coveredconditionals="2" methods="2" coveredmethods="2"/>
      <file name="index.tsx" path="/Users/dheerajagrawal/Work/Womply/react-shared-components/src/lib/components/rating-stars/index.tsx">
        <metrics statements="0" coveredstatements="0" conditionals="0" coveredconditionals="0" methods="0" coveredmethods="0"/>
      </file>
      <file name="ui-elements.tsx" path="/Users/dheerajagrawal/Work/Womply/react-shared-components/src/lib/components/rating-stars/ui-elements.tsx">
        <metrics statements="6" coveredstatements="6" conditionals="2" coveredconditionals="2" methods="2" coveredmethods="2"/>
        <line num="6" count="1" type="stmt"/>
        <line num="16" count="1" type="stmt"/>
        <line num="17" count="1" type="stmt"/>
        <line num="18" count="1" type="stmt"/>
        <line num="20" count="1" type="stmt"/>
        <line num="23" count="5" type="cond" truecount="2" falsecount="0"/>
      </file>
    </package>
    <package name="src.lib.components.static-badge">
      <metrics statements="7" coveredstatements="7" conditionals="16" coveredconditionals="13" methods="2" coveredmethods="2"/>
      <file name="ui-elements.tsx" path="/Users/dheerajagrawal/Work/Womply/react-shared-components/src/lib/components/static-badge/ui-elements.tsx">
        <metrics statements="7" coveredstatements="7" conditionals="16" coveredconditionals="13" methods="2" coveredmethods="2"/>
        <line num="7" count="1" type="stmt"/>
        <line num="8" count="2" type="stmt"/>
        <line num="27" count="1" type="stmt"/>
        <line num="28" count="2" type="stmt"/>
        <line num="30" count="2" type="cond" truecount="4" falsecount="0"/>
        <line num="34" count="2" type="stmt"/>
        <line num="36" count="2" type="stmt"/>
      </file>
    </package>
    <package name="src.lib.components.switch">
      <metrics statements="5" coveredstatements="5" conditionals="10" coveredconditionals="10" methods="3" coveredmethods="3"/>
      <file name="index.tsx" path="/Users/dheerajagrawal/Work/Womply/react-shared-components/src/lib/components/switch/index.tsx">
        <metrics statements="5" coveredstatements="5" conditionals="10" coveredconditionals="10" methods="3" coveredmethods="3"/>
        <line num="21" count="1" type="stmt"/>
        <line num="22" count="4" type="stmt"/>
        <line num="23" count="4" type="stmt"/>
        <line num="66" count="4" type="stmt"/>
        <line num="82" count="4" type="stmt"/>
      </file>
    </package>
    <package name="src.lib.components.tabs">
      <metrics statements="6" coveredstatements="6" conditionals="9" coveredconditionals="8" methods="3" coveredmethods="3"/>
      <file name="index.tsx" path="/Users/dheerajagrawal/Work/Womply/react-shared-components/src/lib/components/tabs/index.tsx">
        <metrics statements="0" coveredstatements="0" conditionals="0" coveredconditionals="0" methods="0" coveredmethods="0"/>
      </file>
      <file name="ui-elements.tsx" path="/Users/dheerajagrawal/Work/Womply/react-shared-components/src/lib/components/tabs/ui-elements.tsx">
        <metrics statements="6" coveredstatements="6" conditionals="9" coveredconditionals="8" methods="3" coveredmethods="3"/>
        <line num="7" count="1" type="stmt"/>
        <line num="9" count="1" type="cond" truecount="1" falsecount="1"/>
        <line num="38" count="1" type="stmt"/>
        <line num="49" count="1" type="stmt"/>
        <line num="53" count="1" type="stmt"/>
        <line num="66" count="2" type="stmt"/>
      </file>
    </package>
    <package name="src.lib.components.text-input">
      <metrics statements="11" coveredstatements="9" conditionals="10" coveredconditionals="8" methods="4" coveredmethods="2"/>
      <file name="index.tsx" path="/Users/dheerajagrawal/Work/Womply/react-shared-components/src/lib/components/text-input/index.tsx">
        <metrics statements="11" coveredstatements="9" conditionals="10" coveredconditionals="8" methods="4" coveredmethods="2"/>
        <line num="29" count="1" type="stmt"/>
        <line num="30" count="2" type="stmt"/>
        <line num="31" count="2" type="stmt"/>
        <line num="32" count="0" type="stmt"/>
        <line num="33" count="0" type="stmt"/>
        <line num="36" count="2" type="stmt"/>
        <line num="50" count="1" type="stmt"/>
        <line num="57" count="1" type="cond" truecount="1" falsecount="1"/>
        <line num="58" count="3" type="stmt"/>
        <line num="60" count="3" type="stmt"/>
        <line num="66" count="3" type="stmt"/>
      </file>
    </package>
    <package name="src.lib.components.text-message-preview">
      <metrics statements="23" coveredstatements="23" conditionals="33" coveredconditionals="33" methods="12" coveredmethods="12"/>
      <file name="index.tsx" path="/Users/dheerajagrawal/Work/Womply/react-shared-components/src/lib/components/text-message-preview/index.tsx">
        <metrics statements="23" coveredstatements="23" conditionals="33" coveredconditionals="33" methods="12" coveredmethods="12"/>
        <line num="26" count="1" type="stmt"/>
        <line num="35" count="1" type="stmt"/>
        <line num="38" count="1" type="stmt"/>
        <line num="44" count="1" type="stmt"/>
        <line num="49" count="1" type="stmt"/>
        <line num="57" count="1" type="stmt"/>
        <line num="64" count="1" type="stmt"/>
        <line num="76" count="1" type="stmt"/>
        <line num="80" count="1" type="stmt"/>
        <line num="87" count="1" type="stmt"/>
        <line num="91" count="7" type="cond" truecount="2" falsecount="0"/>
        <line num="98" count="7" type="cond" truecount="2" falsecount="0"/>
        <line num="111" count="7" type="cond" truecount="2" falsecount="0"/>
        <line num="112" count="7" type="cond" truecount="2" falsecount="0"/>
        <line num="114" count="7" type="cond" truecount="2" falsecount="0"/>
        <line num="120" count="7" type="cond" truecount="2" falsecount="0"/>
        <line num="121" count="7" type="cond" truecount="2" falsecount="0"/>
        <line num="122" count="7" type="cond" truecount="2" falsecount="0"/>
        <line num="123" count="7" type="cond" truecount="2" falsecount="0"/>
        <line num="124" count="7" type="cond" truecount="2" falsecount="0"/>
        <line num="133" count="1" type="stmt"/>
        <line num="143" count="5" type="stmt"/>
        <line num="173" count="7" type="stmt"/>
      </file>
    </package>
    <package name="src.lib.components.toast">
      <metrics statements="5" coveredstatements="5" conditionals="7" coveredconditionals="7" methods="2" coveredmethods="2"/>
      <file name="index.tsx" path="/Users/dheerajagrawal/Work/Womply/react-shared-components/src/lib/components/toast/index.tsx">
        <metrics statements="5" coveredstatements="5" conditionals="7" coveredconditionals="7" methods="2" coveredmethods="2"/>
        <line num="14" count="1" type="stmt"/>
        <line num="22" count="6" type="stmt"/>
        <line num="23" count="2" type="cond" truecount="2" falsecount="0"/>
        <line num="24" count="1" type="stmt"/>
        <line num="27" count="6" type="stmt"/>
      </file>
    </package>
    <package name="src.lib.components.toggle">
      <metrics statements="54" coveredstatements="54" conditionals="42" coveredconditionals="42" methods="19" coveredmethods="19"/>
      <file name="index.tsx" path="/Users/dheerajagrawal/Work/Womply/react-shared-components/src/lib/components/toggle/index.tsx">
        <metrics statements="54" coveredstatements="54" conditionals="42" coveredconditionals="42" methods="19" coveredmethods="19"/>
        <line num="21" count="1" type="stmt"/>
        <line num="30" count="1" type="stmt"/>
        <line num="51" count="1" type="stmt"/>
        <line num="71" count="1" type="stmt"/>
        <line num="83" count="1" type="stmt"/>
        <line num="87" count="13" type="stmt"/>
        <line num="93" count="13" type="stmt"/>
        <line num="96" count="1" type="stmt"/>
        <line num="106" count="8" type="cond" truecount="2" falsecount="0"/>
        <line num="107" count="8" type="cond" truecount="2" falsecount="0"/>
        <line num="117" count="1" type="stmt"/>
        <line num="123" count="1" type="stmt"/>
        <line num="132" count="15" type="stmt"/>
        <line num="133" count="15" type="stmt"/>
        <line num="134" count="15" type="stmt"/>
        <line num="135" count="15" type="stmt"/>
        <line num="136" count="15" type="stmt"/>
        <line num="140" count="19" type="stmt"/>
        <line num="142" count="15" type="stmt"/>
        <line num="144" count="3" type="cond" truecount="1" falsecount="0"/>
        <line num="145" count="3" type="stmt"/>
        <line num="148" count="4" type="stmt"/>
        <line num="150" count="1" type="stmt"/>
        <line num="151" count="3" type="stmt"/>
        <line num="156" count="3" type="stmt"/>
        <line num="157" count="3" type="cond" truecount="2" falsecount="0"/>
        <line num="158" count="1" type="stmt"/>
        <line num="162" count="15" type="stmt"/>
        <line num="164" count="2" type="cond" truecount="1" falsecount="0"/>
        <line num="165" count="2" type="stmt"/>
        <line num="172" count="15" type="stmt"/>
        <line num="173" count="2" type="cond" truecount="2" falsecount="0"/>
        <line num="176" count="15" type="stmt"/>
        <line num="177" count="3" type="cond" truecount="2" falsecount="0"/>
        <line num="183" count="2" type="stmt"/>
        <line num="187" count="2" type="stmt"/>
        <line num="189" count="1" type="stmt"/>
        <line num="190" count="1" type="stmt"/>
        <line num="194" count="15" type="stmt"/>
        <line num="195" count="9" type="cond" truecount="4" falsecount="0"/>
        <line num="196" count="3" type="stmt"/>
        <line num="197" count="3" type="stmt"/>
        <line num="198" count="56" type="cond" truecount="2" falsecount="0"/>
        <line num="199" count="53" type="stmt"/>
        <line num="200" count="53" type="stmt"/>
        <line num="203" count="3" type="stmt"/>
        <line num="204" count="3" type="stmt"/>
        <line num="205" count="3" type="stmt"/>
        <line num="209" count="15" type="cond" truecount="4" falsecount="0"/>
        <line num="212" count="1" type="stmt"/>
        <line num="218" count="166" type="stmt"/>
        <line num="221" count="3" type="stmt"/>
        <line num="236" count="3" type="stmt"/>
        <line num="245" count="1" type="stmt"/>
      </file>
    </package>
    <package name="src.lib.components.verification-code-input">
      <metrics statements="24" coveredstatements="19" conditionals="21" coveredconditionals="11" methods="7" coveredmethods="5"/>
      <file name="index.tsx" path="/Users/dheerajagrawal/Work/Womply/react-shared-components/src/lib/components/verification-code-input/index.tsx">
        <metrics statements="24" coveredstatements="19" conditionals="21" coveredconditionals="11" methods="7" coveredmethods="5"/>
        <line num="7" count="1" type="stmt"/>
        <line num="20" count="1" type="stmt"/>
        <line num="33" count="1" type="stmt"/>
        <line num="46" count="1" type="stmt"/>
        <line num="59" count="1" type="stmt"/>
        <line num="60" count="1" type="stmt"/>
        <line num="115" count="1" type="stmt"/>
        <line num="124" count="1" type="stmt"/>
        <line num="125" count="1" type="stmt"/>
        <line num="127" count="1" type="stmt"/>
        <line num="128" count="1" type="cond" truecount="1" falsecount="1"/>
        <line num="129" count="1" type="stmt"/>
        <line num="130" count="6" type="stmt"/>
        <line num="134" count="1" type="stmt"/>
        <line num="135" count="1" type="cond" truecount="2" falsecount="2"/>
        <line num="136" count="0" type="stmt"/>
        <line num="137" count="0" type="stmt"/>
        <line num="138" count="0" type="stmt"/>
        <line num="144" count="1" type="cond" truecount="2" falsecount="2"/>
        <line num="145" count="0" type="stmt"/>
        <line num="146" count="0" type="stmt"/>
        <line num="151" count="1" type="cond" truecount="1" falsecount="1"/>
        <line num="152" count="1" type="cond" truecount="1" falsecount="1"/>
        <line num="154" count="1" type="stmt"/>
      </file>
    </package>
    <package name="src.lib.utils">
      <metrics statements="10" coveredstatements="10" conditionals="17" coveredconditionals="13" methods="9" coveredmethods="9"/>
      <file name="businesshours.util.tsx" path="/Users/dheerajagrawal/Work/Womply/react-shared-components/src/lib/utils/businesshours.util.tsx">
        <metrics statements="10" coveredstatements="10" conditionals="17" coveredconditionals="13" methods="9" coveredmethods="9"/>
        <line num="4" count="1" type="stmt"/>
        <line num="6" count="4" type="cond" truecount="1" falsecount="0"/>
        <line num="7" count="168" type="cond" truecount="1" falsecount="1"/>
        <line num="8" count="24" type="stmt"/>
        <line num="10" count="28" type="cond" truecount="4" falsecount="0"/>
        <line num="12" count="28" type="stmt"/>
        <line num="19" count="7" type="cond" truecount="1" falsecount="1"/>
        <line num="20" count="7" type="cond" truecount="2" falsecount="2"/>
        <line num="21" count="7" type="stmt"/>
        <line num="27" count="7" type="stmt"/>
      </file>
    </package>
  </project>
</coverage>
