{"/Users/dheerajagrawal/Work/Womply/react-shared-components/src/App.tsx": {"path":"/Users/dheerajagrawal/Work/Womply/react-shared-components/src/App.tsx","statementMap":{"0":{"start":{"line":10,"column":2},"end":{"line":32,"column":4}}},"fnMap":{"0":{"name":"App","decl":{"start":{"line":9,"column":9},"end":{"line":9,"column":12}},"loc":{"start":{"line":9,"column":15},"end":{"line":33,"column":1}},"line":9}},"branchMap":{},"s":{"0":1},"f":{"0":1},"b":{},"_coverageSchema":"43e27e138ebf9cfc5966b082cf9a028302ed4184","hash":"f4389a6d7ef6e8ef41adb34aa38294e87db77642"}
,"/Users/dheerajagrawal/Work/Womply/react-shared-components/src/index.tsx": {"path":"/Users/dheerajagrawal/Work/Womply/react-shared-components/src/index.tsx","statementMap":{"0":{"start":{"line":7,"column":0},"end":{"line":7,"column":58}},"1":{"start":{"line":12,"column":0},"end":{"line":12,"column":27}}},"fnMap":{},"branchMap":{},"s":{"0":0,"1":0},"f":{},"b":{},"hash":"bbe7c75c1211dd21d4b036f8b806acf3c5f95525"}
,"/Users/dheerajagrawal/Work/Womply/react-shared-components/src/lib/components/accordian/index.tsx": {"path":"/Users/dheerajagrawal/Work/Womply/react-shared-components/src/lib/components/accordian/index.tsx","statementMap":{"0":{"start":{"line":6,"column":117},"end":{"line":15,"column":1}},"1":{"start":{"line":7,"column":4},"end":{"line":14,"column":16}}},"fnMap":{"0":{"name":"(anonymous_0)","decl":{"start":{"line":6,"column":117},"end":{"line":6,"column":118}},"loc":{"start":{"line":7,"column":4},"end":{"line":14,"column":16}},"line":7}},"branchMap":{"0":{"loc":{"start":{"line":6,"column":126},"end":{"line":6,"column":137}},"type":"default-arg","locations":[{"start":{"line":6,"column":133},"end":{"line":6,"column":137}}],"line":6}},"s":{"0":1,"1":2},"f":{"0":2},"b":{"0":[2]},"_coverageSchema":"43e27e138ebf9cfc5966b082cf9a028302ed4184","hash":"265b428aeebe6c4fadc564be5ddb1d1af8da2e06"}
,"/Users/dheerajagrawal/Work/Womply/react-shared-components/src/lib/components/accordian/ui-elements.tsx": {"path":"/Users/dheerajagrawal/Work/Womply/react-shared-components/src/lib/components/accordian/ui-elements.tsx","statementMap":{"0":{"start":{"line":5,"column":30},"end":{"line":10,"column":1}},"1":{"start":{"line":12,"column":38},"end":{"line":14,"column":1}},"2":{"start":{"line":16,"column":38},"end":{"line":18,"column":1}}},"fnMap":{},"branchMap":{},"s":{"0":1,"1":1,"2":1},"f":{},"b":{},"_coverageSchema":"43e27e138ebf9cfc5966b082cf9a028302ed4184","hash":"185dcfd37f35342af672f62df72b516c618b9353"}
,"/Users/dheerajagrawal/Work/Womply/react-shared-components/src/lib/components/brand/index.tsx": {"path":"/Users/dheerajagrawal/Work/Womply/react-shared-components/src/lib/components/brand/index.tsx","statementMap":{},"fnMap":{},"branchMap":{},"s":{},"f":{},"b":{},"_coverageSchema":"43e27e138ebf9cfc5966b082cf9a028302ed4184","hash":"382136dd704fc0e5af5d7d790f58b24366301f52"}
,"/Users/dheerajagrawal/Work/Womply/react-shared-components/src/lib/components/brand/ui-elements.tsx": {"path":"/Users/dheerajagrawal/Work/Womply/react-shared-components/src/lib/components/brand/ui-elements.tsx","statementMap":{"0":{"start":{"line":5,"column":27},"end":{"line":11,"column":1}},"1":{"start":{"line":17,"column":41},"end":{"line":21,"column":1}},"2":{"start":{"line":18,"column":4},"end":{"line":20,"column":18}}},"fnMap":{"0":{"name":"(anonymous_0)","decl":{"start":{"line":17,"column":41},"end":{"line":17,"column":42}},"loc":{"start":{"line":18,"column":4},"end":{"line":20,"column":18}},"line":18}},"branchMap":{"0":{"loc":{"start":{"line":17,"column":49},"end":{"line":17,"column":68}},"type":"default-arg","locations":[{"start":{"line":17,"column":59},"end":{"line":17,"column":68}}],"line":17},"1":{"loc":{"start":{"line":19,"column":18},"end":{"line":19,"column":67}},"type":"cond-expr","locations":[{"start":{"line":19,"column":38},"end":{"line":19,"column":53}},{"start":{"line":19,"column":56},"end":{"line":19,"column":67}}],"line":19}},"s":{"0":3,"1":3,"2":3},"f":{"0":3},"b":{"0":[2],"1":[1,2]},"_coverageSchema":"43e27e138ebf9cfc5966b082cf9a028302ed4184","hash":"81f44ae609359c773b68241f89afd64659e74e6a"}
,"/Users/dheerajagrawal/Work/Womply/react-shared-components/src/lib/components/business-dropdown/interfaces.tsx": {"path":"/Users/dheerajagrawal/Work/Womply/react-shared-components/src/lib/components/business-dropdown/interfaces.tsx","statementMap":{},"fnMap":{},"branchMap":{},"s":{},"f":{},"b":{},"hash":"c47001299e61bc0c838eaf6bd97ed316cf9ef0f0"}
,"/Users/dheerajagrawal/Work/Womply/react-shared-components/src/lib/components/business-dropdown/business-dropdown-main/business-dropdown.tsx": {"path":"/Users/dheerajagrawal/Work/Womply/react-shared-components/src/lib/components/business-dropdown/business-dropdown-main/business-dropdown.tsx","statementMap":{"0":{"start":{"line":3,"column":46},"end":{"line":8,"column":1}}},"fnMap":{},"branchMap":{},"s":{"0":1},"f":{},"b":{},"_coverageSchema":"43e27e138ebf9cfc5966b082cf9a028302ed4184","hash":"0ef793dc774427583a74c4c57d0adfc683a97651"}
,"/Users/dheerajagrawal/Work/Womply/react-shared-components/src/lib/components/business-dropdown/business-dropdown-main/index.tsx": {"path":"/Users/dheerajagrawal/Work/Womply/react-shared-components/src/lib/components/business-dropdown/business-dropdown-main/index.tsx","statementMap":{"0":{"start":{"line":9,"column":18},"end":{"line":16,"column":1}},"1":{"start":{"line":10,"column":4},"end":{"line":15,"column":6}},"2":{"start":{"line":18,"column":72},"end":{"line":55,"column":1}},"3":{"start":{"line":19,"column":20},"end":{"line":19,"column":31}},"4":{"start":{"line":21,"column":37},"end":{"line":26,"column":10}},"5":{"start":{"line":22,"column":34},"end":{"line":22,"column":134}},"6":{"start":{"line":22,"column":121},"end":{"line":22,"column":122}},"7":{"start":{"line":23,"column":24},"end":{"line":23,"column":90}},"8":{"start":{"line":23,"column":78},"end":{"line":23,"column":79}},"9":{"start":{"line":24,"column":22},"end":{"line":24,"column":72}},"10":{"start":{"line":24,"column":59},"end":{"line":24,"column":60}},"11":{"start":{"line":25,"column":8},"end":{"line":25,"column":20}},"12":{"start":{"line":28,"column":4},"end":{"line":54,"column":5}},"13":{"start":{"line":47,"column":20},"end":{"line":49,"column":31}}},"fnMap":{"0":{"name":"(anonymous_0)","decl":{"start":{"line":9,"column":29},"end":{"line":9,"column":30}},"loc":{"start":{"line":10,"column":4},"end":{"line":15,"column":6}},"line":10},"1":{"name":"(anonymous_1)","decl":{"start":{"line":18,"column":72},"end":{"line":18,"column":73}},"loc":{"start":{"line":18,"column":98},"end":{"line":55,"column":1}},"line":18},"2":{"name":"(anonymous_2)","decl":{"start":{"line":21,"column":49},"end":{"line":21,"column":50}},"loc":{"start":{"line":21,"column":76},"end":{"line":26,"column":5}},"line":21},"3":{"name":"(anonymous_3)","decl":{"start":{"line":22,"column":116},"end":{"line":22,"column":117}},"loc":{"start":{"line":22,"column":121},"end":{"line":22,"column":122}},"line":22},"4":{"name":"(anonymous_4)","decl":{"start":{"line":23,"column":73},"end":{"line":23,"column":74}},"loc":{"start":{"line":23,"column":78},"end":{"line":23,"column":79}},"line":23},"5":{"name":"(anonymous_5)","decl":{"start":{"line":24,"column":54},"end":{"line":24,"column":55}},"loc":{"start":{"line":24,"column":59},"end":{"line":24,"column":60}},"line":24},"6":{"name":"(anonymous_6)","decl":{"start":{"line":46,"column":47},"end":{"line":46,"column":48}},"loc":{"start":{"line":47,"column":20},"end":{"line":49,"column":31}},"line":47}},"branchMap":{"0":{"loc":{"start":{"line":43,"column":27},"end":{"line":43,"column":73}},"type":"cond-expr","locations":[{"start":{"line":43,"column":49},"end":{"line":43,"column":68}},{"start":{"line":43,"column":71},"end":{"line":43,"column":73}}],"line":43}},"s":{"0":1,"1":1,"2":1,"3":1,"4":1,"5":3,"6":9,"7":3,"8":6,"9":3,"10":6,"11":3,"12":1,"13":3},"f":{"0":1,"1":1,"2":3,"3":9,"4":6,"5":6,"6":3},"b":{"0":[1,0]},"_coverageSchema":"43e27e138ebf9cfc5966b082cf9a028302ed4184","hash":"874e04096c1510d6f8d4df406382c088da3057dc"}
,"/Users/dheerajagrawal/Work/Womply/react-shared-components/src/lib/components/business-hours-of-operation/index.tsx": {"path":"/Users/dheerajagrawal/Work/Womply/react-shared-components/src/lib/components/business-hours-of-operation/index.tsx","statementMap":{"0":{"start":{"line":23,"column":70},"end":{"line":185,"column":1}},"1":{"start":{"line":24,"column":20},"end":{"line":24,"column":31}},"2":{"start":{"line":25,"column":23},"end":{"line":25,"column":58}},"3":{"start":{"line":27,"column":30},"end":{"line":27,"column":64}},"4":{"start":{"line":29,"column":44},"end":{"line":31,"column":5}},"5":{"start":{"line":33,"column":28},"end":{"line":41,"column":6}},"6":{"start":{"line":43,"column":4},"end":{"line":46,"column":23}},"7":{"start":{"line":44,"column":25},"end":{"line":44,"column":54}},"8":{"start":{"line":45,"column":8},"end":{"line":45,"column":31}},"9":{"start":{"line":48,"column":29},"end":{"line":56,"column":5}},"10":{"start":{"line":49,"column":8},"end":{"line":49,"column":106}},"11":{"start":{"line":49,"column":38},"end":{"line":49,"column":106}},"12":{"start":{"line":50,"column":8},"end":{"line":54,"column":9}},"13":{"start":{"line":51,"column":12},"end":{"line":51,"column":41}},"14":{"start":{"line":53,"column":12},"end":{"line":53,"column":51}},"15":{"start":{"line":55,"column":8},"end":{"line":55,"column":47}},"16":{"start":{"line":58,"column":31},"end":{"line":62,"column":5}},"17":{"start":{"line":59,"column":8},"end":{"line":59,"column":60}},"18":{"start":{"line":60,"column":8},"end":{"line":60,"column":46}},"19":{"start":{"line":61,"column":8},"end":{"line":61,"column":41}},"20":{"start":{"line":64,"column":31},"end":{"line":67,"column":5}},"21":{"start":{"line":65,"column":8},"end":{"line":65,"column":39}},"22":{"start":{"line":66,"column":8},"end":{"line":66,"column":36}},"23":{"start":{"line":69,"column":32},"end":{"line":84,"column":5}},"24":{"start":{"line":70,"column":24},"end":{"line":70,"column":33}},"25":{"start":{"line":71,"column":8},"end":{"line":71,"column":88}},"26":{"start":{"line":71,"column":57},"end":{"line":71,"column":86}},"27":{"start":{"line":72,"column":8},"end":{"line":81,"column":9}},"28":{"start":{"line":73,"column":12},"end":{"line":77,"column":13}},"29":{"start":{"line":74,"column":16},"end":{"line":74,"column":74}},"30":{"start":{"line":76,"column":16},"end":{"line":76,"column":56}},"31":{"start":{"line":78,"column":12},"end":{"line":78,"column":90}},"32":{"start":{"line":78,"column":42},"end":{"line":78,"column":47}},"33":{"start":{"line":80,"column":12},"end":{"line":80,"column":90}},"34":{"start":{"line":80,"column":42},"end":{"line":80,"column":47}},"35":{"start":{"line":82,"column":8},"end":{"line":82,"column":31}},"36":{"start":{"line":83,"column":8},"end":{"line":83,"column":51}},"37":{"start":{"line":86,"column":27},"end":{"line":89,"column":5}},"38":{"start":{"line":87,"column":8},"end":{"line":87,"column":21}},"39":{"start":{"line":88,"column":8},"end":{"line":88,"column":41}},"40":{"start":{"line":88,"column":19},"end":{"line":88,"column":41}},"41":{"start":{"line":91,"column":31},"end":{"line":94,"column":5}},"42":{"start":{"line":92,"column":8},"end":{"line":92,"column":98}},"43":{"start":{"line":93,"column":8},"end":{"line":93,"column":51}},"44":{"start":{"line":96,"column":23},"end":{"line":100,"column":5}},"45":{"start":{"line":97,"column":23},"end":{"line":97,"column":254}},"46":{"start":{"line":97,"column":48},"end":{"line":97,"column":253}},"47":{"start":{"line":98,"column":30},"end":{"line":98,"column":61}},"48":{"start":{"line":99,"column":8},"end":{"line":99,"column":110}},"49":{"start":{"line":102,"column":27},"end":{"line":102,"column":241}},"50":{"start":{"line":102,"column":33},"end":{"line":102,"column":241}},"51":{"start":{"line":102,"column":74},"end":{"line":102,"column":232}},"52":{"start":{"line":104,"column":47},"end":{"line":144,"column":5}},"53":{"start":{"line":105,"column":18},"end":{"line":105,"column":40}},"54":{"start":{"line":107,"column":8},"end":{"line":142,"column":10}},"55":{"start":{"line":108,"column":12},"end":{"line":141,"column":19}},"56":{"start":{"line":129,"column":51},"end":{"line":129,"column":100}},"57":{"start":{"line":135,"column":51},"end":{"line":135,"column":108}},"58":{"start":{"line":146,"column":4},"end":{"line":184,"column":5}},"59":{"start":{"line":151,"column":57},"end":{"line":151,"column":78}},"60":{"start":{"line":164,"column":125},"end":{"line":164,"column":167}},"61":{"start":{"line":175,"column":137},"end":{"line":175,"column":157}},"62":{"start":{"line":179,"column":95},"end":{"line":179,"column":116}}},"fnMap":{"0":{"name":"(anonymous_0)","decl":{"start":{"line":23,"column":70},"end":{"line":23,"column":71}},"loc":{"start":{"line":23,"column":205},"end":{"line":185,"column":1}},"line":23},"1":{"name":"(anonymous_1)","decl":{"start":{"line":23,"column":112},"end":{"line":23,"column":113}},"loc":{"start":{"line":23,"column":116},"end":{"line":23,"column":118}},"line":23},"2":{"name":"(anonymous_2)","decl":{"start":{"line":23,"column":128},"end":{"line":23,"column":129}},"loc":{"start":{"line":23,"column":132},"end":{"line":23,"column":134}},"line":23},"3":{"name":"(anonymous_3)","decl":{"start":{"line":43,"column":14},"end":{"line":43,"column":15}},"loc":{"start":{"line":43,"column":20},"end":{"line":46,"column":5}},"line":43},"4":{"name":"(anonymous_4)","decl":{"start":{"line":48,"column":29},"end":{"line":48,"column":30}},"loc":{"start":{"line":48,"column":99},"end":{"line":56,"column":5}},"line":48},"5":{"name":"(anonymous_5)","decl":{"start":{"line":58,"column":31},"end":{"line":58,"column":32}},"loc":{"start":{"line":58,"column":91},"end":{"line":62,"column":5}},"line":58},"6":{"name":"(anonymous_6)","decl":{"start":{"line":64,"column":31},"end":{"line":64,"column":32}},"loc":{"start":{"line":64,"column":55},"end":{"line":67,"column":5}},"line":64},"7":{"name":"(anonymous_7)","decl":{"start":{"line":69,"column":32},"end":{"line":69,"column":33}},"loc":{"start":{"line":69,"column":38},"end":{"line":84,"column":5}},"line":69},"8":{"name":"(anonymous_8)","decl":{"start":{"line":71,"column":53},"end":{"line":71,"column":54}},"loc":{"start":{"line":71,"column":57},"end":{"line":71,"column":86}},"line":71},"9":{"name":"(anonymous_9)","decl":{"start":{"line":78,"column":39},"end":{"line":78,"column":40}},"loc":{"start":{"line":78,"column":42},"end":{"line":78,"column":47}},"line":78},"10":{"name":"(anonymous_10)","decl":{"start":{"line":80,"column":39},"end":{"line":80,"column":40}},"loc":{"start":{"line":80,"column":42},"end":{"line":80,"column":47}},"line":80},"11":{"name":"(anonymous_11)","decl":{"start":{"line":86,"column":27},"end":{"line":86,"column":28}},"loc":{"start":{"line":86,"column":44},"end":{"line":89,"column":5}},"line":86},"12":{"name":"(anonymous_12)","decl":{"start":{"line":91,"column":31},"end":{"line":91,"column":32}},"loc":{"start":{"line":91,"column":64},"end":{"line":94,"column":5}},"line":91},"13":{"name":"(anonymous_13)","decl":{"start":{"line":96,"column":23},"end":{"line":96,"column":24}},"loc":{"start":{"line":96,"column":29},"end":{"line":100,"column":5}},"line":96},"14":{"name":"(anonymous_14)","decl":{"start":{"line":97,"column":32},"end":{"line":97,"column":33}},"loc":{"start":{"line":97,"column":48},"end":{"line":97,"column":253}},"line":97},"15":{"name":"(anonymous_15)","decl":{"start":{"line":102,"column":27},"end":{"line":102,"column":28}},"loc":{"start":{"line":102,"column":33},"end":{"line":102,"column":241}},"line":102},"16":{"name":"(anonymous_16)","decl":{"start":{"line":102,"column":60},"end":{"line":102,"column":61}},"loc":{"start":{"line":102,"column":74},"end":{"line":102,"column":232}},"line":102},"17":{"name":"(anonymous_17)","decl":{"start":{"line":104,"column":47},"end":{"line":104,"column":48}},"loc":{"start":{"line":104,"column":53},"end":{"line":144,"column":5}},"line":104},"18":{"name":"(anonymous_18)","decl":{"start":{"line":107,"column":23},"end":{"line":107,"column":24}},"loc":{"start":{"line":108,"column":12},"end":{"line":141,"column":19}},"line":108},"19":{"name":"(anonymous_19)","decl":{"start":{"line":129,"column":45},"end":{"line":129,"column":46}},"loc":{"start":{"line":129,"column":51},"end":{"line":129,"column":100}},"line":129},"20":{"name":"(anonymous_20)","decl":{"start":{"line":135,"column":45},"end":{"line":135,"column":46}},"loc":{"start":{"line":135,"column":51},"end":{"line":135,"column":108}},"line":135},"21":{"name":"(anonymous_21)","decl":{"start":{"line":151,"column":53},"end":{"line":151,"column":54}},"loc":{"start":{"line":151,"column":57},"end":{"line":151,"column":78}},"line":151},"22":{"name":"(anonymous_22)","decl":{"start":{"line":164,"column":116},"end":{"line":164,"column":117}},"loc":{"start":{"line":164,"column":125},"end":{"line":164,"column":167}},"line":164},"23":{"name":"(anonymous_23)","decl":{"start":{"line":175,"column":133},"end":{"line":175,"column":134}},"loc":{"start":{"line":175,"column":137},"end":{"line":175,"column":157}},"line":175},"24":{"name":"(anonymous_24)","decl":{"start":{"line":179,"column":91},"end":{"line":179,"column":92}},"loc":{"start":{"line":179,"column":95},"end":{"line":179,"column":116}},"line":179}},"branchMap":{"0":{"loc":{"start":{"line":23,"column":87},"end":{"line":23,"column":101}},"type":"default-arg","locations":[{"start":{"line":23,"column":96},"end":{"line":23,"column":101}}],"line":23},"1":{"loc":{"start":{"line":23,"column":103},"end":{"line":23,"column":118}},"type":"default-arg","locations":[{"start":{"line":23,"column":112},"end":{"line":23,"column":118}}],"line":23},"2":{"loc":{"start":{"line":23,"column":120},"end":{"line":23,"column":134}},"type":"default-arg","locations":[{"start":{"line":23,"column":128},"end":{"line":23,"column":134}}],"line":23},"3":{"loc":{"start":{"line":23,"column":160},"end":{"line":23,"column":198}},"type":"default-arg","locations":[{"start":{"line":23,"column":183},"end":{"line":23,"column":198}}],"line":23},"4":{"loc":{"start":{"line":49,"column":8},"end":{"line":49,"column":106}},"type":"if","locations":[{"start":{"line":49,"column":8},"end":{"line":49,"column":106}},{"start":{"line":49,"column":8},"end":{"line":49,"column":106}}],"line":49},"5":{"loc":{"start":{"line":50,"column":8},"end":{"line":54,"column":9}},"type":"if","locations":[{"start":{"line":50,"column":8},"end":{"line":54,"column":9}},{"start":{"line":50,"column":8},"end":{"line":54,"column":9}}],"line":50},"6":{"loc":{"start":{"line":71,"column":57},"end":{"line":71,"column":86}},"type":"binary-expr","locations":[{"start":{"line":71,"column":57},"end":{"line":71,"column":69}},{"start":{"line":71,"column":73},"end":{"line":71,"column":86}}],"line":71},"7":{"loc":{"start":{"line":72,"column":8},"end":{"line":81,"column":9}},"type":"if","locations":[{"start":{"line":72,"column":8},"end":{"line":81,"column":9}},{"start":{"line":72,"column":8},"end":{"line":81,"column":9}}],"line":72},"8":{"loc":{"start":{"line":73,"column":12},"end":{"line":77,"column":13}},"type":"if","locations":[{"start":{"line":73,"column":12},"end":{"line":77,"column":13}},{"start":{"line":73,"column":12},"end":{"line":77,"column":13}}],"line":73},"9":{"loc":{"start":{"line":82,"column":16},"end":{"line":82,"column":29}},"type":"binary-expr","locations":[{"start":{"line":82,"column":16},"end":{"line":82,"column":23}},{"start":{"line":82,"column":27},"end":{"line":82,"column":29}}],"line":82},"10":{"loc":{"start":{"line":83,"column":18},"end":{"line":83,"column":49}},"type":"binary-expr","locations":[{"start":{"line":83,"column":18},"end":{"line":83,"column":43}},{"start":{"line":83,"column":47},"end":{"line":83,"column":49}}],"line":83},"11":{"loc":{"start":{"line":88,"column":8},"end":{"line":88,"column":41}},"type":"if","locations":[{"start":{"line":88,"column":8},"end":{"line":88,"column":41}},{"start":{"line":88,"column":8},"end":{"line":88,"column":41}}],"line":88},"12":{"loc":{"start":{"line":91,"column":52},"end":{"line":91,"column":59}},"type":"default-arg","locations":[{"start":{"line":91,"column":58},"end":{"line":91,"column":59}}],"line":91},"13":{"loc":{"start":{"line":92,"column":8},"end":{"line":92,"column":97}},"type":"cond-expr","locations":[{"start":{"line":92,"column":21},"end":{"line":92,"column":60}},{"start":{"line":92,"column":63},"end":{"line":92,"column":97}}],"line":92},"14":{"loc":{"start":{"line":102,"column":74},"end":{"line":102,"column":232}},"type":"binary-expr","locations":[{"start":{"line":102,"column":76},"end":{"line":102,"column":87}},{"start":{"line":102,"column":91},"end":{"line":102,"column":108}},{"start":{"line":102,"column":114},"end":{"line":102,"column":127}},{"start":{"line":102,"column":131},"end":{"line":102,"column":149}},{"start":{"line":102,"column":157},"end":{"line":102,"column":169}},{"start":{"line":102,"column":173},"end":{"line":102,"column":190}},{"start":{"line":102,"column":196},"end":{"line":102,"column":208}},{"start":{"line":102,"column":212},"end":{"line":102,"column":230}}],"line":102},"15":{"loc":{"start":{"line":121,"column":56},"end":{"line":121,"column":104}},"type":"cond-expr","locations":[{"start":{"line":121,"column":79},"end":{"line":121,"column":92}},{"start":{"line":121,"column":95},"end":{"line":121,"column":104}}],"line":121},"16":{"loc":{"start":{"line":125,"column":36},"end":{"line":136,"column":33}},"type":"cond-expr","locations":[{"start":{"line":126,"column":32},"end":{"line":130,"column":33}},{"start":{"line":132,"column":32},"end":{"line":136,"column":33}}],"line":125},"17":{"loc":{"start":{"line":129,"column":51},"end":{"line":129,"column":100}},"type":"binary-expr","locations":[{"start":{"line":129,"column":51},"end":{"line":129,"column":72}},{"start":{"line":129,"column":76},"end":{"line":129,"column":100}}],"line":129},"18":{"loc":{"start":{"line":135,"column":51},"end":{"line":135,"column":108}},"type":"binary-expr","locations":[{"start":{"line":135,"column":51},"end":{"line":135,"column":72}},{"start":{"line":135,"column":76},"end":{"line":135,"column":108}}],"line":135}},"s":{"0":1,"1":13,"2":13,"3":13,"4":13,"5":13,"6":13,"7":4,"8":4,"9":13,"10":0,"11":0,"12":0,"13":0,"14":0,"15":0,"16":13,"17":1,"18":1,"19":1,"20":13,"21":2,"22":2,"23":13,"24":1,"25":1,"26":1,"27":1,"28":1,"29":0,"30":1,"31":1,"32":7,"33":0,"34":0,"35":1,"36":1,"37":13,"38":2,"39":2,"40":1,"41":13,"42":0,"43":0,"44":13,"45":13,"46":91,"47":13,"48":13,"49":13,"50":13,"51":16,"52":13,"53":13,"54":13,"55":16,"56":0,"57":0,"58":13,"59":0,"60":1,"61":1,"62":1},"f":{"0":13,"1":1,"2":0,"3":4,"4":0,"5":1,"6":2,"7":1,"8":1,"9":7,"10":0,"11":2,"12":0,"13":13,"14":91,"15":13,"16":16,"17":13,"18":16,"19":0,"20":0,"21":0,"22":1,"23":1,"24":1},"b":{"0":[13],"1":[13],"2":[13],"3":[13],"4":[0,0],"5":[0,0],"6":[1,1],"7":[1,0],"8":[0,1],"9":[1,0],"10":[1,0],"11":[1,1],"12":[0],"13":[0,0],"14":[16,6,10,0,16,6,6,6],"15":[2,14],"16":[13,3],"17":[0,0],"18":[0,0]},"_coverageSchema":"43e27e138ebf9cfc5966b082cf9a028302ed4184","hash":"62061449a1734ad9563758109bd881dc33735155"}
,"/Users/dheerajagrawal/Work/Womply/react-shared-components/src/lib/components/business-hours-of-operation/interfaces.tsx": {"path":"/Users/dheerajagrawal/Work/Womply/react-shared-components/src/lib/components/business-hours-of-operation/interfaces.tsx","statementMap":{},"fnMap":{},"branchMap":{},"s":{},"f":{},"b":{},"hash":"833b819e2f5bd12ef063feb94cb0d6beecc3b581"}
,"/Users/dheerajagrawal/Work/Womply/react-shared-components/src/lib/components/business-hours-of-operation/ui-elements.tsx": {"path":"/Users/dheerajagrawal/Work/Womply/react-shared-components/src/lib/components/business-hours-of-operation/ui-elements.tsx","statementMap":{"0":{"start":{"line":6,"column":36},"end":{"line":9,"column":1}},"1":{"start":{"line":11,"column":33},"end":{"line":14,"column":1}},"2":{"start":{"line":16,"column":30},"end":{"line":21,"column":1}},"3":{"start":{"line":19,"column":62},"end":{"line":19,"column":79}},"4":{"start":{"line":20,"column":41},"end":{"line":20,"column":52}},"5":{"start":{"line":23,"column":24},"end":{"line":26,"column":1}},"6":{"start":{"line":24,"column":65},"end":{"line":24,"column":80}},"7":{"start":{"line":25,"column":41},"end":{"line":25,"column":52}},"8":{"start":{"line":28,"column":36},"end":{"line":31,"column":1}},"9":{"start":{"line":33,"column":34},"end":{"line":36,"column":1}},"10":{"start":{"line":35,"column":43},"end":{"line":35,"column":55}},"11":{"start":{"line":38,"column":30},"end":{"line":41,"column":1}},"12":{"start":{"line":43,"column":33},"end":{"line":45,"column":1}},"13":{"start":{"line":47,"column":29},"end":{"line":50,"column":1}}},"fnMap":{"0":{"name":"(anonymous_0)","decl":{"start":{"line":19,"column":13},"end":{"line":19,"column":14}},"loc":{"start":{"line":19,"column":62},"end":{"line":19,"column":79}},"line":19},"1":{"name":"(anonymous_1)","decl":{"start":{"line":20,"column":13},"end":{"line":20,"column":14}},"loc":{"start":{"line":20,"column":41},"end":{"line":20,"column":52}},"line":20},"2":{"name":"(anonymous_2)","decl":{"start":{"line":24,"column":18},"end":{"line":24,"column":19}},"loc":{"start":{"line":24,"column":65},"end":{"line":24,"column":80}},"line":24},"3":{"name":"(anonymous_3)","decl":{"start":{"line":25,"column":13},"end":{"line":25,"column":14}},"loc":{"start":{"line":25,"column":41},"end":{"line":25,"column":52}},"line":25},"4":{"name":"(anonymous_4)","decl":{"start":{"line":35,"column":14},"end":{"line":35,"column":15}},"loc":{"start":{"line":35,"column":43},"end":{"line":35,"column":55}},"line":35}},"branchMap":{},"s":{"0":2,"1":2,"2":2,"3":96,"4":96,"5":2,"6":199,"7":199,"8":2,"9":2,"10":8,"11":2,"12":2,"13":2},"f":{"0":96,"1":96,"2":199,"3":199,"4":8},"b":{},"_coverageSchema":"43e27e138ebf9cfc5966b082cf9a028302ed4184","hash":"777a42e3d5fc0886ffbef881e13b708909e9c492"}
,"/Users/dheerajagrawal/Work/Womply/react-shared-components/src/lib/components/business-hours-of-operation/antd-timepicker/index.tsx": {"path":"/Users/dheerajagrawal/Work/Womply/react-shared-components/src/lib/components/business-hours-of-operation/antd-timepicker/index.tsx","statementMap":{"0":{"start":{"line":8,"column":15},"end":{"line":8,"column":23}},"1":{"start":{"line":10,"column":58},"end":{"line":25,"column":1}},"2":{"start":{"line":11,"column":4},"end":{"line":24,"column":14}},"3":{"start":{"line":19,"column":39},"end":{"line":19,"column":58}},"4":{"start":{"line":20,"column":25},"end":{"line":20,"column":66}},"5":{"start":{"line":21,"column":27},"end":{"line":21,"column":96}},"6":{"start":{"line":22,"column":27},"end":{"line":22,"column":95}},"7":{"start":{"line":28,"column":23},"end":{"line":36,"column":1}}},"fnMap":{"0":{"name":"(anonymous_0)","decl":{"start":{"line":10,"column":58},"end":{"line":10,"column":59}},"loc":{"start":{"line":11,"column":4},"end":{"line":24,"column":14}},"line":11},"1":{"name":"(anonymous_1)","decl":{"start":{"line":19,"column":31},"end":{"line":19,"column":32}},"loc":{"start":{"line":19,"column":39},"end":{"line":19,"column":58}},"line":19},"2":{"name":"(anonymous_2)","decl":{"start":{"line":20,"column":21},"end":{"line":20,"column":22}},"loc":{"start":{"line":20,"column":25},"end":{"line":20,"column":66}},"line":20},"3":{"name":"(anonymous_3)","decl":{"start":{"line":21,"column":22},"end":{"line":21,"column":23}},"loc":{"start":{"line":21,"column":27},"end":{"line":21,"column":96}},"line":21},"4":{"name":"(anonymous_4)","decl":{"start":{"line":22,"column":22},"end":{"line":22,"column":23}},"loc":{"start":{"line":22,"column":27},"end":{"line":22,"column":95}},"line":22}},"branchMap":{"0":{"loc":{"start":{"line":10,"column":103},"end":{"line":10,"column":117}},"type":"default-arg","locations":[{"start":{"line":10,"column":112},"end":{"line":10,"column":117}}],"line":10},"1":{"loc":{"start":{"line":15,"column":19},"end":{"line":15,"column":71}},"type":"cond-expr","locations":[{"start":{"line":15,"column":43},"end":{"line":15,"column":64}},{"start":{"line":15,"column":67},"end":{"line":15,"column":71}}],"line":15},"2":{"loc":{"start":{"line":15,"column":19},"end":{"line":15,"column":40}},"type":"binary-expr","locations":[{"start":{"line":15,"column":19},"end":{"line":15,"column":24}},{"start":{"line":15,"column":28},"end":{"line":15,"column":40}}],"line":15},"3":{"loc":{"start":{"line":21,"column":45},"end":{"line":21,"column":77}},"type":"cond-expr","locations":[{"start":{"line":21,"column":49},"end":{"line":21,"column":73}},{"start":{"line":21,"column":76},"end":{"line":21,"column":77}}],"line":21},"4":{"loc":{"start":{"line":22,"column":44},"end":{"line":22,"column":76}},"type":"cond-expr","locations":[{"start":{"line":22,"column":48},"end":{"line":22,"column":72}},{"start":{"line":22,"column":75},"end":{"line":22,"column":76}}],"line":22}},"s":{"0":2,"1":2,"2":18,"3":0,"4":1,"5":0,"6":0,"7":2},"f":{"0":18,"1":0,"2":1,"3":0,"4":0},"b":{"0":[18],"1":[14,4],"2":[18,14],"3":[0,0],"4":[0,0]},"_coverageSchema":"43e27e138ebf9cfc5966b082cf9a028302ed4184","hash":"2cba6bfa6bf1d2fbf1c8aaeffc20034fd9f368de"}
,"/Users/dheerajagrawal/Work/Womply/react-shared-components/src/lib/components/business-hours-of-operation/daily-business-hours/index.tsx": {"path":"/Users/dheerajagrawal/Work/Womply/react-shared-components/src/lib/components/business-hours-of-operation/daily-business-hours/index.tsx","statementMap":{"0":{"start":{"line":15,"column":65},"end":{"line":54,"column":1}},"1":{"start":{"line":17,"column":22},"end":{"line":17,"column":79}},"2":{"start":{"line":18,"column":30},"end":{"line":18,"column":61}},"3":{"start":{"line":20,"column":34},"end":{"line":37,"column":5}},"4":{"start":{"line":21,"column":8},"end":{"line":34,"column":19}},"5":{"start":{"line":29,"column":16},"end":{"line":31,"column":27}},"6":{"start":{"line":39,"column":4},"end":{"line":53,"column":5}},"7":{"start":{"line":47,"column":57},"end":{"line":47,"column":129}}},"fnMap":{"0":{"name":"(anonymous_0)","decl":{"start":{"line":15,"column":65},"end":{"line":15,"column":66}},"loc":{"start":{"line":15,"column":163},"end":{"line":54,"column":1}},"line":15},"1":{"name":"(anonymous_1)","decl":{"start":{"line":20,"column":34},"end":{"line":20,"column":35}},"loc":{"start":{"line":20,"column":40},"end":{"line":37,"column":5}},"line":20},"2":{"name":"(anonymous_2)","decl":{"start":{"line":28,"column":40},"end":{"line":28,"column":41}},"loc":{"start":{"line":29,"column":16},"end":{"line":31,"column":27}},"line":29},"3":{"name":"(anonymous_3)","decl":{"start":{"line":47,"column":47},"end":{"line":47,"column":48}},"loc":{"start":{"line":47,"column":57},"end":{"line":47,"column":129}},"line":47}},"branchMap":{"0":{"loc":{"start":{"line":17,"column":22},"end":{"line":17,"column":79}},"type":"cond-expr","locations":[{"start":{"line":17,"column":34},"end":{"line":17,"column":55}},{"start":{"line":17,"column":58},"end":{"line":17,"column":79}}],"line":17},"1":{"loc":{"start":{"line":18,"column":30},"end":{"line":18,"column":61}},"type":"cond-expr","locations":[{"start":{"line":18,"column":45},"end":{"line":18,"column":52}},{"start":{"line":18,"column":55},"end":{"line":18,"column":61}}],"line":18},"2":{"loc":{"start":{"line":21,"column":15},"end":{"line":34,"column":19}},"type":"cond-expr","locations":[{"start":{"line":21,"column":38},"end":{"line":25,"column":15}},{"start":{"line":26,"column":12},"end":{"line":34,"column":19}}],"line":21},"3":{"loc":{"start":{"line":30,"column":21},"end":{"line":30,"column":149}},"type":"cond-expr","locations":[{"start":{"line":30,"column":72},"end":{"line":30,"column":124}},{"start":{"line":30,"column":127},"end":{"line":30,"column":149}}],"line":30},"4":{"loc":{"start":{"line":30,"column":21},"end":{"line":30,"column":68}},"type":"binary-expr","locations":[{"start":{"line":30,"column":21},"end":{"line":30,"column":42}},{"start":{"line":30,"column":46},"end":{"line":30,"column":68}}],"line":30},"5":{"loc":{"start":{"line":30,"column":75},"end":{"line":30,"column":95}},"type":"binary-expr","locations":[{"start":{"line":30,"column":75},"end":{"line":30,"column":89}},{"start":{"line":30,"column":93},"end":{"line":30,"column":95}}],"line":30},"6":{"loc":{"start":{"line":30,"column":101},"end":{"line":30,"column":122}},"type":"binary-expr","locations":[{"start":{"line":30,"column":101},"end":{"line":30,"column":116}},{"start":{"line":30,"column":120},"end":{"line":30,"column":122}}],"line":30},"7":{"loc":{"start":{"line":47,"column":57},"end":{"line":47,"column":129}},"type":"cond-expr","locations":[{"start":{"line":47,"column":68},"end":{"line":47,"column":88}},{"start":{"line":47,"column":91},"end":{"line":47,"column":129}}],"line":47},"8":{"loc":{"start":{"line":47,"column":68},"end":{"line":47,"column":88}},"type":"binary-expr","locations":[{"start":{"line":47,"column":68},"end":{"line":47,"column":75}},{"start":{"line":47,"column":79},"end":{"line":47,"column":88}}],"line":47}},"s":{"0":2,"1":96,"2":96,"3":96,"4":96,"5":93,"6":96,"7":4},"f":{"0":96,"1":96,"2":93,"3":4},"b":{"0":[1,95],"1":[0,96],"2":[10,86],"3":[86,7],"4":[93,7],"5":[86,29],"6":[86,29],"7":[1,3],"8":[1,1]},"_coverageSchema":"43e27e138ebf9cfc5966b082cf9a028302ed4184","hash":"a604598ca793783dc72df3d47daca6a34b451d85"}
,"/Users/dheerajagrawal/Work/Womply/react-shared-components/src/lib/components/business-hours-of-operation/material-popover/index.tsx": {"path":"/Users/dheerajagrawal/Work/Womply/react-shared-components/src/lib/components/business-hours-of-operation/material-popover/index.tsx","statementMap":{"0":{"start":{"line":4,"column":106},"end":{"line":35,"column":1}},"1":{"start":{"line":5,"column":36},"end":{"line":5,"column":76}},"2":{"start":{"line":7,"column":4},"end":{"line":9,"column":19}},"3":{"start":{"line":8,"column":8},"end":{"line":8,"column":29}},"4":{"start":{"line":12,"column":24},"end":{"line":12,"column":39}},"5":{"start":{"line":12,"column":30},"end":{"line":12,"column":39}},"6":{"start":{"line":14,"column":17},"end":{"line":14,"column":34}},"7":{"start":{"line":15,"column":15},"end":{"line":15,"column":50}},"8":{"start":{"line":17,"column":4},"end":{"line":34,"column":5}}},"fnMap":{"0":{"name":"(anonymous_0)","decl":{"start":{"line":4,"column":106},"end":{"line":4,"column":107}},"loc":{"start":{"line":4,"column":142},"end":{"line":35,"column":1}},"line":4},"1":{"name":"(anonymous_1)","decl":{"start":{"line":7,"column":14},"end":{"line":7,"column":15}},"loc":{"start":{"line":7,"column":18},"end":{"line":9,"column":5}},"line":7},"2":{"name":"(anonymous_2)","decl":{"start":{"line":12,"column":24},"end":{"line":12,"column":25}},"loc":{"start":{"line":12,"column":30},"end":{"line":12,"column":39}},"line":12}},"branchMap":{"0":{"loc":{"start":{"line":15,"column":15},"end":{"line":15,"column":50}},"type":"cond-expr","locations":[{"start":{"line":15,"column":22},"end":{"line":15,"column":38}},{"start":{"line":15,"column":41},"end":{"line":15,"column":50}}],"line":15}},"s":{"0":2,"1":18,"2":18,"3":8,"4":18,"5":0,"6":18,"7":18,"8":18},"f":{"0":18,"1":8,"2":0},"b":{"0":[5,13]},"_coverageSchema":"43e27e138ebf9cfc5966b082cf9a028302ed4184","hash":"a221291caf641db07f88432aa786b8f07b8650da"}
,"/Users/dheerajagrawal/Work/Womply/react-shared-components/src/lib/components/button/index.tsx": {"path":"/Users/dheerajagrawal/Work/Womply/react-shared-components/src/lib/components/button/index.tsx","statementMap":{},"fnMap":{},"branchMap":{},"s":{},"f":{},"b":{},"_coverageSchema":"43e27e138ebf9cfc5966b082cf9a028302ed4184","hash":"86053b51bd44eb5ff7d54f5f9652720af4e7c134"}
,"/Users/dheerajagrawal/Work/Womply/react-shared-components/src/lib/components/button/ui-elements.tsx": {"path":"/Users/dheerajagrawal/Work/Womply/react-shared-components/src/lib/components/button/ui-elements.tsx","statementMap":{"0":{"start":{"line":7,"column":18},"end":{"line":13,"column":2}},"1":{"start":{"line":15,"column":45},"end":{"line":37,"column":1}},"2":{"start":{"line":22,"column":8},"end":{"line":22,"column":13}},"3":{"start":{"line":25,"column":20},"end":{"line":25,"column":86}},"4":{"start":{"line":27,"column":4},"end":{"line":36,"column":5}}},"fnMap":{"0":{"name":"(anonymous_0)","decl":{"start":{"line":15,"column":45},"end":{"line":15,"column":46}},"loc":{"start":{"line":15,"column":56},"end":{"line":37,"column":1}},"line":15}},"branchMap":{"0":{"loc":{"start":{"line":17,"column":8},"end":{"line":17,"column":25}},"type":"default-arg","locations":[{"start":{"line":17,"column":16},"end":{"line":17,"column":25}}],"line":17},"1":{"loc":{"start":{"line":18,"column":8},"end":{"line":18,"column":22}},"type":"default-arg","locations":[{"start":{"line":18,"column":15},"end":{"line":18,"column":22}}],"line":18},"2":{"loc":{"start":{"line":19,"column":8},"end":{"line":19,"column":29}},"type":"default-arg","locations":[{"start":{"line":19,"column":18},"end":{"line":19,"column":29}}],"line":19},"3":{"loc":{"start":{"line":25,"column":20},"end":{"line":25,"column":86}},"type":"cond-expr","locations":[{"start":{"line":25,"column":36},"end":{"line":25,"column":72}},{"start":{"line":25,"column":75},"end":{"line":25,"column":86}}],"line":25}},"s":{"0":3,"1":3,"2":3,"3":3,"4":3},"f":{"0":3},"b":{"0":[3],"1":[2],"2":[3],"3":[1,2]},"_coverageSchema":"43e27e138ebf9cfc5966b082cf9a028302ed4184","hash":"907fc29d9d2d9886df7eabb7164953244fa09de0"}
,"/Users/dheerajagrawal/Work/Womply/react-shared-components/src/lib/components/circular-percentage-progress/ui-elements.tsx": {"path":"/Users/dheerajagrawal/Work/Womply/react-shared-components/src/lib/components/circular-percentage-progress/ui-elements.tsx","statementMap":{"0":{"start":{"line":6,"column":18},"end":{"line":20,"column":1}},"1":{"start":{"line":7,"column":4},"end":{"line":19,"column":6}},"2":{"start":{"line":22,"column":21},"end":{"line":25,"column":1}},"3":{"start":{"line":27,"column":27},"end":{"line":33,"column":1}},"4":{"start":{"line":28,"column":4},"end":{"line":31,"column":5}},"5":{"start":{"line":29,"column":20},"end":{"line":29,"column":26}},"6":{"start":{"line":30,"column":8},"end":{"line":30,"column":75}},"7":{"start":{"line":32,"column":4},"end":{"line":32,"column":15}},"8":{"start":{"line":35,"column":18},"end":{"line":40,"column":1}},"9":{"start":{"line":36,"column":4},"end":{"line":38,"column":5}},"10":{"start":{"line":37,"column":8},"end":{"line":37,"column":33}},"11":{"start":{"line":39,"column":4},"end":{"line":39,"column":12}},"12":{"start":{"line":47,"column":75},"end":{"line":90,"column":1}},"13":{"start":{"line":48,"column":20},"end":{"line":48,"column":31}},"14":{"start":{"line":50,"column":4},"end":{"line":89,"column":5}}},"fnMap":{"0":{"name":"(anonymous_0)","decl":{"start":{"line":6,"column":29},"end":{"line":6,"column":30}},"loc":{"start":{"line":7,"column":4},"end":{"line":19,"column":6}},"line":7},"1":{"name":"(anonymous_1)","decl":{"start":{"line":27,"column":27},"end":{"line":27,"column":28}},"loc":{"start":{"line":27,"column":52},"end":{"line":33,"column":1}},"line":27},"2":{"name":"(anonymous_2)","decl":{"start":{"line":35,"column":18},"end":{"line":35,"column":19}},"loc":{"start":{"line":35,"column":42},"end":{"line":40,"column":1}},"line":35},"3":{"name":"(anonymous_3)","decl":{"start":{"line":47,"column":75},"end":{"line":47,"column":76}},"loc":{"start":{"line":47,"column":86},"end":{"line":90,"column":1}},"line":47}},"branchMap":{"0":{"loc":{"start":{"line":9,"column":38},"end":{"line":9,"column":80}},"type":"cond-expr","locations":[{"start":{"line":9,"column":71},"end":{"line":9,"column":74}},{"start":{"line":9,"column":77},"end":{"line":9,"column":80}}],"line":9},"1":{"loc":{"start":{"line":28,"column":4},"end":{"line":31,"column":5}},"type":"if","locations":[{"start":{"line":28,"column":4},"end":{"line":31,"column":5}},{"start":{"line":28,"column":4},"end":{"line":31,"column":5}}],"line":28},"2":{"loc":{"start":{"line":30,"column":15},"end":{"line":30,"column":75}},"type":"binary-expr","locations":[{"start":{"line":30,"column":15},"end":{"line":30,"column":24}},{"start":{"line":30,"column":29},"end":{"line":30,"column":48}},{"start":{"line":30,"column":52},"end":{"line":30,"column":74}}],"line":30},"3":{"loc":{"start":{"line":36,"column":4},"end":{"line":38,"column":5}},"type":"if","locations":[{"start":{"line":36,"column":4},"end":{"line":38,"column":5}},{"start":{"line":36,"column":4},"end":{"line":38,"column":5}}],"line":36},"4":{"loc":{"start":{"line":52,"column":9},"end":{"line":86,"column":18}},"type":"binary-expr","locations":[{"start":{"line":52,"column":9},"end":{"line":52,"column":40}},{"start":{"line":53,"column":12},"end":{"line":86,"column":18}}],"line":52}},"s":{"0":1,"1":1,"2":1,"3":1,"4":2,"5":2,"6":2,"7":0,"8":1,"9":4,"10":4,"11":0,"12":1,"13":2,"14":2},"f":{"0":1,"1":2,"2":4,"3":2},"b":{"0":[1,0],"1":[2,0],"2":[2,2,2],"3":[4,0],"4":[2,2]},"_coverageSchema":"43e27e138ebf9cfc5966b082cf9a028302ed4184","hash":"6e23c1b826d5a5f96bcc8d24121dd2cd61b7a019"}
,"/Users/dheerajagrawal/Work/Womply/react-shared-components/src/lib/components/confirmation-modal/index.tsx": {"path":"/Users/dheerajagrawal/Work/Womply/react-shared-components/src/lib/components/confirmation-modal/index.tsx","statementMap":{},"fnMap":{},"branchMap":{},"s":{},"f":{},"b":{},"hash":"0db55b9e3dced9365e41ae4214d5bfcc656bf1fb"}
,"/Users/dheerajagrawal/Work/Womply/react-shared-components/src/lib/components/confirmation-modal/ui-elements.tsx": {"path":"/Users/dheerajagrawal/Work/Womply/react-shared-components/src/lib/components/confirmation-modal/ui-elements.tsx","statementMap":{"0":{"start":{"line":7,"column":71},"end":{"line":55,"column":1}},"1":{"start":{"line":17,"column":8},"end":{"line":17,"column":13}},"2":{"start":{"line":19,"column":4},"end":{"line":54,"column":5}}},"fnMap":{"0":{"name":"(anonymous_0)","decl":{"start":{"line":7,"column":71},"end":{"line":7,"column":72}},"loc":{"start":{"line":7,"column":82},"end":{"line":55,"column":1}},"line":7}},"branchMap":{"0":{"loc":{"start":{"line":9,"column":8},"end":{"line":9,"column":27}},"type":"default-arg","locations":[{"start":{"line":9,"column":22},"end":{"line":9,"column":27}}],"line":9},"1":{"loc":{"start":{"line":10,"column":8},"end":{"line":10,"column":24}},"type":"default-arg","locations":[{"start":{"line":10,"column":19},"end":{"line":10,"column":24}}],"line":10}},"s":{"0":1,"1":1,"2":1},"f":{"0":1},"b":{"0":[0],"1":[0]},"_coverageSchema":"43e27e138ebf9cfc5966b082cf9a028302ed4184","hash":"44dc577922fd640ebaa71afb288a553668fc30ed"}
,"/Users/dheerajagrawal/Work/Womply/react-shared-components/src/lib/components/connection-tile/index.tsx": {"path":"/Users/dheerajagrawal/Work/Womply/react-shared-components/src/lib/components/connection-tile/index.tsx","statementMap":{},"fnMap":{},"branchMap":{},"s":{},"f":{},"b":{},"hash":"e6962a5b479694d2c44810071f707c98e40af2e5"}
,"/Users/dheerajagrawal/Work/Womply/react-shared-components/src/lib/components/connection-tile/ui-elements.tsx": {"path":"/Users/dheerajagrawal/Work/Womply/react-shared-components/src/lib/components/connection-tile/ui-elements.tsx","statementMap":{"0":{"start":{"line":10,"column":20},"end":{"line":36,"column":1}},"1":{"start":{"line":38,"column":33},"end":{"line":46,"column":1}},"2":{"start":{"line":48,"column":24},"end":{"line":51,"column":1}},"3":{"start":{"line":53,"column":33},"end":{"line":59,"column":1}},"4":{"start":{"line":61,"column":24},"end":{"line":69,"column":1}},"5":{"start":{"line":71,"column":29},"end":{"line":81,"column":1}},"6":{"start":{"line":83,"column":29},"end":{"line":86,"column":1}},"7":{"start":{"line":88,"column":35},"end":{"line":106,"column":1}},"8":{"start":{"line":108,"column":57},"end":{"line":148,"column":1}},"9":{"start":{"line":109,"column":33},"end":{"line":120,"column":5}},"10":{"start":{"line":110,"column":8},"end":{"line":119,"column":9}},"11":{"start":{"line":112,"column":16},"end":{"line":112,"column":62}},"12":{"start":{"line":114,"column":16},"end":{"line":114,"column":55}},"13":{"start":{"line":116,"column":16},"end":{"line":116,"column":62}},"14":{"start":{"line":118,"column":16},"end":{"line":118,"column":28}},"15":{"start":{"line":122,"column":4},"end":{"line":147,"column":5}},"16":{"start":{"line":124,"column":62},"end":{"line":124,"column":87}}},"fnMap":{"0":{"name":"(anonymous_0)","decl":{"start":{"line":108,"column":57},"end":{"line":108,"column":58}},"loc":{"start":{"line":108,"column":80},"end":{"line":148,"column":1}},"line":108},"1":{"name":"(anonymous_1)","decl":{"start":{"line":109,"column":33},"end":{"line":109,"column":34}},"loc":{"start":{"line":109,"column":57},"end":{"line":120,"column":5}},"line":109},"2":{"name":"(anonymous_2)","decl":{"start":{"line":124,"column":51},"end":{"line":124,"column":52}},"loc":{"start":{"line":124,"column":62},"end":{"line":124,"column":87}},"line":124}},"branchMap":{"0":{"loc":{"start":{"line":110,"column":8},"end":{"line":119,"column":9}},"type":"switch","locations":[{"start":{"line":111,"column":12},"end":{"line":112,"column":62}},{"start":{"line":113,"column":12},"end":{"line":114,"column":55}},{"start":{"line":115,"column":12},"end":{"line":116,"column":62}},{"start":{"line":117,"column":12},"end":{"line":118,"column":28}}],"line":110},"1":{"loc":{"start":{"line":124,"column":62},"end":{"line":124,"column":87}},"type":"binary-expr","locations":[{"start":{"line":124,"column":62},"end":{"line":124,"column":69}},{"start":{"line":124,"column":73},"end":{"line":124,"column":87}}],"line":124},"2":{"loc":{"start":{"line":127,"column":24},"end":{"line":128,"column":67}},"type":"binary-expr","locations":[{"start":{"line":127,"column":24},"end":{"line":127,"column":34}},{"start":{"line":128,"column":24},"end":{"line":128,"column":67}}],"line":127},"3":{"loc":{"start":{"line":131,"column":24},"end":{"line":135,"column":26}},"type":"binary-expr","locations":[{"start":{"line":131,"column":24},"end":{"line":131,"column":33}},{"start":{"line":132,"column":24},"end":{"line":135,"column":26}}],"line":131}},"s":{"0":1,"1":1,"2":1,"3":1,"4":1,"5":1,"6":1,"7":1,"8":1,"9":4,"10":4,"11":1,"12":1,"13":0,"14":2,"15":4,"16":0},"f":{"0":4,"1":4,"2":0},"b":{"0":[1,1,0,2],"1":[0,0],"2":[4,1],"3":[4,3]},"_coverageSchema":"43e27e138ebf9cfc5966b082cf9a028302ed4184","hash":"e8d42fbde0cc47a83039f365a7f3788383d4c910"}
,"/Users/dheerajagrawal/Work/Womply/react-shared-components/src/lib/components/content-card/index.tsx": {"path":"/Users/dheerajagrawal/Work/Womply/react-shared-components/src/lib/components/content-card/index.tsx","statementMap":{},"fnMap":{},"branchMap":{},"s":{},"f":{},"b":{},"hash":"fbf4767361ad940cd0487642381b8063cfcd08a8"}
,"/Users/dheerajagrawal/Work/Womply/react-shared-components/src/lib/components/content-card/ui-elements.tsx": {"path":"/Users/dheerajagrawal/Work/Womply/react-shared-components/src/lib/components/content-card/ui-elements.tsx","statementMap":{"0":{"start":{"line":5,"column":34},"end":{"line":8,"column":1}},"1":{"start":{"line":10,"column":32},"end":{"line":16,"column":1}},"2":{"start":{"line":18,"column":70},"end":{"line":23,"column":1}},"3":{"start":{"line":19,"column":4},"end":{"line":22,"column":25}}},"fnMap":{"0":{"name":"(anonymous_0)","decl":{"start":{"line":18,"column":70},"end":{"line":18,"column":71}},"loc":{"start":{"line":19,"column":4},"end":{"line":22,"column":25}},"line":19}},"branchMap":{"0":{"loc":{"start":{"line":20,"column":9},"end":{"line":20,"column":62}},"type":"binary-expr","locations":[{"start":{"line":20,"column":9},"end":{"line":20,"column":14}},{"start":{"line":20,"column":18},"end":{"line":20,"column":62}}],"line":20}},"s":{"0":1,"1":1,"2":1,"3":2},"f":{"0":2},"b":{"0":[2,1]},"_coverageSchema":"43e27e138ebf9cfc5966b082cf9a028302ed4184","hash":"d655b0f8b0b732f9d156053b3168be2060e4a669"}
,"/Users/dheerajagrawal/Work/Womply/react-shared-components/src/lib/components/content-panel/index.tsx": {"path":"/Users/dheerajagrawal/Work/Womply/react-shared-components/src/lib/components/content-panel/index.tsx","statementMap":{},"fnMap":{},"branchMap":{},"s":{},"f":{},"b":{},"_coverageSchema":"43e27e138ebf9cfc5966b082cf9a028302ed4184","hash":"6ff25a626b6cab7ecdaad15a71455e76af5e28c7"}
,"/Users/dheerajagrawal/Work/Womply/react-shared-components/src/lib/components/content-panel/ui-elements.tsx": {"path":"/Users/dheerajagrawal/Work/Womply/react-shared-components/src/lib/components/content-panel/ui-elements.tsx","statementMap":{"0":{"start":{"line":4,"column":35},"end":{"line":6,"column":1}},"1":{"start":{"line":8,"column":34},"end":{"line":27,"column":1}},"2":{"start":{"line":29,"column":35},"end":{"line":32,"column":1}},"3":{"start":{"line":34,"column":70},"end":{"line":41,"column":1}},"4":{"start":{"line":35,"column":4},"end":{"line":40,"column":7}}},"fnMap":{"0":{"name":"(anonymous_0)","decl":{"start":{"line":34,"column":70},"end":{"line":34,"column":71}},"loc":{"start":{"line":35,"column":4},"end":{"line":40,"column":7}},"line":35}},"branchMap":{},"s":{"0":1,"1":1,"2":1,"3":1,"4":1},"f":{"0":1},"b":{},"_coverageSchema":"43e27e138ebf9cfc5966b082cf9a028302ed4184","hash":"220254a89c8a15b90104ca27e1f4924876f36231"}
,"/Users/dheerajagrawal/Work/Womply/react-shared-components/src/lib/components/dropdown/index.tsx": {"path":"/Users/dheerajagrawal/Work/Womply/react-shared-components/src/lib/components/dropdown/index.tsx","statementMap":{"0":{"start":{"line":15,"column":49},"end":{"line":56,"column":1}},"1":{"start":{"line":21,"column":2},"end":{"line":55,"column":3}},"2":{"start":{"line":44,"column":10},"end":{"line":51,"column":21}}},"fnMap":{"0":{"name":"(anonymous_0)","decl":{"start":{"line":15,"column":49},"end":{"line":15,"column":50}},"loc":{"start":{"line":20,"column":19},"end":{"line":56,"column":1}},"line":20},"1":{"name":"(anonymous_1)","decl":{"start":{"line":43,"column":42},"end":{"line":43,"column":43}},"loc":{"start":{"line":44,"column":10},"end":{"line":51,"column":21}},"line":44}},"branchMap":{"0":{"loc":{"start":{"line":43,"column":9},"end":{"line":52,"column":10}},"type":"binary-expr","locations":[{"start":{"line":43,"column":9},"end":{"line":43,"column":26}},{"start":{"line":43,"column":30},"end":{"line":52,"column":10}}],"line":43}},"s":{"0":1,"1":2,"2":2},"f":{"0":2,"1":2},"b":{"0":[2,1]},"_coverageSchema":"43e27e138ebf9cfc5966b082cf9a028302ed4184","hash":"dbc66e3eafff3d780da9fb464ac1b5afa33c4c2a"}
,"/Users/dheerajagrawal/Work/Womply/react-shared-components/src/lib/components/form-error-message/index.tsx": {"path":"/Users/dheerajagrawal/Work/Womply/react-shared-components/src/lib/components/form-error-message/index.tsx","statementMap":{"0":{"start":{"line":5,"column":30},"end":{"line":8,"column":1}},"1":{"start":{"line":10,"column":29},"end":{"line":14,"column":1}},"2":{"start":{"line":16,"column":68},"end":{"line":23,"column":1}},"3":{"start":{"line":17,"column":4},"end":{"line":22,"column":5}}},"fnMap":{"0":{"name":"(anonymous_0)","decl":{"start":{"line":16,"column":68},"end":{"line":16,"column":69}},"loc":{"start":{"line":16,"column":90},"end":{"line":23,"column":1}},"line":16}},"branchMap":{},"s":{"0":1,"1":1,"2":1,"3":1},"f":{"0":1},"b":{},"_coverageSchema":"43e27e138ebf9cfc5966b082cf9a028302ed4184","hash":"c3ebf09d6e697534f2620e1e4f4ad85cf2effd8c"}
,"/Users/dheerajagrawal/Work/Womply/react-shared-components/src/lib/components/milestones/interfaces.tsx": {"path":"/Users/dheerajagrawal/Work/Womply/react-shared-components/src/lib/components/milestones/interfaces.tsx","statementMap":{},"fnMap":{},"branchMap":{},"s":{},"f":{},"b":{},"hash":"56e3f5e014aa72991a84223395697bc1cff10975"}
,"/Users/dheerajagrawal/Work/Womply/react-shared-components/src/lib/components/milestones/milestones-bubble/index.tsx": {"path":"/Users/dheerajagrawal/Work/Womply/react-shared-components/src/lib/components/milestones/milestones-bubble/index.tsx","statementMap":{"0":{"start":{"line":16,"column":70},"end":{"line":73,"column":1}},"1":{"start":{"line":17,"column":29},"end":{"line":17,"column":32}},"2":{"start":{"line":18,"column":48},"end":{"line":18,"column":59}},"3":{"start":{"line":19,"column":68},"end":{"line":19,"column":93}},"4":{"start":{"line":20,"column":4},"end":{"line":20,"column":133}},"5":{"start":{"line":20,"column":20},"end":{"line":20,"column":114}},"6":{"start":{"line":22,"column":23},"end":{"line":34,"column":5}},"7":{"start":{"line":23,"column":8},"end":{"line":27,"column":9}},"8":{"start":{"line":24,"column":12},"end":{"line":26,"column":13}},"9":{"start":{"line":25,"column":16},"end":{"line":25,"column":54}},"10":{"start":{"line":28,"column":8},"end":{"line":32,"column":9}},"11":{"start":{"line":29,"column":12},"end":{"line":31,"column":13}},"12":{"start":{"line":30,"column":16},"end":{"line":30,"column":54}},"13":{"start":{"line":36,"column":4},"end":{"line":72,"column":37}},"14":{"start":{"line":41,"column":35},"end":{"line":41,"column":53}},"15":{"start":{"line":56,"column":28},"end":{"line":58,"column":34}},"16":{"start":{"line":56,"column":53},"end":{"line":56,"column":66}},"17":{"start":{"line":66,"column":35},"end":{"line":66,"column":53}}},"fnMap":{"0":{"name":"(anonymous_0)","decl":{"start":{"line":16,"column":70},"end":{"line":16,"column":71}},"loc":{"start":{"line":16,"column":103},"end":{"line":73,"column":1}},"line":16},"1":{"name":"(anonymous_1)","decl":{"start":{"line":20,"column":14},"end":{"line":20,"column":15}},"loc":{"start":{"line":20,"column":20},"end":{"line":20,"column":114}},"line":20},"2":{"name":"(anonymous_2)","decl":{"start":{"line":22,"column":23},"end":{"line":22,"column":24}},"loc":{"start":{"line":22,"column":41},"end":{"line":34,"column":5}},"line":22},"3":{"name":"(anonymous_3)","decl":{"start":{"line":41,"column":29},"end":{"line":41,"column":30}},"loc":{"start":{"line":41,"column":35},"end":{"line":41,"column":53}},"line":41},"4":{"name":"(anonymous_4)","decl":{"start":{"line":55,"column":55},"end":{"line":55,"column":56}},"loc":{"start":{"line":56,"column":28},"end":{"line":58,"column":34}},"line":56},"5":{"name":"(anonymous_5)","decl":{"start":{"line":56,"column":42},"end":{"line":56,"column":43}},"loc":{"start":{"line":56,"column":53},"end":{"line":56,"column":66}},"line":56},"6":{"name":"(anonymous_6)","decl":{"start":{"line":66,"column":29},"end":{"line":66,"column":30}},"loc":{"start":{"line":66,"column":35},"end":{"line":66,"column":53}},"line":66}},"branchMap":{"0":{"loc":{"start":{"line":23,"column":8},"end":{"line":27,"column":9}},"type":"if","locations":[{"start":{"line":23,"column":8},"end":{"line":27,"column":9}},{"start":{"line":23,"column":8},"end":{"line":27,"column":9}}],"line":23},"1":{"loc":{"start":{"line":24,"column":12},"end":{"line":26,"column":13}},"type":"if","locations":[{"start":{"line":24,"column":12},"end":{"line":26,"column":13}},{"start":{"line":24,"column":12},"end":{"line":26,"column":13}}],"line":24},"2":{"loc":{"start":{"line":28,"column":8},"end":{"line":32,"column":9}},"type":"if","locations":[{"start":{"line":28,"column":8},"end":{"line":32,"column":9}},{"start":{"line":28,"column":8},"end":{"line":32,"column":9}}],"line":28},"3":{"loc":{"start":{"line":29,"column":12},"end":{"line":31,"column":13}},"type":"if","locations":[{"start":{"line":29,"column":12},"end":{"line":31,"column":13}},{"start":{"line":29,"column":12},"end":{"line":31,"column":13}}],"line":29}},"s":{"0":2,"1":5,"2":5,"3":5,"4":5,"5":2,"6":5,"7":1,"8":0,"9":0,"10":1,"11":1,"12":1,"13":5,"14":0,"15":45,"16":0,"17":1},"f":{"0":5,"1":2,"2":1,"3":0,"4":45,"5":0,"6":1},"b":{"0":[0,1],"1":[0,0],"2":[1,0],"3":[1,0]},"_coverageSchema":"43e27e138ebf9cfc5966b082cf9a028302ed4184","hash":"6b4a2ac1a4c7725541197565ab3c5abeea2e6f4f"}
,"/Users/dheerajagrawal/Work/Womply/react-shared-components/src/lib/components/milestones/milestones-bubble/ui-elements.tsx": {"path":"/Users/dheerajagrawal/Work/Womply/react-shared-components/src/lib/components/milestones/milestones-bubble/ui-elements.tsx","statementMap":{"0":{"start":{"line":4,"column":46},"end":{"line":28,"column":1}},"1":{"start":{"line":30,"column":45},"end":{"line":49,"column":1}},"2":{"start":{"line":51,"column":46},"end":{"line":69,"column":1}},"3":{"start":{"line":71,"column":40},"end":{"line":79,"column":1}},"4":{"start":{"line":81,"column":48},"end":{"line":88,"column":1}},"5":{"start":{"line":90,"column":39},"end":{"line":118,"column":1}}},"fnMap":{},"branchMap":{},"s":{"0":2,"1":2,"2":2,"3":2,"4":2,"5":2},"f":{},"b":{},"_coverageSchema":"43e27e138ebf9cfc5966b082cf9a028302ed4184","hash":"6a9d3f5f5cd67eb88ce2c36f0f6baccefbf997e8"}
,"/Users/dheerajagrawal/Work/Womply/react-shared-components/src/lib/components/milestones/milestones-main/index.tsx": {"path":"/Users/dheerajagrawal/Work/Womply/react-shared-components/src/lib/components/milestones/milestones-main/index.tsx","statementMap":{"0":{"start":{"line":7,"column":65},"end":{"line":12,"column":1}},"1":{"start":{"line":8,"column":2},"end":{"line":11,"column":33}},"2":{"start":{"line":9,"column":51},"end":{"line":9,"column":71}}},"fnMap":{"0":{"name":"(anonymous_0)","decl":{"start":{"line":7,"column":65},"end":{"line":7,"column":66}},"loc":{"start":{"line":7,"column":76},"end":{"line":12,"column":1}},"line":7},"1":{"name":"(anonymous_1)","decl":{"start":{"line":9,"column":40},"end":{"line":9,"column":41}},"loc":{"start":{"line":9,"column":51},"end":{"line":9,"column":71}},"line":9}},"branchMap":{},"s":{"0":1,"1":1,"2":0},"f":{"0":1,"1":0},"b":{},"_coverageSchema":"43e27e138ebf9cfc5966b082cf9a028302ed4184","hash":"b12193c30e12897d6d1e1fb8d2fdb22a9b53f1c4"}
,"/Users/dheerajagrawal/Work/Womply/react-shared-components/src/lib/components/milestones/milestones-main/milestones.tsx": {"path":"/Users/dheerajagrawal/Work/Womply/react-shared-components/src/lib/components/milestones/milestones-main/milestones.tsx","statementMap":{"0":{"start":{"line":3,"column":40},"end":{"line":10,"column":1}}},"fnMap":{},"branchMap":{},"s":{"0":1},"f":{},"b":{},"_coverageSchema":"43e27e138ebf9cfc5966b082cf9a028302ed4184","hash":"21adbe667151f4c3c2a44e5db239170e9f15a33c"}
,"/Users/dheerajagrawal/Work/Womply/react-shared-components/src/lib/components/milestones/milestones-progress-circle/index.tsx": {"path":"/Users/dheerajagrawal/Work/Womply/react-shared-components/src/lib/components/milestones/milestones-progress-circle/index.tsx","statementMap":{"0":{"start":{"line":6,"column":87},"end":{"line":21,"column":1}},"1":{"start":{"line":7,"column":18},"end":{"line":7,"column":47}},"2":{"start":{"line":8,"column":22},"end":{"line":8,"column":60}},"3":{"start":{"line":9,"column":29},"end":{"line":9,"column":71}},"4":{"start":{"line":11,"column":4},"end":{"line":15,"column":5}},"5":{"start":{"line":12,"column":8},"end":{"line":12,"column":45}},"6":{"start":{"line":14,"column":8},"end":{"line":14,"column":129}},"7":{"start":{"line":17,"column":4},"end":{"line":20,"column":46}}},"fnMap":{"0":{"name":"(anonymous_0)","decl":{"start":{"line":6,"column":87},"end":{"line":6,"column":88}},"loc":{"start":{"line":6,"column":109},"end":{"line":21,"column":1}},"line":6}},"branchMap":{"0":{"loc":{"start":{"line":9,"column":29},"end":{"line":9,"column":71}},"type":"binary-expr","locations":[{"start":{"line":9,"column":29},"end":{"line":9,"column":66}},{"start":{"line":9,"column":70},"end":{"line":9,"column":71}}],"line":9},"1":{"loc":{"start":{"line":11,"column":4},"end":{"line":15,"column":5}},"type":"if","locations":[{"start":{"line":11,"column":4},"end":{"line":15,"column":5}},{"start":{"line":11,"column":4},"end":{"line":15,"column":5}}],"line":11}},"s":{"0":2,"1":2,"2":2,"3":2,"4":2,"5":0,"6":2,"7":2},"f":{"0":2},"b":{"0":[2,0],"1":[0,2]},"_coverageSchema":"43e27e138ebf9cfc5966b082cf9a028302ed4184","hash":"8a4a6b6c3cd02e704b401e380bc5a8f6ca851011"}
,"/Users/dheerajagrawal/Work/Womply/react-shared-components/src/lib/components/milestones/milestones-progress-circle/milestones-progress-circle.tsx": {"path":"/Users/dheerajagrawal/Work/Womply/react-shared-components/src/lib/components/milestones/milestones-progress-circle/milestones-progress-circle.tsx","statementMap":{"0":{"start":{"line":4,"column":49},"end":{"line":13,"column":1}},"1":{"start":{"line":15,"column":45},"end":{"line":30,"column":1}}},"fnMap":{},"branchMap":{},"s":{"0":2,"1":2},"f":{},"b":{},"_coverageSchema":"43e27e138ebf9cfc5966b082cf9a028302ed4184","hash":"7e27efc0352ccd52e835edd162376ae113758f75"}
,"/Users/dheerajagrawal/Work/Womply/react-shared-components/src/lib/components/navigation/side-navigation/index.tsx": {"path":"/Users/dheerajagrawal/Work/Womply/react-shared-components/src/lib/components/navigation/side-navigation/index.tsx","statementMap":{"0":{"start":{"line":19,"column":27},"end":{"line":19,"column":30}},"1":{"start":{"line":21,"column":27},"end":{"line":103,"column":2}},"2":{"start":{"line":105,"column":28},"end":{"line":158,"column":2}},"3":{"start":{"line":168,"column":69},"end":{"line":190,"column":1}},"4":{"start":{"line":176,"column":2},"end":{"line":189,"column":4}},"5":{"start":{"line":199,"column":75},"end":{"line":217,"column":1}},"6":{"start":{"line":206,"column":2},"end":{"line":216,"column":4}},"7":{"start":{"line":226,"column":83},"end":{"line":241,"column":1}},"8":{"start":{"line":232,"column":2},"end":{"line":240,"column":4}},"9":{"start":{"line":250,"column":18},"end":{"line":257,"column":3}},"10":{"start":{"line":250,"column":39},"end":{"line":257,"column":1}},"11":{"start":{"line":259,"column":61},"end":{"line":301,"column":1}},"12":{"start":{"line":265,"column":18},"end":{"line":265,"column":29}},"13":{"start":{"line":267,"column":2},"end":{"line":300,"column":4}},"14":{"start":{"line":281,"column":44},"end":{"line":281,"column":72}},"15":{"start":{"line":303,"column":20},"end":{"line":311,"column":1}}},"fnMap":{"0":{"name":"(anonymous_0)","decl":{"start":{"line":168,"column":69},"end":{"line":168,"column":70}},"loc":{"start":{"line":175,"column":6},"end":{"line":190,"column":1}},"line":175},"1":{"name":"(anonymous_1)","decl":{"start":{"line":199,"column":75},"end":{"line":199,"column":76}},"loc":{"start":{"line":205,"column":6},"end":{"line":217,"column":1}},"line":205},"2":{"name":"(anonymous_2)","decl":{"start":{"line":226,"column":83},"end":{"line":226,"column":84}},"loc":{"start":{"line":231,"column":6},"end":{"line":241,"column":1}},"line":231},"3":{"name":"(anonymous_3)","decl":{"start":{"line":250,"column":29},"end":{"line":250,"column":30}},"loc":{"start":{"line":250,"column":39},"end":{"line":257,"column":1}},"line":250},"4":{"name":"(anonymous_4)","decl":{"start":{"line":259,"column":61},"end":{"line":259,"column":62}},"loc":{"start":{"line":264,"column":6},"end":{"line":301,"column":1}},"line":264},"5":{"name":"(anonymous_5)","decl":{"start":{"line":263,"column":12},"end":{"line":263,"column":13}},"loc":{"start":{"line":263,"column":18},"end":{"line":263,"column":20}},"line":263},"6":{"name":"(anonymous_6)","decl":{"start":{"line":281,"column":38},"end":{"line":281,"column":39}},"loc":{"start":{"line":281,"column":44},"end":{"line":281,"column":72}},"line":281}},"branchMap":{"0":{"loc":{"start":{"line":230,"column":2},"end":{"line":230,"column":22}},"type":"default-arg","locations":[{"start":{"line":230,"column":10},"end":{"line":230,"column":22}}],"line":230},"1":{"loc":{"start":{"line":261,"column":2},"end":{"line":261,"column":21}},"type":"default-arg","locations":[{"start":{"line":261,"column":10},"end":{"line":261,"column":21}}],"line":261},"2":{"loc":{"start":{"line":263,"column":2},"end":{"line":263,"column":20}},"type":"default-arg","locations":[{"start":{"line":263,"column":12},"end":{"line":263,"column":20}}],"line":263}},"s":{"0":0,"1":0,"2":0,"3":0,"4":0,"5":0,"6":0,"7":0,"8":0,"9":0,"10":0,"11":0,"12":0,"13":0,"14":0,"15":0},"f":{"0":0,"1":0,"2":0,"3":0,"4":0,"5":0,"6":0},"b":{"0":[0],"1":[0],"2":[0]},"hash":"513f63b3130bd5505f934d93c520da0d6ef9e918"}
,"/Users/dheerajagrawal/Work/Womply/react-shared-components/src/lib/components/overlay/ui-elements.tsx": {"path":"/Users/dheerajagrawal/Work/Womply/react-shared-components/src/lib/components/overlay/ui-elements.tsx","statementMap":{"0":{"start":{"line":7,"column":18},"end":{"line":30,"column":2}},"1":{"start":{"line":32,"column":51},"end":{"line":59,"column":1}},"2":{"start":{"line":40,"column":8},"end":{"line":40,"column":13}},"3":{"start":{"line":41,"column":20},"end":{"line":41,"column":31}},"4":{"start":{"line":43,"column":4},"end":{"line":58,"column":5}},"5":{"start":{"line":46,"column":111},"end":{"line":46,"column":112}}},"fnMap":{"0":{"name":"(anonymous_0)","decl":{"start":{"line":32,"column":51},"end":{"line":32,"column":52}},"loc":{"start":{"line":32,"column":75},"end":{"line":59,"column":1}},"line":32},"1":{"name":"(anonymous_1)","decl":{"start":{"line":46,"column":106},"end":{"line":46,"column":107}},"loc":{"start":{"line":46,"column":111},"end":{"line":46,"column":112}},"line":46}},"branchMap":{"0":{"loc":{"start":{"line":35,"column":8},"end":{"line":35,"column":20}},"type":"default-arg","locations":[{"start":{"line":35,"column":15},"end":{"line":35,"column":20}}],"line":35},"1":{"loc":{"start":{"line":36,"column":8},"end":{"line":36,"column":32}},"type":"default-arg","locations":[{"start":{"line":36,"column":27},"end":{"line":36,"column":32}}],"line":36},"2":{"loc":{"start":{"line":37,"column":8},"end":{"line":37,"column":27}},"type":"default-arg","locations":[{"start":{"line":37,"column":22},"end":{"line":37,"column":27}}],"line":37},"3":{"loc":{"start":{"line":38,"column":8},"end":{"line":38,"column":26}},"type":"default-arg","locations":[{"start":{"line":38,"column":21},"end":{"line":38,"column":26}}],"line":38},"4":{"loc":{"start":{"line":45,"column":13},"end":{"line":54,"column":18}},"type":"binary-expr","locations":[{"start":{"line":45,"column":13},"end":{"line":45,"column":17}},{"start":{"line":46,"column":12},"end":{"line":54,"column":18}}],"line":45},"5":{"loc":{"start":{"line":46,"column":51},"end":{"line":46,"column":95}},"type":"cond-expr","locations":[{"start":{"line":46,"column":70},"end":{"line":46,"column":90}},{"start":{"line":46,"column":93},"end":{"line":46,"column":95}}],"line":46},"6":{"loc":{"start":{"line":47,"column":17},"end":{"line":52,"column":22}},"type":"binary-expr","locations":[{"start":{"line":47,"column":17},"end":{"line":47,"column":29}},{"start":{"line":48,"column":20},"end":{"line":52,"column":22}}],"line":47}},"s":{"0":0,"1":0,"2":0,"3":0,"4":0,"5":0},"f":{"0":0,"1":0},"b":{"0":[0],"1":[0],"2":[0],"3":[0],"4":[0,0],"5":[0,0],"6":[0,0]},"hash":"ebefe79ff59a3afcf2196db717de0d7d35855bc0"}
,"/Users/dheerajagrawal/Work/Womply/react-shared-components/src/lib/components/page-layout/index.tsx": {"path":"/Users/dheerajagrawal/Work/Womply/react-shared-components/src/lib/components/page-layout/index.tsx","statementMap":{"0":{"start":{"line":5,"column":19},"end":{"line":5,"column":108}},"1":{"start":{"line":6,"column":18},"end":{"line":6,"column":58}},"2":{"start":{"line":8,"column":15},"end":{"line":20,"column":1}},"3":{"start":{"line":9,"column":19},"end":{"line":19,"column":3}},"4":{"start":{"line":22,"column":15},"end":{"line":25,"column":1}},"5":{"start":{"line":27,"column":22},"end":{"line":32,"column":1}},"6":{"start":{"line":34,"column":15},"end":{"line":37,"column":1}},"7":{"start":{"line":39,"column":19},"end":{"line":41,"column":1}},"8":{"start":{"line":52,"column":46},"end":{"line":75,"column":1}},"9":{"start":{"line":60,"column":16},"end":{"line":60,"column":26}},"10":{"start":{"line":61,"column":2},"end":{"line":74,"column":3}}},"fnMap":{"0":{"name":"(anonymous_0)","decl":{"start":{"line":9,"column":4},"end":{"line":9,"column":5}},"loc":{"start":{"line":9,"column":19},"end":{"line":19,"column":3}},"line":9},"1":{"name":"(anonymous_1)","decl":{"start":{"line":52,"column":46},"end":{"line":52,"column":47}},"loc":{"start":{"line":59,"column":19},"end":{"line":75,"column":1}},"line":59}},"branchMap":{"0":{"loc":{"start":{"line":5,"column":19},"end":{"line":5,"column":108}},"type":"cond-expr","locations":[{"start":{"line":5,"column":60},"end":{"line":5,"column":82}},{"start":{"line":5,"column":85},"end":{"line":5,"column":108}}],"line":5},"1":{"loc":{"start":{"line":6,"column":18},"end":{"line":6,"column":58}},"type":"cond-expr","locations":[{"start":{"line":6,"column":31},"end":{"line":6,"column":48}},{"start":{"line":6,"column":51},"end":{"line":6,"column":58}}],"line":6},"2":{"loc":{"start":{"line":64,"column":10},"end":{"line":64,"column":45}},"type":"binary-expr","locations":[{"start":{"line":64,"column":10},"end":{"line":64,"column":16}},{"start":{"line":64,"column":20},"end":{"line":64,"column":45}}],"line":64},"3":{"loc":{"start":{"line":66,"column":11},"end":{"line":66,"column":60}},"type":"binary-expr","locations":[{"start":{"line":66,"column":11},"end":{"line":66,"column":20}},{"start":{"line":66,"column":24},"end":{"line":66,"column":60}}],"line":66},"4":{"loc":{"start":{"line":67,"column":11},"end":{"line":67,"column":62}},"type":"binary-expr","locations":[{"start":{"line":67,"column":11},"end":{"line":67,"column":21}},{"start":{"line":67,"column":25},"end":{"line":67,"column":62}}],"line":67},"5":{"loc":{"start":{"line":68,"column":11},"end":{"line":68,"column":68}},"type":"binary-expr","locations":[{"start":{"line":68,"column":11},"end":{"line":68,"column":24}},{"start":{"line":68,"column":28},"end":{"line":68,"column":68}}],"line":68},"6":{"loc":{"start":{"line":71,"column":10},"end":{"line":71,"column":45}},"type":"binary-expr","locations":[{"start":{"line":71,"column":10},"end":{"line":71,"column":16}},{"start":{"line":71,"column":20},"end":{"line":71,"column":45}}],"line":71}},"s":{"0":1,"1":1,"2":1,"3":1,"4":1,"5":1,"6":1,"7":1,"8":1,"9":1,"10":1},"f":{"0":1,"1":1},"b":{"0":[0,1],"1":[1,0],"2":[1,1],"3":[1,1],"4":[1,1],"5":[1,1],"6":[1,1]},"_coverageSchema":"43e27e138ebf9cfc5966b082cf9a028302ed4184","hash":"54740cfd503708232f7a59301eb768838b3ab049"}
,"/Users/dheerajagrawal/Work/Womply/react-shared-components/src/lib/components/pagination/index.tsx": {"path":"/Users/dheerajagrawal/Work/Womply/react-shared-components/src/lib/components/pagination/index.tsx","statementMap":{"0":{"start":{"line":7,"column":18},"end":{"line":64,"column":3}},"1":{"start":{"line":7,"column":36},"end":{"line":64,"column":1}},"2":{"start":{"line":66,"column":53},"end":{"line":129,"column":1}},"3":{"start":{"line":77,"column":18},"end":{"line":77,"column":29}},"4":{"start":{"line":88,"column":6},"end":{"line":88,"column":13}},"5":{"start":{"line":90,"column":2},"end":{"line":128,"column":3}},"6":{"start":{"line":103,"column":10},"end":{"line":105,"column":11}},"7":{"start":{"line":104,"column":12},"end":{"line":104,"column":115}},"8":{"start":{"line":107,"column":10},"end":{"line":109,"column":11}},"9":{"start":{"line":108,"column":12},"end":{"line":108,"column":114}},"10":{"start":{"line":111,"column":10},"end":{"line":113,"column":11}},"11":{"start":{"line":112,"column":12},"end":{"line":112,"column":114}},"12":{"start":{"line":115,"column":10},"end":{"line":118,"column":11}},"13":{"start":{"line":116,"column":37},"end":{"line":116,"column":98}},"14":{"start":{"line":117,"column":12},"end":{"line":117,"column":130}},"15":{"start":{"line":120,"column":10},"end":{"line":122,"column":11}},"16":{"start":{"line":121,"column":12},"end":{"line":121,"column":127}},"17":{"start":{"line":124,"column":10},"end":{"line":124,"column":74}}},"fnMap":{"0":{"name":"(anonymous_0)","decl":{"start":{"line":7,"column":29},"end":{"line":7,"column":30}},"loc":{"start":{"line":7,"column":36},"end":{"line":64,"column":1}},"line":7},"1":{"name":"(anonymous_1)","decl":{"start":{"line":66,"column":53},"end":{"line":66,"column":54}},"loc":{"start":{"line":76,"column":6},"end":{"line":129,"column":1}},"line":76},"2":{"name":"(anonymous_2)","decl":{"start":{"line":102,"column":8},"end":{"line":102,"column":9}},"loc":{"start":{"line":102,"column":18},"end":{"line":125,"column":9}},"line":102}},"branchMap":{"0":{"loc":{"start":{"line":68,"column":2},"end":{"line":68,"column":24}},"type":"default-arg","locations":[{"start":{"line":68,"column":20},"end":{"line":68,"column":24}}],"line":68},"1":{"loc":{"start":{"line":69,"column":2},"end":{"line":69,"column":23}},"type":"default-arg","locations":[{"start":{"line":69,"column":19},"end":{"line":69,"column":23}}],"line":69},"2":{"loc":{"start":{"line":70,"column":2},"end":{"line":70,"column":24}},"type":"default-arg","locations":[{"start":{"line":70,"column":19},"end":{"line":70,"column":24}}],"line":70},"3":{"loc":{"start":{"line":71,"column":2},"end":{"line":71,"column":24}},"type":"default-arg","locations":[{"start":{"line":71,"column":19},"end":{"line":71,"column":24}}],"line":71},"4":{"loc":{"start":{"line":72,"column":2},"end":{"line":72,"column":22}},"type":"default-arg","locations":[{"start":{"line":72,"column":12},"end":{"line":72,"column":22}}],"line":72},"5":{"loc":{"start":{"line":73,"column":2},"end":{"line":73,"column":19}},"type":"default-arg","locations":[{"start":{"line":73,"column":10},"end":{"line":73,"column":19}}],"line":73},"6":{"loc":{"start":{"line":74,"column":2},"end":{"line":74,"column":19}},"type":"default-arg","locations":[{"start":{"line":74,"column":10},"end":{"line":74,"column":19}}],"line":74},"7":{"loc":{"start":{"line":103,"column":10},"end":{"line":105,"column":11}},"type":"if","locations":[{"start":{"line":103,"column":10},"end":{"line":105,"column":11}},{"start":{"line":103,"column":10},"end":{"line":105,"column":11}}],"line":103},"8":{"loc":{"start":{"line":107,"column":10},"end":{"line":109,"column":11}},"type":"if","locations":[{"start":{"line":107,"column":10},"end":{"line":109,"column":11}},{"start":{"line":107,"column":10},"end":{"line":109,"column":11}}],"line":107},"9":{"loc":{"start":{"line":111,"column":10},"end":{"line":113,"column":11}},"type":"if","locations":[{"start":{"line":111,"column":10},"end":{"line":113,"column":11}},{"start":{"line":111,"column":10},"end":{"line":113,"column":11}}],"line":111},"10":{"loc":{"start":{"line":111,"column":14},"end":{"line":111,"column":62}},"type":"binary-expr","locations":[{"start":{"line":111,"column":14},"end":{"line":111,"column":38}},{"start":{"line":111,"column":42},"end":{"line":111,"column":62}}],"line":111},"11":{"loc":{"start":{"line":115,"column":10},"end":{"line":118,"column":11}},"type":"if","locations":[{"start":{"line":115,"column":10},"end":{"line":118,"column":11}},{"start":{"line":115,"column":10},"end":{"line":118,"column":11}}],"line":115},"12":{"loc":{"start":{"line":115,"column":14},"end":{"line":115,"column":53}},"type":"binary-expr","locations":[{"start":{"line":115,"column":14},"end":{"line":115,"column":34}},{"start":{"line":115,"column":38},"end":{"line":115,"column":53}}],"line":115},"13":{"loc":{"start":{"line":116,"column":37},"end":{"line":116,"column":98}},"type":"cond-expr","locations":[{"start":{"line":116,"column":59},"end":{"line":116,"column":93}},{"start":{"line":116,"column":96},"end":{"line":116,"column":98}}],"line":116},"14":{"loc":{"start":{"line":120,"column":10},"end":{"line":122,"column":11}},"type":"if","locations":[{"start":{"line":120,"column":10},"end":{"line":122,"column":11}},{"start":{"line":120,"column":10},"end":{"line":122,"column":11}}],"line":120},"15":{"loc":{"start":{"line":120,"column":14},"end":{"line":120,"column":57}},"type":"binary-expr","locations":[{"start":{"line":120,"column":14},"end":{"line":120,"column":34}},{"start":{"line":120,"column":38},"end":{"line":120,"column":57}}],"line":120}},"s":{"0":1,"1":1,"2":1,"3":3,"4":3,"5":3,"6":27,"7":1,"8":26,"9":1,"10":25,"11":4,"12":21,"13":3,"14":3,"15":18,"16":3,"17":15},"f":{"0":1,"1":3,"2":27},"b":{"0":[0],"1":[0],"2":[0],"3":[0],"4":[0],"5":[0],"6":[0],"7":[1,26],"8":[1,25],"9":[4,21],"10":[25,23],"11":[3,18],"12":[21,18],"13":[0,3],"14":[3,15],"15":[18,15]},"_coverageSchema":"43e27e138ebf9cfc5966b082cf9a028302ed4184","hash":"4a3f330fb14d37d18cdb7b7f2301b5fad356dbd9"}
,"/Users/dheerajagrawal/Work/Womply/react-shared-components/src/lib/components/phone-input/index.tsx": {"path":"/Users/dheerajagrawal/Work/Womply/react-shared-components/src/lib/components/phone-input/index.tsx","statementMap":{"0":{"start":{"line":11,"column":21},"end":{"line":11,"column":104}},"1":{"start":{"line":13,"column":23},"end":{"line":28,"column":1}},"2":{"start":{"line":14,"column":66},"end":{"line":14,"column":71}},"3":{"start":{"line":16,"column":2},"end":{"line":27,"column":3}},"4":{"start":{"line":20,"column":8},"end":{"line":20,"column":47}},"5":{"start":{"line":30,"column":54},"end":{"line":50,"column":1}},"6":{"start":{"line":40,"column":2},"end":{"line":49,"column":4}}},"fnMap":{"0":{"name":"(anonymous_0)","decl":{"start":{"line":13,"column":23},"end":{"line":13,"column":24}},"loc":{"start":{"line":13,"column":39},"end":{"line":28,"column":1}},"line":13},"1":{"name":"(anonymous_1)","decl":{"start":{"line":19,"column":11},"end":{"line":19,"column":12}},"loc":{"start":{"line":19,"column":25},"end":{"line":21,"column":7}},"line":19},"2":{"name":"(anonymous_2)","decl":{"start":{"line":30,"column":54},"end":{"line":30,"column":55}},"loc":{"start":{"line":40,"column":2},"end":{"line":49,"column":4}},"line":40}},"branchMap":{"0":{"loc":{"start":{"line":20,"column":17},"end":{"line":20,"column":46}},"type":"cond-expr","locations":[{"start":{"line":20,"column":23},"end":{"line":20,"column":39}},{"start":{"line":20,"column":42},"end":{"line":20,"column":46}}],"line":20},"1":{"loc":{"start":{"line":32,"column":2},"end":{"line":32,"column":17}},"type":"default-arg","locations":[{"start":{"line":32,"column":10},"end":{"line":32,"column":17}}],"line":32},"2":{"loc":{"start":{"line":33,"column":2},"end":{"line":33,"column":22}},"type":"default-arg","locations":[{"start":{"line":33,"column":12},"end":{"line":33,"column":22}}],"line":33},"3":{"loc":{"start":{"line":34,"column":2},"end":{"line":34,"column":15}},"type":"default-arg","locations":[{"start":{"line":34,"column":10},"end":{"line":34,"column":15}}],"line":34},"4":{"loc":{"start":{"line":35,"column":2},"end":{"line":35,"column":18}},"type":"default-arg","locations":[{"start":{"line":35,"column":13},"end":{"line":35,"column":18}}],"line":35},"5":{"loc":{"start":{"line":36,"column":2},"end":{"line":36,"column":26}},"type":"default-arg","locations":[{"start":{"line":36,"column":14},"end":{"line":36,"column":26}}],"line":36}},"s":{"0":0,"1":0,"2":0,"3":0,"4":0,"5":0,"6":0},"f":{"0":0,"1":0,"2":0},"b":{"0":[0,0],"1":[0],"2":[0],"3":[0],"4":[0],"5":[0]},"hash":"df9ae4dcc57f8b37229788e7506e89710236b5c6"}
[...]
"end":{"line":170,"column":3}},"line":162},"10":{"name":"(anonymous_10)","decl":{"start":{"line":172,"column":23},"end":{"line":172,"column":24}},"loc":{"start":{"line":172,"column":42},"end":{"line":174,"column":3}},"line":172},"11":{"name":"(anonymous_11)","decl":{"start":{"line":176,"column":29},"end":{"line":176,"column":30}},"loc":{"start":{"line":176,"column":35},"end":{"line":192,"column":3}},"line":176},"12":{"name":"(anonymous_12)","decl":{"start":{"line":194,"column":12},"end":{"line":194,"column":13}},"loc":{"start":{"line":194,"column":18},"end":{"line":207,"column":3}},"line":194},"13":{"name":"(anonymous_13)","decl":{"start":{"line":197,"column":41},"end":{"line":197,"column":42}},"loc":{"start":{"line":197,"column":62},"end":{"line":202,"column":7}},"line":197},"14":{"name":"(anonymous_14)","decl":{"start":{"line":212,"column":54},"end":{"line":212,"column":55}},"loc":{"start":{"line":212,"column":60},"end":{"line":212,"column":78}},"line":212},"15":{"name":"(anonymous_15)","decl":{"start":{"line":217,"column":18},"end":{"line":217,"column":19}},"loc":{"start":{"line":218,"column":10},"end":{"line":230,"column":16}},"line":218},"16":{"name":"(anonymous_16)","decl":{"start":{"line":221,"column":23},"end":{"line":221,"column":24}},"loc":{"start":{"line":221,"column":29},"end":{"line":221,"column":52}},"line":221},"17":{"name":"(anonymous_17)","decl":{"start":{"line":236,"column":56},"end":{"line":236,"column":57}},"loc":{"start":{"line":236,"column":66},"end":{"line":236,"column":71}},"line":236},"18":{"name":"(anonymous_18)","decl":{"start":{"line":245,"column":19},"end":{"line":245,"column":20}},"loc":{"start":{"line":245,"column":25},"end":{"line":245,"column":44}},"line":245}},"branchMap":{"0":{"loc":{"start":{"line":106,"column":27},"end":{"line":106,"column":48}},"type":"cond-expr","locations":[{"start":{"line":106,"column":34},"end":{"line":106,"column":39}},{"start":{"line":106,"column":42},"end":{"line":106,"column":48}}],"line":106},"1":{"loc":{"start":{"line":107,"column":28},"end":{"line":107,"column":50}},"type":"cond-expr","locations":[{"start":{"line":107,"column":36},"end":{"line":107,"column":41}},{"start":{"line":107,"column":44},"end":{"line":107,"column":50}}],"line":107},"2":{"loc":{"start":{"line":128,"column":2},"end":{"line":128,"column":20}},"type":"default-arg","locations":[{"start":{"line":128,"column":17},"end":{"line":128,"column":20}}],"line":128},"3":{"loc":{"start":{"line":129,"column":2},"end":{"line":129,"column":20}},"type":"default-arg","locations":[{"start":{"line":129,"column":15},"end":{"line":129,"column":20}}],"line":129},"4":{"loc":{"start":{"line":137,"column":4},"end":{"line":137,"column":62}},"type":"binary-expr","locations":[{"start":{"line":137,"column":4},"end":{"line":137,"column":19}},{"start":{"line":137,"column":24},"end":{"line":137,"column":28}},{"start":{"line":137,"column":32},"end":{"line":137,"column":47}},{"start":{"line":137,"column":51},"end":{"line":137,"column":61}}],"line":137},"5":{"loc":{"start":{"line":144,"column":4},"end":{"line":155,"column":5}},"type":"if","locations":[{"start":{"line":144,"column":4},"end":{"line":155,"column":5}}],"line":144},"6":{"loc":{"start":{"line":152,"column":14},"end":{"line":152,"column":67}},"type":"cond-expr","locations":[{"start":{"line":152,"column":27},"end":{"line":152,"column":43}},{"start":{"line":152,"column":46},"end":{"line":152,"column":67}}],"line":152},"7":{"loc":{"start":{"line":157,"column":4},"end":{"line":159,"column":5}},"type":"if","locations":[{"start":{"line":157,"column":4},"end":{"line":159,"column":5}},{"start":{"line":157,"column":4},"end":{"line":159,"column":5}}],"line":157},"8":{"loc":{"start":{"line":164,"column":4},"end":{"line":169,"column":5}},"type":"if","locations":[{"start":{"line":164,"column":4},"end":{"line":169,"column":5}}],"line":164},"9":{"loc":{"start":{"line":173,"column":19},"end":{"line":173,"column":54}},"type":"cond-expr","locations":[{"start":{"line":173,"column":26},"end":{"line":173,"column":39}},{"start":{"line":173,"column":42},"end":{"line":173,"column":54}}],"line":173},"10":{"loc":{"start":{"line":177,"column":4},"end":{"line":191,"column":5}},"type":"if","locations":[{"start":{"line":177,"column":4},"end":{"line":191,"column":5}},{"start":{"line":177,"column":4},"end":{"line":191,"column":5}}],"line":177},"11":{"loc":{"start":{"line":178,"column":6},"end":{"line":181,"column":17}},"type":"binary-expr","locations":[{"start":{"line":178,"column":6},"end":{"line":178,"column":13}},{"start":{"line":179,"column":6},"end":{"line":179,"column":21}},{"start":{"line":180,"column":6},"end":{"line":180,"column":63}},{"start":{"line":181,"column":6},"end":{"line":181,"column":17}}],"line":178},"12":{"loc":{"start":{"line":195,"column":4},"end":{"line":206,"column":5}},"type":"if","locations":[{"start":{"line":195,"column":4},"end":{"line":206,"column":5}},{"start":{"line":195,"column":4},"end":{"line":206,"column":5}}],"line":195},"13":{"loc":{"start":{"line":195,"column":8},"end":{"line":195,"column":34}},"type":"binary-expr","locations":[{"start":{"line":195,"column":8},"end":{"line":195,"column":15}},{"start":{"line":195,"column":19},"end":{"line":195,"column":34}}],"line":195},"14":{"loc":{"start":{"line":198,"column":8},"end":{"line":201,"column":9}},"type":"if","locations":[{"start":{"line":198,"column":8},"end":{"line":201,"column":9}},{"start":{"line":198,"column":8},"end":{"line":201,"column":9}}],"line":198},"15":{"loc":{"start":{"line":209,"column":9},"end":{"line":254,"column":10}},"type":"cond-expr","locations":[{"start":{"line":210,"column":4},"end":{"line":253,"column":16}},{"start":{"line":254,"column":6},"end":{"line":254,"column":10}}],"line":209},"16":{"loc":{"start":{"line":209,"column":9},"end":{"line":209,"column":32}},"type":"binary-expr","locations":[{"start":{"line":209,"column":9},"end":{"line":209,"column":13}},{"start":{"line":209,"column":17},"end":{"line":209,"column":32}}],"line":209},"17":{"loc":{"start":{"line":211,"column":7},"end":{"line":215,"column":7}},"type":"binary-expr","locations":[{"start":{"line":211,"column":7},"end":{"line":211,"column":15}},{"start":{"line":212,"column":8},"end":{"line":214,"column":16}}],"line":211},"18":{"loc":{"start":{"line":234,"column":12},"end":{"line":236,"column":75}},"type":"cond-expr","locations":[{"start":{"line":235,"column":16},"end":{"line":235,"column":17}},{"start":{"line":236,"column":16},"end":{"line":236,"column":75}}],"line":234},"19":{"loc":{"start":{"line":241,"column":7},"end":{"line":249,"column":7}},"type":"binary-expr","locations":[{"start":{"line":241,"column":7},"end":{"line":241,"column":16}},{"start":{"line":242,"column":8},"end":{"line":248,"column":16}}],"line":241},"20":{"loc":{"start":{"line":251,"column":9},"end":{"line":251,"column":56}},"type":"cond-expr","locations":[{"start":{"line":251,"column":20},"end":{"line":251,"column":28}},{"start":{"line":251,"column":31},"end":{"line":251,"column":56}}],"line":251}},"s":{"0":1,"1":1,"2":1,"3":1,"4":1,"5":13,"6":13,"7":1,"8":8,"9":8,"10":1,"11":1,"12":15,"13":15,"14":15,"15":15,"16":15,"17":15,"18":19,"19":15,"20":3,"21":3,"22":4,"23":1,"24":3,"25":3,"26":3,"27":1,"28":15,"29":2,"30":2,"31":15,"32":2,"33":15,"34":3,"35":2,"36":2,"37":1,"38":1,"39":15,"40":9,"41":3,"42":3,"43":56,"44":53,"45":53,"46":3,"47":3,"48":3,"49":15,"50":1,"51":166,"52":3,"53":3,"54":1},"f":{"0":13,"1":13,"2":8,"3":8,"4":15,"5":19,"6":3,"7":4,"8":1,"9":2,"10":2,"11":3,"12":9,"13":56,"14":1,"15":166,"16":3,"17":3,"18":1},"b":{"0":[4,4],"1":[4,4],"2":[15],"3":[12],"4":[15,8,8,6],"5":[3],"6":[1,2],"7":[1,2],"8":[2],"9":[1,1],"10":[2,1],"11":[3,3,3,2],"12":[3,6],"13":[9,9],"14":[53,3],"15":[13,2],"16":[15,15],"17":[13,4],"18":[7,6],"19":[13,4],"20":[1,12]},"_coverageSchema":"43e27e138ebf9cfc5966b082cf9a028302ed4184","hash":"b05a2dbde4a8a14db297dea285329803a634eb0a"}
,"/Users/dheerajagrawal/Work/Womply/react-shared-components/src/lib/components/verification-code-input/index.tsx": {"path":"/Users/dheerajagrawal/Work/Womply/react-shared-components/src/lib/components/verification-code-input/index.tsx","statementMap":{"0":{"start":{"line":7,"column":27},"end":{"line":18,"column":1}},"1":{"start":{"line":20,"column":27},"end":{"line":31,"column":1}},"2":{"start":{"line":33,"column":34},"end":{"line":44,"column":1}},"3":{"start":{"line":46,"column":34},"end":{"line":57,"column":1}},"4":{"start":{"line":59,"column":18},"end":{"line":96,"column":2}},"5":{"start":{"line":60,"column":4},"end":{"line":96,"column":1}},"6":{"start":{"line":115,"column":68},"end":{"line":166,"column":1}},"7":{"start":{"line":124,"column":20},"end":{"line":124,"column":31}},"8":{"start":{"line":125,"column":22},"end":{"line":125,"column":46}},"9":{"start":{"line":127,"column":4},"end":{"line":132,"column":21}},"10":{"start":{"line":128,"column":8},"end":{"line":131,"column":9}},"11":{"start":{"line":129,"column":31},"end":{"line":129,"column":58}},"12":{"start":{"line":130,"column":12},"end":{"line":130,"column":106}},"13":{"start":{"line":130,"column":59},"end":{"line":130,"column":104}},"14":{"start":{"line":134,"column":4},"end":{"line":149,"column":15}},"15":{"start":{"line":135,"column":8},"end":{"line":143,"column":9}},"16":{"start":{"line":136,"column":12},"end":{"line":142,"column":14}},"17":{"start":{"line":137,"column":35},"end":{"line":137,"column":64}},"18":{"start":{"line":137,"column":61},"end":{"line":137,"column":63}},"19":{"start":{"line":138,"column":16},"end":{"line":141,"column":17}},"20":{"start":{"line":144,"column":8},"end":{"line":148,"column":9}},"21":{"start":{"line":145,"column":12},"end":{"line":147,"column":13}},"22":{"start":{"line":145,"column":25},"end":{"line":145,"column":26}},"23":{"start":{"line":146,"column":16},"end":{"line":146,"column":59}},"24":{"start":{"line":151,"column":24},"end":{"line":151,"column":78}},"25":{"start":{"line":152,"column":31},"end":{"line":152,"column":99}},"26":{"start":{"line":154,"column":4},"end":{"line":165,"column":5}}},"fnMap":{"0":{"name":"(anonymous_0)","decl":{"start":{"line":59,"column":29},"end":{"line":59,"column":30}},"loc":{"start":{"line":60,"column":4},"end":{"line":96,"column":1}},"line":60},"1":{"name":"(anonymous_1)","decl":{"start":{"line":115,"column":68},"end":{"line":115,"column":69}},"loc":{"start":{"line":123,"column":18},"end":{"line":166,"column":1}},"line":123},"2":{"name":"(anonymous_2)","decl":{"start":{"line":127,"column":14},"end":{"line":127,"column":15}},"loc":{"start":{"line":127,"column":20},"end":{"line":132,"column":5}},"line":127},"3":{"name":"(anonymous_3)","decl":{"start":{"line":130,"column":31},"end":{"line":130,"column":32}},"loc":{"start":{"line":130,"column":59},"end":{"line":130,"column":104}},"line":130},"4":{"name":"(anonymous_4)","decl":{"start":{"line":134,"column":14},"end":{"line":134,"column":15}},"loc":{"start":{"line":134,"column":20},"end":{"line":149,"column":5}},"line":134},"5":{"name":"(anonymous_5)","decl":{"start":{"line":136,"column":39},"end":{"line":136,"column":40}},"loc":{"start":{"line":136,"column":70},"end":{"line":142,"column":13}},"line":136},"6":{"name":"(anonymous_6)","decl":{"start":{"line":137,"column":55},"end":{"line":137,"column":56}},"loc":{"start":{"line":137,"column":61},"end":{"line":137,"column":63}},"line":137}},"branchMap":{"0":{"loc":{"start":{"line":69,"column":62},"end":{"line":69,"column":104}},"type":"cond-expr","locations":[{"start":{"line":69,"column":95},"end":{"line":69,"column":98}},{"start":{"line":69,"column":101},"end":{"line":69,"column":104}}],"line":69},"1":{"loc":{"start":{"line":78,"column":42},"end":{"line":78,"column":84}},"type":"cond-expr","locations":[{"start":{"line":78,"column":75},"end":{"line":78,"column":78}},{"start":{"line":78,"column":81},"end":{"line":78,"column":84}}],"line":78},"2":{"loc":{"start":{"line":116,"column":4},"end":{"line":116,"column":21}},"type":"default-arg","locations":[{"start":{"line":116,"column":16},"end":{"line":116,"column":21}}],"line":116},"3":{"loc":{"start":{"line":117,"column":4},"end":{"line":117,"column":20}},"type":"default-arg","locations":[{"start":{"line":117,"column":18},"end":{"line":117,"column":20}}],"line":117},"4":{"loc":{"start":{"line":119,"column":4},"end":{"line":119,"column":14}},"type":"default-arg","locations":[{"start":{"line":119,"column":13},"end":{"line":119,"column":14}}],"line":119},"5":{"loc":{"start":{"line":128,"column":8},"end":{"line":131,"column":9}},"type":"if","locations":[{"start":{"line":128,"column":8},"end":{"line":131,"column":9}},{"start":{"line":128,"column":8},"end":{"line":131,"column":9}}],"line":128},"6":{"loc":{"start":{"line":135,"column":8},"end":{"line":143,"column":9}},"type":"if","locations":[{"start":{"line":135,"column":8},"end":{"line":143,"column":9}},{"start":{"line":135,"column":8},"end":{"line":143,"column":9}}],"line":135},"7":{"loc":{"start":{"line":135,"column":12},"end":{"line":135,"column":46}},"type":"binary-expr","locations":[{"start":{"line":135,"column":12},"end":{"line":135,"column":24}},{"start":{"line":135,"column":28},"end":{"line":135,"column":46}}],"line":135},"8":{"loc":{"start":{"line":144,"column":8},"end":{"line":148,"column":9}},"type":"if","locations":[{"start":{"line":144,"column":8},"end":{"line":148,"column":9}},{"start":{"line":144,"column":8},"end":{"line":148,"column":9}}],"line":144},"9":{"loc":{"start":{"line":144,"column":12},"end":{"line":144,"column":39}},"type":"binary-expr","locations":[{"start":{"line":144,"column":12},"end":{"line":144,"column":17}},{"start":{"line":144,"column":21},"end":{"line":144,"column":39}}],"line":144},"10":{"loc":{"start":{"line":151,"column":24},"end":{"line":151,"column":78}},"type":"cond-expr","locations":[{"start":{"line":151,"column":39},"end":{"line":151,"column":57}},{"start":{"line":151,"column":60},"end":{"line":151,"column":78}}],"line":151},"11":{"loc":{"start":{"line":152,"column":31},"end":{"line":152,"column":99}},"type":"cond-expr","locations":[{"start":{"line":152,"column":46},"end":{"line":152,"column":71}},{"start":{"line":152,"column":74},"end":{"line":152,"column":99}}],"line":152}},"s":{"0":1,"1":1,"2":1,"3":1,"4":1,"5":1,"6":1,"7":1,"8":1,"9":1,"10":1,"11":1,"12":1,"13":6,"14":1,"15":1,"16":0,"17":0,"18":0,"19":0,"20":1,"21":0,"22":0,"23":0,"24":1,"25":1,"26":1},"f":{"0":1,"1":1,"2":1,"3":6,"4":1,"5":0,"6":0},"b":{"0":[1,0],"1":[1,0],"2":[1],"3":[1],"4":[0],"5":[1,0],"6":[0,1],"7":[1,0],"8":[0,1],"9":[1,0],"10":[0,1],"11":[0,1]},"_coverageSchema":"43e27e138ebf9cfc5966b082cf9a028302ed4184","hash":"f7c6cd5d8256167d3bb96b3e9b8a6608e16e684f"}
,"/Users/dheerajagrawal/Work/Womply/react-shared-components/src/lib/utils/businesshours.util.tsx": {"path":"/Users/dheerajagrawal/Work/Womply/react-shared-components/src/lib/utils/businesshours.util.tsx","statementMap":{"0":{"start":{"line":4,"column":21},"end":{"line":4,"column":99}},"1":{"start":{"line":6,"column":31},"end":{"line":17,"column":2}},"2":{"start":{"line":6,"column":81},"end":{"line":17,"column":2}},"3":{"start":{"line":7,"column":18},"end":{"line":9,"column":6}},"4":{"start":{"line":7,"column":54},"end":{"line":7,"column":74}},"5":{"start":{"line":8,"column":8},"end":{"line":8,"column":68}},"6":{"start":{"line":10,"column":21},"end":{"line":10,"column":102}},"7":{"start":{"line":10,"column":57},"end":{"line":10,"column":101}},"8":{"start":{"line":12,"column":4},"end":{"line":16,"column":5}},"9":{"start":{"line":19,"column":32},"end":{"line":28,"column":2}},"10":{"start":{"line":19,"column":62},"end":{"line":28,"column":2}},"11":{"start":{"line":19,"column":106},"end":{"line":27,"column":25}},"12":{"start":{"line":20,"column":8},"end":{"line":26,"column":9}},"13":{"start":{"line":21,"column":12},"end":{"line":25,"column":13}},"14":{"start":{"line":27,"column":19},"end":{"line":27,"column":24}}},"fnMap":{"0":{"name":"(anonymous_0)","decl":{"start":{"line":6,"column":31},"end":{"line":6,"column":32}},"loc":{"start":{"line":6,"column":81},"end":{"line":17,"column":2}},"line":6},"1":{"name":"(anonymous_1)","decl":{"start":{"line":6,"column":98},"end":{"line":6,"column":99}},"loc":{"start":{"line":6,"column":108},"end":{"line":17,"column":1}},"line":6},"2":{"name":"(anonymous_2)","decl":{"start":{"line":7,"column":46},"end":{"line":7,"column":47}},"loc":{"start":{"line":7,"column":54},"end":{"line":7,"column":74}},"line":7},"3":{"name":"(anonymous_3)","decl":{"start":{"line":7,"column":80},"end":{"line":7,"column":81}},"loc":{"start":{"line":7,"column":86},"end":{"line":9,"column":5}},"line":7},"4":{"name":"(anonymous_4)","decl":{"start":{"line":10,"column":51},"end":{"line":10,"column":52}},"loc":{"start":{"line":10,"column":57},"end":{"line":10,"column":101}},"line":10},"5":{"name":"(anonymous_5)","decl":{"start":{"line":19,"column":32},"end":{"line":19,"column":33}},"loc":{"start":{"line":19,"column":62},"end":{"line":28,"column":2}},"line":19},"6":{"name":"(anonymous_6)","decl":{"start":{"line":19,"column":101},"end":{"line":19,"column":102}},"loc":{"start":{"line":19,"column":106},"end":{"line":27,"column":25}},"line":19},"7":{"name":"(anonymous_7)","decl":{"start":{"line":19,"column":120},"end":{"line":19,"column":121}},"loc":{"start":{"line":19,"column":126},"end":{"line":27,"column":5}},"line":19},"8":{"name":"(anonymous_8)","decl":{"start":{"line":27,"column":14},"end":{"line":27,"column":15}},"loc":{"start":{"line":27,"column":19},"end":{"line":27,"column":24}},"line":27}},"branchMap":{"0":{"loc":{"start":{"line":6,"column":32},"end":{"line":6,"column":76}},"type":"default-arg","locations":[{"start":{"line":6,"column":74},"end":{"line":6,"column":76}}],"line":6},"1":{"loc":{"start":{"line":7,"column":19},"end":{"line":7,"column":37}},"type":"binary-expr","locations":[{"start":{"line":7,"column":19},"end":{"line":7,"column":31}},{"start":{"line":7,"column":35},"end":{"line":7,"column":37}}],"line":7},"2":{"loc":{"start":{"line":10,"column":21},"end":{"line":10,"column":102}},"type":"binary-expr","locations":[{"start":{"line":10,"column":21},"end":{"line":10,"column":35}},{"start":{"line":10,"column":39},"end":{"line":10,"column":102}}],"line":10},"3":{"loc":{"start":{"line":10,"column":57},"end":{"line":10,"column":101}},"type":"binary-expr","locations":[{"start":{"line":10,"column":57},"end":{"line":10,"column":76}},{"start":{"line":10,"column":80},"end":{"line":10,"column":101}}],"line":10},"4":{"loc":{"start":{"line":14,"column":18},"end":{"line":14,"column":35}},"type":"binary-expr","locations":[{"start":{"line":14,"column":18},"end":{"line":14,"column":26}},{"start":{"line":14,"column":30},"end":{"line":14,"column":35}}],"line":14},"5":{"loc":{"start":{"line":15,"column":15},"end":{"line":15,"column":77}},"type":"cond-expr","locations":[{"start":{"line":15,"column":32},"end":{"line":15,"column":37}},{"start":{"line":15,"column":40},"end":{"line":15,"column":77}}],"line":15},"6":{"loc":{"start":{"line":19,"column":77},"end":{"line":19,"column":95}},"type":"binary-expr","locations":[{"start":{"line":19,"column":77},"end":{"line":19,"column":89}},{"start":{"line":19,"column":93},"end":{"line":19,"column":95}}],"line":19},"7":{"loc":{"start":{"line":20,"column":8},"end":{"line":26,"column":9}},"type":"if","locations":[{"start":{"line":20,"column":8},"end":{"line":26,"column":9}},{"start":{"line":20,"column":8},"end":{"line":26,"column":9}}],"line":20},"8":{"loc":{"start":{"line":20,"column":11},"end":{"line":20,"column":56}},"type":"binary-expr","locations":[{"start":{"line":20,"column":11},"end":{"line":20,"column":31}},{"start":{"line":20,"column":35},"end":{"line":20,"column":56}}],"line":20}},"s":{"0":1,"1":1,"2":4,"3":28,"4":168,"5":24,"6":28,"7":21,"8":28,"9":1,"10":1,"11":7,"12":7,"13":7,"14":7},"f":{"0":4,"1":28,"2":168,"3":24,"4":21,"5":1,"6":7,"7":7,"8":7},"b":{"0":[1],"1":[28,0],"2":[28,21],"3":[21,3],"4":[28,25],"5":[21,7],"6":[1,0],"7":[7,0],"8":[7,0]},"_coverageSchema":"43e27e138ebf9cfc5966b082cf9a028302ed4184","hash":"8f529543ea16faab035e917089f4f446af209de3"}
}
