TN:
SF:/Users/dheerajagrawal/Work/Womply/react-shared-components/src/App.tsx
FN:9,App
FNF:1
FNH:1
FNDA:1,App
DA:10,1
LF:1
LH:1
BRF:0
BRH:0
end_of_record
TN:
SF:/Users/dheerajagrawal/Work/Womply/react-shared-components/src/index.tsx
FNF:0
FNH:0
DA:7,0
DA:12,0
LF:2
LH:0
BRF:0
BRH:0
end_of_record
TN:
SF:/Users/dheerajagrawal/Work/Womply/react-shared-components/src/lib/components/accordian/index.tsx
FN:6,(anonymous_0)
FNF:1
FNH:1
FNDA:2,(anonymous_0)
DA:6,1
DA:7,2
LF:2
LH:2
BRDA:6,0,0,2
BRF:1
BRH:1
end_of_record
TN:
SF:/Users/dheerajagrawal/Work/Womply/react-shared-components/src/lib/components/accordian/ui-elements.tsx
FNF:0
FNH:0
DA:5,1
DA:12,1
DA:16,1
LF:3
LH:3
BRF:0
BRH:0
end_of_record
TN:
SF:/Users/dheerajagrawal/Work/Womply/react-shared-components/src/lib/components/brand/index.tsx
FNF:0
FNH:0
LF:0
LH:0
BRF:0
BRH:0
end_of_record
TN:
SF:/Users/dheerajagrawal/Work/Womply/react-shared-components/src/lib/components/brand/ui-elements.tsx
FN:17,(anonymous_0)
FNF:1
FNH:1
FNDA:3,(anonymous_0)
DA:5,3
DA:17,3
DA:18,3
LF:3
LH:3
BRDA:17,0,0,2
BRDA:19,1,0,1
BRDA:19,1,1,2
BRF:3
BRH:3
end_of_record
TN:
SF:/Users/dheerajagrawal/Work/Womply/react-shared-components/src/lib/components/business-dropdown/interfaces.tsx
FNF:0
FNH:0
LF:0
LH:0
BRF:0
BRH:0
end_of_record
TN:
SF:/Users/dheerajagrawal/Work/Womply/react-shared-components/src/lib/components/business-dropdown/business-dropdown-main/business-dropdown.tsx
FNF:0
FNH:0
DA:3,1
LF:1
LH:1
BRF:0
BRH:0
end_of_record
TN:
SF:/Users/dheerajagrawal/Work/Womply/react-shared-components/src/lib/components/business-dropdown/business-dropdown-main/index.tsx
FN:9,(anonymous_0)
FN:18,(anonymous_1)
FN:21,(anonymous_2)
FN:22,(anonymous_3)
FN:23,(anonymous_4)
FN:24,(anonymous_5)
FN:46,(anonymous_6)
FNF:7
FNH:7
FNDA:1,(anonymous_0)
FNDA:1,(anonymous_1)
FNDA:3,(anonymous_2)
FNDA:9,(anonymous_3)
FNDA:6,(anonymous_4)
FNDA:6,(anonymous_5)
FNDA:3,(anonymous_6)
DA:9,1
DA:10,1
DA:18,1
DA:19,1
DA:21,1
DA:22,9
DA:23,6
DA:24,6
DA:25,3
DA:28,1
DA:47,3
LF:11
LH:11
BRDA:43,0,0,1
BRDA:43,0,1,0
BRF:2
BRH:1
end_of_record
TN:
SF:/Users/dheerajagrawal/Work/Womply/react-shared-components/src/lib/components/business-hours-of-operation/index.tsx
FN:23,(anonymous_0)
FN:23,(anonymous_1)
FN:23,(anonymous_2)
FN:43,(anonymous_3)
FN:48,(anonymous_4)
FN:58,(anonymous_5)
FN:64,(anonymous_6)
FN:69,(anonymous_7)
FN:71,(anonymous_8)
FN:78,(anonymous_9)
FN:80,(anonymous_10)
FN:86,(anonymous_11)
FN:91,(anonymous_12)
FN:96,(anonymous_13)
FN:97,(anonymous_14)
FN:102,(anonymous_15)
FN:102,(anonymous_16)
FN:104,(anonymous_17)
FN:107,(anonymous_18)
FN:129,(anonymous_19)
FN:135,(anonymous_20)
FN:151,(anonymous_21)
FN:164,(anonymous_22)
FN:175,(anonymous_23)
FN:179,(anonymous_24)
FNF:25
FNH:18
FNDA:13,(anonymous_0)
FNDA:1,(anonymous_1)
FNDA:0,(anonymous_2)
FNDA:4,(anonymous_3)
FNDA:0,(anonymous_4)
FNDA:1,(anonymous_5)
FNDA:2,(anonymous_6)
FNDA:1,(anonymous_7)
FNDA:1,(anonymous_8)
FNDA:7,(anonymous_9)
FNDA:0,(anonymous_10)
FNDA:2,(anonymous_11)
FNDA:0,(anonymous_12)
FNDA:13,(anonymous_13)
FNDA:91,(anonymous_14)
FNDA:13,(anonymous_15)
FNDA:16,(anonymous_16)
FNDA:13,(anonymous_17)
FNDA:16,(anonymous_18)
FNDA:0,(anonymous_19)
FNDA:0,(anonymous_20)
FNDA:0,(anonymous_21)
FNDA:1,(anonymous_22)
FNDA:1,(anonymous_23)
FNDA:1,(anonymous_24)
DA:23,1
DA:24,13
DA:25,13
DA:27,13
DA:29,13
DA:33,13
DA:43,13
DA:44,4
DA:45,4
DA:48,13
DA:49,0
DA:50,0
DA:51,0
DA:53,0
DA:55,0
DA:58,13
DA:59,1
DA:60,1
DA:61,1
DA:64,13
DA:65,2
DA:66,2
DA:69,13
DA:70,1
DA:71,1
DA:72,1
DA:73,1
DA:74,0
DA:76,1
DA:78,7
DA:80,0
DA:82,1
DA:83,1
DA:86,13
DA:87,2
DA:88,2
DA:91,13
DA:92,0
DA:93,0
DA:96,13
DA:97,91
DA:98,13
DA:99,13
DA:102,16
DA:104,13
DA:105,13
DA:107,13
DA:108,16
DA:129,0
DA:135,0
DA:146,13
DA:151,0
DA:164,1
DA:175,1
DA:179,1
LF:55
LH:43
BRDA:23,0,0,13
BRDA:23,1,0,13
BRDA:23,2,0,13
BRDA:23,3,0,13
BRDA:49,4,0,0
BRDA:49,4,1,0
BRDA:50,5,0,0
BRDA:50,5,1,0
BRDA:71,6,0,1
BRDA:71,6,1,1
BRDA:72,7,0,1
BRDA:72,7,1,0
BRDA:73,8,0,0
BRDA:73,8,1,1
BRDA:82,9,0,1
BRDA:82,9,1,0
BRDA:83,10,0,1
BRDA:83,10,1,0
BRDA:88,11,0,1
BRDA:88,11,1,1
BRDA:91,12,0,0
BRDA:92,13,0,0
BRDA:92,13,1,0
BRDA:102,14,0,16
BRDA:102,14,1,6
BRDA:102,14,2,10
BRDA:102,14,3,0
BRDA:102,14,4,16
BRDA:102,14,5,6
BRDA:102,14,6,6
BRDA:102,14,7,6
BRDA:121,15,0,2
BRDA:121,15,1,14
BRDA:125,16,0,13
BRDA:125,16,1,3
BRDA:129,17,0,0
BRDA:129,17,1,0
BRDA:135,18,0,0
BRDA:135,18,1,0
BRF:39
BRH:23
end_of_record
TN:
SF:/Users/dheerajagrawal/Work/Womply/react-shared-components/src/lib/components/business-hours-of-operation/interfaces.tsx
FNF:0
FNH:0
LF:0
LH:0
BRF:0
BRH:0
end_of_record
TN:
SF:/Users/dheerajagrawal/Work/Womply/react-shared-components/src/lib/components/business-hours-of-operation/ui-elements.tsx
FN:19,(anonymous_0)
FN:20,(anonymous_1)
FN:24,(anonymous_2)
FN:25,(anonymous_3)
FN:35,(anonymous_4)
FNF:5
FNH:5
FNDA:96,(anonymous_0)
FNDA:96,(anonymous_1)
FNDA:199,(anonymous_2)
FNDA:199,(anonymous_3)
FNDA:8,(anonymous_4)
DA:6,2
DA:11,2
DA:16,2
DA:19,96
DA:20,96
DA:23,2
DA:24,199
DA:25,199
DA:28,2
DA:33,2
DA:35,8
DA:38,2
DA:43,2
DA:47,2
LF:14
LH:14
BRF:0
BRH:0
end_of_record
TN:
SF:/Users/dheerajagrawal/Work/Womply/react-shared-components/src/lib/components/business-hours-of-operation/antd-timepicker/index.tsx
FN:10,(anonymous_0)
FN:19,(anonymous_1)
FN:20,(anonymous_2)
FN:21,(anonymous_3)
FN:22,(anonymous_4)
FNF:5
FNH:2
FNDA:18,(anonymous_0)
FNDA:0,(anonymous_1)
FNDA:1,(anonymous_2)
FNDA:0,(anonymous_3)
FNDA:0,(anonymous_4)
DA:8,2
DA:10,2
DA:11,18
DA:19,0
DA:20,1
DA:21,0
DA:22,0
DA:28,2
LF:8
LH:5
BRDA:10,0,0,18
BRDA:15,1,0,14
BRDA:15,1,1,4
BRDA:15,2,0,18
BRDA:15,2,1,14
BRDA:21,3,0,0
BRDA:21,3,1,0
BRDA:22,4,0,0
BRDA:22,4,1,0
BRF:9
BRH:5
end_of_record
TN:
SF:/Users/dheerajagrawal/Work/Womply/react-shared-components/src/lib/components/business-hours-of-operation/daily-business-hours/index.tsx
FN:15,(anonymous_0)
FN:20,(anonymous_1)
FN:28,(anonymous_2)
FN:47,(anonymous_3)
FNF:4
FNH:4
FNDA:96,(anonymous_0)
FNDA:96,(anonymous_1)
FNDA:93,(anonymous_2)
FNDA:4,(anonymous_3)
DA:15,2
DA:17,96
DA:18,96
DA:20,96
DA:21,96
DA:29,93
DA:39,96
DA:47,4
LF:8
LH:8
BRDA:17,0,0,1
BRDA:17,0,1,95
BRDA:18,1,0,0
BRDA:18,1,1,96
BRDA:21,2,0,10
BRDA:21,2,1,86
BRDA:30,3,0,86
BRDA:30,3,1,7
BRDA:30,4,0,93
BRDA:30,4,1,7
BRDA:30,5,0,86
BRDA:30,5,1,29
BRDA:30,6,0,86
BRDA:30,6,1,29
BRDA:47,7,0,1
BRDA:47,7,1,3
BRDA:47,8,0,1
BRDA:47,8,1,1
BRF:18
BRH:17
end_of_record
TN:
SF:/Users/dheerajagrawal/Work/Womply/react-shared-components/src/lib/components/business-hours-of-operation/material-popover/index.tsx
FN:4,(anonymous_0)
FN:7,(anonymous_1)
FN:12,(anonymous_2)
FNF:3
FNH:2
FNDA:18,(anonymous_0)
FNDA:8,(anonymous_1)
FNDA:0,(anonymous_2)
DA:4,2
DA:5,18
DA:7,18
DA:8,8
DA:12,18
DA:14,18
DA:15,18
DA:17,18
LF:8
LH:8
BRDA:15,0,0,5
BRDA:15,0,1,13
BRF:2
BRH:2
end_of_record
TN:
SF:/Users/dheerajagrawal/Work/Womply/react-shared-components/src/lib/components/button/index.tsx
FNF:0
FNH:0
LF:0
LH:0
BRF:0
BRH:0
end_of_record
TN:
SF:/Users/dheerajagrawal/Work/Womply/react-shared-components/src/lib/components/button/ui-elements.tsx
FN:15,(anonymous_0)
FNF:1
FNH:1
FNDA:3,(anonymous_0)
DA:7,3
DA:15,3
DA:22,3
DA:25,3
DA:27,3
LF:5
LH:5
BRDA:17,0,0,3
BRDA:18,1,0,2
BRDA:19,2,0,3
BRDA:25,3,0,1
BRDA:25,3,1,2
BRF:5
BRH:5
end_of_record
TN:
SF:/Users/dheerajagrawal/Work/Womply/react-shared-components/src/lib/components/circular-percentage-progress/ui-elements.tsx
FN:6,(anonymous_0)
FN:27,(anonymous_1)
FN:35,(anonymous_2)
FN:47,(anonymous_3)
FNF:4
FNH:4
FNDA:1,(anonymous_0)
FNDA:2,(anonymous_1)
FNDA:4,(anonymous_2)
FNDA:2,(anonymous_3)
DA:6,1
DA:7,1
DA:22,1
DA:27,1
DA:28,2
DA:29,2
DA:30,2
DA:32,0
DA:35,1
DA:36,4
DA:37,4
DA:39,0
DA:47,1
DA:48,2
DA:50,2
LF:15
LH:13
BRDA:9,0,0,1
BRDA:9,0,1,0
BRDA:28,1,0,2
BRDA:28,1,1,0
BRDA:30,2,0,2
BRDA:30,2,1,2
BRDA:30,2,2,2
BRDA:36,3,0,4
BRDA:36,3,1,0
BRDA:52,4,0,2
BRDA:52,4,1,2
BRF:11
BRH:8
end_of_record
TN:
SF:/Users/dheerajagrawal/Work/Womply/react-shared-components/src/lib/components/confirmation-modal/index.tsx
FNF:0
FNH:0
LF:0
LH:0
BRF:0
BRH:0
end_of_record
TN:
SF:/Users/dheerajagrawal/Work/Womply/react-shared-components/src/lib/components/confirmation-modal/ui-elements.tsx
FN:7,(anonymous_0)
FNF:1
FNH:1
FNDA:1,(anonymous_0)
DA:7,1
DA:17,1
DA:19,1
LF:3
LH:3
BRDA:9,0,0,0
BRDA:10,1,0,0
BRF:2
BRH:0
end_of_record
TN:
SF:/Users/dheerajagrawal/Work/Womply/react-shared-components/src/lib/components/connection-tile/index.tsx
FNF:0
FNH:0
LF:0
LH:0
BRF:0
BRH:0
end_of_record
TN:
SF:/Users/dheerajagrawal/Work/Womply/react-shared-components/src/lib/components/connection-tile/ui-elements.tsx
FN:108,(anonymous_0)
FN:109,(anonymous_1)
FN:124,(anonymous_2)
FNF:3
FNH:2
FNDA:4,(anonymous_0)
FNDA:4,(anonymous_1)
FNDA:0,(anonymous_2)
DA:10,1
DA:38,1
DA:48,1
DA:53,1
DA:61,1
DA:71,1
DA:83,1
DA:88,1
DA:108,1
DA:109,4
DA:110,4
DA:112,1
DA:114,1
DA:116,0
DA:118,2
DA:122,4
DA:124,0
LF:17
LH:15
BRDA:110,0,0,1
BRDA:110,0,1,1
BRDA:110,0,2,0
BRDA:110,0,3,2
BRDA:124,1,0,0
BRDA:124,1,1,0
BRDA:127,2,0,4
BRDA:127,2,1,1
BRDA:131,3,0,4
BRDA:131,3,1,3
BRF:10
BRH:7
end_of_record
TN:
SF:/Users/dheerajagrawal/Work/Womply/react-shared-components/src/lib/components/content-card/index.tsx
FNF:0
FNH:0
LF:0
LH:0
BRF:0
BRH:0
end_of_record
TN:
SF:/Users/dheerajagrawal/Work/Womply/react-shared-components/src/lib/components/content-card/ui-elements.tsx
FN:18,(anonymous_0)
FNF:1
FNH:1
FNDA:2,(anonymous_0)
DA:5,1
DA:10,1
DA:18,1
DA:19,2
LF:4
LH:4
BRDA:20,0,0,2
BRDA:20,0,1,1
BRF:2
BRH:2
end_of_record
TN:
SF:/Users/dheerajagrawal/Work/Womply/react-shared-components/src/lib/components/content-panel/index.tsx
FNF:0
FNH:0
LF:0
LH:0
BRF:0
BRH:0
end_of_record
TN:
SF:/Users/dheerajagrawal/Work/Womply/react-shared-components/src/lib/components/content-panel/ui-elements.tsx
FN:34,(anonymous_0)
FNF:1
FNH:1
FNDA:1,(anonymous_0)
DA:4,1
DA:8,1
DA:29,1
DA:34,1
DA:35,1
LF:5
LH:5
BRF:0
BRH:0
end_of_record
TN:
SF:/Users/dheerajagrawal/Work/Womply/react-shared-components/src/lib/components/dropdown/index.tsx
FN:15,(anonymous_0)
FN:43,(anonymous_1)
FNF:2
FNH:2
FNDA:2,(anonymous_0)
FNDA:2,(anonymous_1)
DA:15,1
DA:21,2
DA:44,2
LF:3
LH:3
BRDA:43,0,0,2
BRDA:43,0,1,1
BRF:2
BRH:2
end_of_record
TN:
SF:/Users/dheerajagrawal/Work/Womply/react-shared-components/src/lib/components/form-error-message/index.tsx
FN:16,(anonymous_0)
FNF:1
FNH:1
FNDA:1,(anonymous_0)
DA:5,1
DA:10,1
DA:16,1
DA:17,1
LF:4
LH:4
BRF:0
BRH:0
end_of_record
TN:
SF:/Users/dheerajagrawal/Work/Womply/react-shared-components/src/lib/components/milestones/interfaces.tsx
FNF:0
FNH:0
LF:0
LH:0
BRF:0
BRH:0
end_of_record
TN:
SF:/Users/dheerajagrawal/Work/Womply/react-shared-components/src/lib/components/milestones/milestones-bubble/index.tsx
FN:16,(anonymous_0)
FN:20,(anonymous_1)
FN:22,(anonymous_2)
FN:41,(anonymous_3)
FN:55,(anonymous_4)
FN:56,(anonymous_5)
FN:66,(anonymous_6)
FNF:7
FNH:5
FNDA:5,(anonymous_0)
FNDA:2,(anonymous_1)
FNDA:1,(anonymous_2)
FNDA:0,(anonymous_3)
FNDA:45,(anonymous_4)
FNDA:0,(anonymous_5)
FNDA:1,(anonymous_6)
DA:16,2
DA:17,5
DA:18,5
DA:19,5
DA:20,5
DA:22,5
DA:23,1
DA:24,0
DA:25,0
DA:28,1
DA:29,1
DA:30,1
DA:36,5
DA:41,0
DA:56,45
DA:66,1
LF:16
LH:13
BRDA:23,0,0,0
BRDA:23,0,1,1
BRDA:24,1,0,0
BRDA:24,1,1,0
BRDA:28,2,0,1
BRDA:28,2,1,0
BRDA:29,3,0,1
BRDA:29,3,1,0
BRF:8
BRH:3
end_of_record
TN:
SF:/Users/dheerajagrawal/Work/Womply/react-shared-components/src/lib/components/milestones/milestones-bubble/ui-elements.tsx
FNF:0
FNH:0
DA:4,2
DA:30,2
DA:51,2
DA:71,2
DA:81,2
DA:90,2
LF:6
LH:6
BRF:0
BRH:0
end_of_record
TN:
SF:/Users/dheerajagrawal/Work/Womply/react-shared-components/src/lib/components/milestones/milestones-main/index.tsx
FN:7,(anonymous_0)
FN:9,(anonymous_1)
FNF:2
FNH:1
FNDA:1,(anonymous_0)
FNDA:0,(anonymous_1)
DA:7,1
DA:8,1
DA:9,0
LF:3
LH:2
BRF:0
BRH:0
end_of_record
TN:
SF:/Users/dheerajagrawal/Work/Womply/react-shared-components/src/lib/components/milestones/milestones-main/milestones.tsx
FNF:0
FNH:0
DA:3,1
LF:1
LH:1
BRF:0
BRH:0
end_of_record
TN:
SF:/Users/dheerajagrawal/Work/Womply/react-shared-components/src/lib/components/milestones/milestones-progress-circle/index.tsx
FN:6,(anonymous_0)
FNF:1
FNH:1
FNDA:2,(anonymous_0)
DA:6,2
DA:7,2
DA:8,2
DA:9,2
DA:11,2
DA:12,0
DA:14,2
DA:17,2
LF:8
LH:7
BRDA:9,0,0,2
BRDA:9,0,1,0
BRDA:11,1,0,0
BRDA:11,1,1,2
BRF:4
BRH:2
end_of_record
TN:
SF:/Users/dheerajagrawal/Work/Womply/react-shared-components/src/lib/components/milestones/milestones-progress-circle/milestones-progress-circle.tsx
FNF:0
FNH:0
DA:4,2
DA:15,2
LF:2
LH:2
BRF:0
BRH:0
end_of_record
TN:
SF:/Users/dheerajagrawal/Work/Womply/react-shared-components/src/lib/components/navigation/side-navigation/index.tsx
FN:168,(anonymous_0)
FN:199,(anonymous_1)
FN:226,(anonymous_2)
FN:250,(anonymous_3)
FN:259,(anonymous_4)
FN:263,(anonymous_5)
FN:281,(anonymous_6)
FNF:7
FNH:0
FNDA:0,(anonymous_0)
FNDA:0,(anonymous_1)
FNDA:0,(anonymous_2)
FNDA:0,(anonymous_3)
FNDA:0,(anonymous_4)
FNDA:0,(anonymous_5)
FNDA:0,(anonymous_6)
DA:19,0
DA:21,0
DA:105,0
DA:168,0
DA:176,0
DA:199,0
DA:206,0
DA:226,0
DA:232,0
DA:250,0
DA:259,0
DA:265,0
DA:267,0
DA:281,0
DA:303,0
LF:15
LH:0
BRDA:230,0,0,0
BRDA:261,1,0,0
BRDA:263,2,0,0
BRF:3
BRH:0
end_of_record
TN:
SF:/Users/dheerajagrawal/Work/Womply/react-shared-components/src/lib/components/overlay/ui-elements.tsx
FN:32,(anonymous_0)
FN:46,(anonymous_1)
FNF:2
FNH:0
FNDA:0,(anonymous_0)
FNDA:0,(anonymous_1)
DA:7,0
DA:32,0
DA:40,0
DA:41,0
DA:43,0
DA:46,0
LF:6
LH:0
BRDA:35,0,0,0
BRDA:36,1,0,0
BRDA:37,2,0,0
BRDA:38,3,0,0
BRDA:45,4,0,0
BRDA:45,4,1,0
BRDA:46,5,0,0
BRDA:46,5,1,0
BRDA:47,6,0,0
BRDA:47,6,1,0
BRF:10
BRH:0
end_of_record
TN:
SF:/Users/dheerajagrawal/Work/Womply/react-shared-components/src/lib/components/page-layout/index.tsx
FN:9,(anonymous_0)
FN:52,(anonymous_1)
FNF:2
FNH:2
FNDA:1,(anonymous_0)
FNDA:1,(anonymous_1)
DA:5,1
DA:6,1
DA:8,1
DA:9,1
DA:22,1
DA:27,1
DA:34,1
DA:39,1
DA:52,1
DA:60,1
DA:61,1
LF:11
LH:11
BRDA:5,0,0,0
BRDA:5,0,1,1
BRDA:6,1,0,1
BRDA:6,1,1,0
BRDA:64,2,0,1
BRDA:64,2,1,1
BRDA:66,3,0,1
BRDA:66,3,1,1
BRDA:67,4,0,1
BRDA:67,4,1,1
BRDA:68,5,0,1
BRDA:68,5,1,1
BRDA:71,6,0,1
BRDA:71,6,1,1
BRF:14
BRH:12
end_of_record
TN:
SF:/Users/dheerajagrawal/Work/Womply/react-shared-components/src/lib/components/pagination/index.tsx
FN:7,(anonymous_0)
FN:66,(anonymous_1)
FN:102,(anonymous_2)
FNF:3
FNH:3
FNDA:1,(anonymous_0)
FNDA:3,(anonymous_1)
FNDA:27,(anonymous_2)
DA:7,1
DA:66,1
DA:77,3
DA:88,3
DA:90,3
DA:103,27
DA:104,1
DA:107,26
DA:108,1
DA:111,25
DA:112,4
DA:115,21
DA:116,3
DA:117,3
DA:120,18
DA:121,3
DA:124,15
LF:17
LH:17
BRDA:68,0,0,0
BRDA:69,1,0,0
BRDA:70,2,0,0
BRDA:71,3,0,0
BRDA:72,4,0,0
BRDA:73,5,0,0
BRDA:74,6,0,0
BRDA:103,7,0,1
BRDA:103,7,1,26
BRDA:107,8,0,1
BRDA:107,8,1,25
BRDA:111,9,0,4
BRDA:111,9,1,21
BRDA:111,10,0,25
BRDA:111,10,1,23
BRDA:115,11,0,3
BRDA:115,11,1,18
BRDA:115,12,0,21
BRDA:115,12,1,18
BRDA:116,13,0,0
BRDA:116,13,1,3
BRDA:120,14,0,3
BRDA:120,14,1,15
BRDA:120,15,0,18
BRDA:120,15,1,15
BRF:25
BRH:17
end_of_record
TN:
SF:/Users/dheerajagrawal/Work/Womply/react-shared-components/src/lib/components/phone-input/index.tsx
FN:13,(anonymous_0)
FN:19,(anonymous_1)
FN:30,(anonymous_2)
FNF:3
FNH:0
FNDA:0,(anonymous_0)
FNDA:0,(anonymous_1)
FNDA:0,(anonymous_2)
DA:11,0
DA:13,0
DA:14,0
DA:16,0
DA:20,0
DA:30,0
DA:40,0
LF:7
LH:0
BRDA:20,0,0,0
BRDA:20,0,1,0
BRDA:32,1,0,0
BRDA:33,2,0,0
BRDA:34,3,0,0
BRDA:35,4,0,0
BRDA:36,5,0,0
BRF:7
BRH:0
end_of_record
TN:
SF:/Users/dheerajagrawal/Work/Womply/react-shared-components/src/lib/components/preview-banner/index.tsx
FN:13,(anonymous_0)
FN:18,(anonymous_1)
FN:21,(anonymous_2)
FN:23,(anonymous_3)
FN:23,(anonymous_4)
FN:24,(anonymous_5)
FN:28,(anonymous_6)
FNF:7
FNH:6
FNDA:3,(anonymous_0)
FNDA:1,(anonymous_1)
FNDA:3,(anonymous_2)
FNDA:3,(anonymous_3)
FNDA:0,(anonymous_4)
FNDA:8,(anonymous_5)
FNDA:1,(anonymous_6)
DA:13,1
DA:21,3
DA:23,3
DA:25,8
DA:27,6
DA:28,2
DA:29,1
DA:30,1
DA:31,1
DA:32,1
DA:33,1
DA:38,0
DA:43,3
LF:13
LH:12
BRDA:15,0,0,0
BRDA:16,1,0,3
BRDA:17,2,0,3
BRDA:18,3,0,3
BRDA:23,4,0,0
BRDA:25,5,0,0
BRDA:25,5,1,6
BRDA:25,5,2,2
BRDA:25,5,3,0
BRDA:27,6,0,6
BRDA:27,6,1,6
BRDA:28,7,0,2
BRDA:28,7,1,2
BRDA:29,8,0,1
BRDA:29,8,1,0
BRDA:45,9,0,3
BRDA:45,9,1,3
BRF:17
BRH:12
end_of_record
TN:
SF:/Users/dheerajagrawal/Work/Womply/react-shared-components/src/lib/components/preview-banner/interfaces.tsx
FNF:0
FNH:0
LF:0
LH:0
BRF:0
BRH:0
end_of_record
TN:
SF:/Users/dheerajagrawal/Work/Womply/react-shared-components/src/lib/components/preview-banner/ui-elements.tsx
FN:8,(anonymous_0)
FN:9,(anonymous_1)
FN:10,(anonymous_2)
FN:11,(anonymous_3)
FNF:4
FNH:4
FNDA:11,(anonymous_0)
FNDA:11,(anonymous_1)
FNDA:11,(anonymous_2)
FNDA:11,(anonymous_3)
DA:7,1
DA:8,11
DA:9,11
DA:10,11
DA:11,11
LF:5
LH:5
BRF:0
BRH:0
end_of_record
TN:
SF:/Users/dheerajagrawal/Work/Womply/react-shared-components/src/lib/components/progress-loader/index.tsx
FN:11,(anonymous_0)
FNF:1
FNH:1
FNDA:1,(anonymous_0)
DA:5,1
DA:11,1
DA:12,1
LF:3
LH:3
BRF:0
BRH:0
end_of_record
TN:
SF:/Users/dheerajagrawal/Work/Womply/react-shared-components/src/lib/components/rating/index.tsx
FN:14,(anonymous_0)
FN:60,(anonymous_1)
FN:78,(anonymous_2)
FNF:3
FNH:3
FNDA:10,(anonymous_0)
FNDA:2,(anonymous_1)
FNDA:10,(anonymous_2)
DA:14,1
DA:22,10
DA:24,10
DA:60,1
DA:70,2
DA:72,2
DA:79,10
DA:81,10
DA:82,8
DA:83,2
DA:84,2
DA:87,10
LF:12
LH:12
BRDA:18,0,0,5
BRDA:19,1,0,5
BRDA:20,2,0,5
BRDA:61,3,0,1
BRDA:64,4,0,0
BRDA:70,5,0,2
BRDA:70,5,1,0
BRDA:76,6,0,1
BRDA:76,6,1,1
BRDA:81,7,0,8
BRDA:81,7,1,2
BRDA:83,8,0,2
BRDA:83,8,1,0
BRDA:89,9,0,2
BRDA:89,9,1,8
BRF:15
BRH:12
end_of_record
TN:
SF:/Users/dheerajagrawal/Work/Womply/react-shared-components/src/lib/components/rating-stars/index.tsx
FNF:0
FNH:0
LF:0
LH:0
BRF:0
BRH:0
end_of_record
TN:
SF:/Users/dheerajagrawal/Work/Womply/react-shared-components/src/lib/components/rating-stars/ui-elements.tsx
FN:16,(anonymous_0)
FN:22,(anonymous_1)
FNF:2
FNH:2
FNDA:1,(anonymous_0)
FNDA:5,(anonymous_1)
DA:6,1
DA:16,1
DA:17,1
DA:18,1
DA:20,1
DA:23,5
LF:6
LH:6
BRDA:23,0,0,4
BRDA:23,0,1,1
BRF:2
BRH:2
end_of_record
TN:
SF:/Users/dheerajagrawal/Work/Womply/react-shared-components/src/lib/components/static-badge/ui-elements.tsx
FN:8,(anonymous_0)
FN:27,(anonymous_1)
FNF:2
FNH:2
FNDA:2,(anonymous_0)
FNDA:2,(anonymous_1)
DA:7,1
DA:8,2
DA:27,1
DA:28,2
DA:30,2
DA:34,2
DA:36,2
LF:7
LH:7
BRDA:11,0,0,1
BRDA:11,0,1,1
BRDA:11,1,0,2
BRDA:11,1,1,2
BRDA:13,2,0,2
BRDA:13,2,1,1
BRDA:14,3,0,1
BRDA:14,3,1,0
BRDA:14,4,0,1
BRDA:14,4,1,1
BRDA:16,5,0,0
BRDA:16,5,1,0
BRDA:30,6,0,1
BRDA:30,6,1,1
BRDA:30,7,0,2
BRDA:30,7,1,2
BRF:16
BRH:13
end_of_record
TN:
SF:/Users/dheerajagrawal/Work/Womply/react-shared-components/src/lib/components/switch/index.tsx
FN:21,(anonymous_0)
FN:22,(anonymous_1)
FN:65,(anonymous_2)
FNF:3
FNH:3
FNDA:4,(anonymous_0)
FNDA:4,(anonymous_1)
FNDA:4,(anonymous_2)
DA:21,1
DA:22,4
DA:23,4
DA:66,4
DA:82,4
LF:5
LH:5
BRDA:36,0,0,2
BRDA:36,0,1,2
BRDA:38,1,0,2
BRDA:38,1,1,2
BRDA:48,2,0,2
BRDA:48,2,1,2
BRDA:57,3,0,2
BRDA:57,3,1,2
BRDA:58,4,0,2
BRDA:58,4,1,2
BRF:10
BRH:10
end_of_record
TN:
SF:/Users/dheerajagrawal/Work/Womply/react-shared-components/src/lib/components/tabs/index.tsx
FNF:0
FNH:0
LF:0
LH:0
BRF:0
BRH:0
end_of_record
TN:
SF:/Users/dheerajagrawal/Work/Womply/react-shared-components/src/lib/components/tabs/ui-elements.tsx
FN:9,(anonymous_0)
FN:38,(anonymous_1)
FN:65,(anonymous_2)
FNF:3
FNH:3
FNDA:1,(anonymous_0)
FNDA:1,(anonymous_1)
FNDA:2,(anonymous_2)
DA:7,1
DA:9,1
DA:38,1
DA:49,1
DA:53,1
DA:66,2
LF:6
LH:6
BRDA:9,0,0,0
BRDA:9,0,1,1
BRDA:39,1,0,1
BRDA:40,2,0,1
BRDA:43,3,0,1
BRDA:44,4,0,1
BRDA:63,5,0,1
BRDA:63,5,1,1
BRDA:63,5,2,1
BRF:9
BRH:8
end_of_record
TN:
SF:/Users/dheerajagrawal/Work/Womply/react-shared-components/src/lib/components/text-input/index.tsx
FN:29,(anonymous_0)
FN:30,(anonymous_1)
FN:31,(anonymous_2)
FN:57,(anonymous_3)
FNF:4
FNH:2
FNDA:2,(anonymous_0)
FNDA:0,(anonymous_1)
FNDA:0,(anonymous_2)
FNDA:3,(anonymous_3)
DA:29,1
DA:30,2
DA:31,2
DA:32,0
DA:33,0
DA:36,2
DA:50,1
DA:57,1
DA:58,3
DA:60,3
DA:66,3
LF:11
LH:9
BRDA:45,0,0,0
BRDA:45,0,1,2
BRDA:57,1,0,0
BRDA:57,2,0,1
BRDA:70,3,0,2
BRDA:70,3,1,1
BRDA:70,4,0,3
BRDA:70,4,1,2
BRDA:74,5,0,3
BRDA:74,5,1,2
BRF:10
BRH:8
end_of_record
TN:
SF:/Users/dheerajagrawal/Work/Womply/react-shared-components/src/lib/components/text-message-preview/index.tsx
FN:91,(anonymous_0)
FN:98,(anonymous_1)
FN:111,(anonymous_2)
FN:112,(anonymous_3)
FN:114,(anonymous_4)
FN:119,(anonymous_5)
FN:121,(anonymous_6)
FN:122,(anonymous_7)
FN:123,(anonymous_8)
FN:124,(anonymous_9)
FN:133,(anonymous_10)
FN:172,(anonymous_11)
FNF:12
FNH:12
FNDA:7,(anonymous_0)
FNDA:7,(anonymous_1)
FNDA:7,(anonymous_2)
FNDA:7,(anonymous_3)
FNDA:7,(anonymous_4)
FNDA:7,(anonymous_5)
FNDA:7,(anonymous_6)
FNDA:7,(anonymous_7)
FNDA:7,(anonymous_8)
FNDA:7,(anonymous_9)
FNDA:5,(anonymous_10)
FNDA:7,(anonymous_11)
DA:26,1
DA:35,1
DA:38,1
DA:44,1
DA:49,1
DA:57,1
DA:64,1
DA:76,1
DA:80,1
DA:87,1
DA:91,7
DA:98,7
DA:111,7
DA:112,7
DA:114,7
DA:120,7
DA:121,7
DA:122,7
DA:123,7
DA:124,7
DA:133,1
DA:143,5
DA:173,7
LF:23
LH:23
BRDA:91,0,0,7
BRDA:91,0,1,7
BRDA:98,1,0,1
BRDA:98,1,1,6
BRDA:111,2,0,1
BRDA:111,2,1,6
BRDA:112,3,0,1
BRDA:112,3,1,6
BRDA:114,4,0,1
BRDA:114,4,1,6
BRDA:120,5,0,7
BRDA:120,5,1,7
BRDA:121,6,0,1
BRDA:121,6,1,6
BRDA:122,7,0,1
BRDA:122,7,1,6
BRDA:123,8,0,1
BRDA:123,8,1,6
BRDA:124,9,0,1
BRDA:124,9,1,6
BRDA:135,10,0,3
BRDA:136,11,0,3
BRDA:137,12,0,5
BRDA:138,13,0,5
BRDA:139,14,0,5
BRDA:146,15,0,5
BRDA:146,15,1,5
BRDA:156,16,0,5
BRDA:156,16,1,5
BRDA:165,17,0,5
BRDA:165,17,1,5
BRDA:171,18,0,5
BRDA:171,18,1,5
BRF:33
BRH:33
end_of_record
TN:
SF:/Users/dheerajagrawal/Work/Womply/react-shared-components/src/lib/components/toast/index.tsx
FN:14,(anonymous_0)
FN:22,(anonymous_1)
FNF:2
FNH:2
FNDA:6,(anonymous_0)
FNDA:2,(anonymous_1)
DA:14,1
DA:22,6
DA:23,2
DA:24,1
DA:27,6
LF:5
LH:5
BRDA:17,0,0,5
BRDA:18,1,0,5
BRDA:19,2,0,5
BRDA:23,3,0,1
BRDA:23,3,1,1
BRDA:30,4,0,1
BRDA:30,4,1,5
BRF:7
BRH:7
end_of_record
TN:
SF:/Users/dheerajagrawal/Work/Womply/react-shared-components/src/lib/components/toggle/index.tsx
FN:87,(anonymous_0)
FN:93,(anonymous_1)
FN:106,(anonymous_2)
FN:107,(anonymous_3)
FN:123,(anonymous_4)
FN:140,(anonymous_5)
FN:142,(anonymous_6)
FN:148,(anonymous_7)
FN:150,(anonymous_8)
FN:162,(anonymous_9)
FN:172,(anonymous_10)
FN:176,(anonymous_11)
FN:194,(anonymous_12)
FN:197,(anonymous_13)
FN:212,(anonymous_14)
FN:217,(anonymous_15)
FN:221,(anonymous_16)
FN:236,(anonymous_17)
FN:245,(anonymous_18)
FNF:19
FNH:19
FNDA:13,(anonymous_0)
FNDA:13,(anonymous_1)
FNDA:8,(anonymous_2)
FNDA:8,(anonymous_3)
FNDA:15,(anonymous_4)
FNDA:19,(anonymous_5)
FNDA:3,(anonymous_6)
FNDA:4,(anonymous_7)
FNDA:1,(anonymous_8)
FNDA:2,(anonymous_9)
FNDA:2,(anonymous_10)
FNDA:3,(anonymous_11)
FNDA:9,(anonymous_12)
FNDA:56,(anonymous_13)
FNDA:1,(anonymous_14)
FNDA:166,(anonymous_15)
FNDA:3,(anonymous_16)
FNDA:3,(anonymous_17)
FNDA:1,(anonymous_18)
DA:21,1
DA:30,1
DA:51,1
DA:71,1
DA:83,1
DA:87,13
DA:93,13
DA:96,1
DA:106,8
DA:107,8
DA:117,1
DA:123,1
DA:132,15
DA:133,15
DA:134,15
DA:135,15
DA:136,15
DA:140,19
DA:142,15
DA:144,3
DA:145,3
DA:148,4
DA:150,1
DA:151,3
DA:156,3
DA:157,3
DA:158,1
DA:162,15
DA:164,2
DA:165,2
DA:172,15
DA:173,2
DA:176,15
DA:177,3
DA:183,2
DA:187,2
DA:189,1
DA:190,1
DA:194,15
DA:195,9
DA:196,3
DA:197,3
DA:198,56
DA:199,53
DA:200,53
DA:203,3
DA:204,3
DA:205,3
DA:209,15
DA:212,1
DA:218,166
DA:221,3
DA:236,3
DA:245,1
LF:54
LH:54
BRDA:106,0,0,4
BRDA:106,0,1,4
BRDA:107,1,0,4
BRDA:107,1,1,4
BRDA:128,2,0,15
BRDA:129,3,0,12
BRDA:137,4,0,15
BRDA:137,4,1,8
BRDA:137,4,2,8
BRDA:137,4,3,6
BRDA:144,5,0,3
BRDA:152,6,0,1
BRDA:152,6,1,2
BRDA:157,7,0,1
BRDA:157,7,1,2
BRDA:164,8,0,2
BRDA:173,9,0,1
BRDA:173,9,1,1
BRDA:177,10,0,2
BRDA:177,10,1,1
BRDA:178,11,0,3
BRDA:178,11,1,3
BRDA:178,11,2,3
BRDA:178,11,3,2
BRDA:195,12,0,3
BRDA:195,12,1,6
BRDA:195,13,0,9
BRDA:195,13,1,9
BRDA:198,14,0,53
BRDA:198,14,1,3
BRDA:209,15,0,13
BRDA:209,15,1,2
BRDA:209,16,0,15
BRDA:209,16,1,15
BRDA:211,17,0,13
BRDA:211,17,1,4
BRDA:234,18,0,7
BRDA:234,18,1,6
BRDA:241,19,0,13
BRDA:241,19,1,4
BRDA:251,20,0,1
BRDA:251,20,1,12
BRF:42
BRH:42
end_of_record
TN:
SF:/Users/dheerajagrawal/Work/Womply/react-shared-components/src/lib/components/verification-code-input/index.tsx
FN:59,(anonymous_0)
FN:115,(anonymous_1)
FN:127,(anonymous_2)
FN:130,(anonymous_3)
FN:134,(anonymous_4)
FN:136,(anonymous_5)
FN:137,(anonymous_6)
FNF:7
FNH:5
FNDA:1,(anonymous_0)
FNDA:1,(anonymous_1)
FNDA:1,(anonymous_2)
FNDA:6,(anonymous_3)
FNDA:1,(anonymous_4)
FNDA:0,(anonymous_5)
FNDA:0,(anonymous_6)
DA:7,1
DA:20,1
DA:33,1
DA:46,1
DA:59,1
DA:60,1
DA:115,1
DA:124,1
DA:125,1
DA:127,1
DA:128,1
DA:129,1
DA:130,6
DA:134,1
DA:135,1
DA:136,0
DA:137,0
DA:138,0
DA:144,1
DA:145,0
DA:146,0
DA:151,1
DA:152,1
DA:154,1
LF:24
LH:19
BRDA:69,0,0,1
BRDA:69,0,1,0
BRDA:78,1,0,1
BRDA:78,1,1,0
BRDA:116,2,0,1
BRDA:117,3,0,1
BRDA:119,4,0,0
BRDA:128,5,0,1
BRDA:128,5,1,0
BRDA:135,6,0,0
BRDA:135,6,1,1
BRDA:135,7,0,1
BRDA:135,7,1,0
BRDA:144,8,0,0
BRDA:144,8,1,1
BRDA:144,9,0,1
BRDA:144,9,1,0
BRDA:151,10,0,0
BRDA:151,10,1,1
BRDA:152,11,0,0
BRDA:152,11,1,1
BRF:21
BRH:11
end_of_record
TN:
SF:/Users/dheerajagrawal/Work/Womply/react-shared-components/src/lib/utils/businesshours.util.tsx
FN:6,(anonymous_0)
FN:6,(anonymous_1)
FN:7,(anonymous_2)
FN:7,(anonymous_3)
FN:10,(anonymous_4)
FN:19,(anonymous_5)
FN:19,(anonymous_6)
FN:19,(anonymous_7)
FN:27,(anonymous_8)
FNF:9
FNH:9
FNDA:4,(anonymous_0)
FNDA:28,(anonymous_1)
FNDA:168,(anonymous_2)
FNDA:24,(anonymous_3)
FNDA:21,(anonymous_4)
FNDA:1,(anonymous_5)
FNDA:7,(anonymous_6)
FNDA:7,(anonymous_7)
FNDA:7,(anonymous_8)
DA:4,1
DA:6,4
DA:7,168
DA:8,24
DA:10,28
DA:12,28
DA:19,7
DA:20,7
DA:21,7
DA:27,7
LF:10
LH:10
BRDA:6,0,0,1
BRDA:7,1,0,28
BRDA:7,1,1,0
BRDA:10,2,0,28
BRDA:10,2,1,21
BRDA:10,3,0,21
BRDA:10,3,1,3
BRDA:14,4,0,28
BRDA:14,4,1,25
BRDA:15,5,0,21
BRDA:15,5,1,7
BRDA:19,6,0,1
BRDA:19,6,1,0
BRDA:20,7,0,7
BRDA:20,7,1,0
BRDA:20,8,0,7
BRDA:20,8,1,0
BRF:17
BRH:13
end_of_record
